07-12-2022 14:14:46.547[background-preinit][ INFO][store-service][session-id=][parentSpanId=][traceId=][spanId=][spanExport=][o.h.validator.internal.util.Version::21::<clinit>] -- HV000001: Hibernate Validator 6.2.0.Final
07-12-2022 14:14:46.748[restartedMain][ INFO][store-service][session-id=][parentSpanId=][traceId=][spanId=][spanExport=][o.s.b.c.config.ConfigDataLoader::255::logTo] -- Fetching config from server at : http://localhost:9196
07-12-2022 14:14:46.750[restartedMain][ INFO][store-service][session-id=][parentSpanId=][traceId=][spanId=][spanExport=][o.s.b.c.config.ConfigDataLoader::255::logTo] -- Located environment: name=store-service, profiles=[development], label=null, version=fe4b25ce327aa44c91a2698fc037450059b92934, state=null
07-12-2022 14:14:46.754[restartedMain][ INFO][store-service][session-id=][parentSpanId=][traceId=][spanId=][spanExport=][o.s.b.d.e.DevToolsPropertyDefaultsPostProcessor::255::logTo] -- Devtools property defaults active! Set 'spring.devtools.add-properties' to 'false' to disable
07-12-2022 14:14:46.755[restartedMain][ INFO][store-service][session-id=][parentSpanId=][traceId=][spanId=][spanExport=][o.s.b.d.e.DevToolsPropertyDefaultsPostProcessor::255::logTo] -- For additional web related logging consider setting the 'logging.level.web' property to 'DEBUG'
07-12-2022 14:14:49.795[restartedMain][ INFO][store-service][session-id=][parentSpanId=][traceId=][spanId=][spanExport=][o.s.cloud.context.scope.GenericScope::283::setSerializationId] -- BeanFactory id=de03c8ef-805e-3ae6-923f-12220fac0050
07-12-2022 14:14:50.756[restartedMain][ INFO][store-service][session-id=][parentSpanId=][traceId=][spanId=][spanExport=][o.s.b.w.e.tomcat.TomcatWebServer::108::initialize] -- Tomcat initialized with port(s): 2222 (http)
07-12-2022 14:14:50.774[restartedMain][ INFO][store-service][session-id=][parentSpanId=][traceId=][spanId=][spanExport=][o.a.coyote.http11.Http11NioProtocol::173::log] -- Initializing ProtocolHandler ["http-nio-2222"]
07-12-2022 14:14:50.775[restartedMain][ INFO][store-service][session-id=][parentSpanId=][traceId=][spanId=][spanExport=][o.a.catalina.core.StandardService::173::log] -- Starting service [Tomcat]
07-12-2022 14:14:50.776[restartedMain][ INFO][store-service][session-id=][parentSpanId=][traceId=][spanId=][spanExport=][o.a.catalina.core.StandardEngine::173::log] -- Starting Servlet engine: [Apache Tomcat/9.0.46]
07-12-2022 14:14:50.949[restartedMain][ INFO][store-service][session-id=][parentSpanId=][traceId=][spanId=][spanExport=][o.a.c.c.C.[.[localhost].[/store]::173::log] -- Initializing Spring embedded WebApplicationContext
07-12-2022 14:14:50.950[restartedMain][ INFO][store-service][session-id=][parentSpanId=][traceId=][spanId=][spanExport=][o.s.b.w.s.c.ServletWebServerApplicationContext::290::prepareWebApplicationContext] -- Root WebApplicationContext: initialization completed in 4194 ms
07-12-2022 14:14:53.374[restartedMain][ WARN][store-service][session-id=][parentSpanId=][traceId=][spanId=][spanExport=][o.s.b.d.a.OptionalLiveReloadServer::61::startServer] -- Unable to start LiveReload server
07-12-2022 14:14:53.407[restartedMain][ INFO][store-service][session-id=][parentSpanId=][traceId=][spanId=][spanExport=][o.s.c.n.e.c.DiscoveryClientOptionalArgsConfiguration::87::discoveryClientOptionalArgs] -- Eureka HTTP Client uses Jersey
07-12-2022 14:14:53.504[restartedMain][ WARN][store-service][session-id=][parentSpanId=][traceId=][spanId=][spanExport=][o.s.c.l.c.LoadBalancerCacheAutoConfiguration$LoadBalancerCaffeineWarnLogger::82::logWarning] -- Spring Cloud LoadBalancer is currently working with the default cache. You can switch to using Caffeine cache, by adding it and org.springframework.cache.caffeine.CaffeineCacheManager to the classpath.
07-12-2022 14:14:53.532[restartedMain][ INFO][store-service][session-id=][parentSpanId=][traceId=][spanId=][spanExport=][o.s.b.a.e.web.EndpointLinksResolver::58::<init>] -- Exposing 16 endpoint(s) beneath base path '/actuator'
07-12-2022 14:14:53.592[restartedMain][ INFO][store-service][session-id=][parentSpanId=][traceId=][spanId=][spanExport=][o.s.c.n.eureka.InstanceInfoFactory::67::create] -- Setting initial instance status as: STARTING
07-12-2022 14:14:53.742[restartedMain][ INFO][store-service][session-id=][parentSpanId=][traceId=][spanId=][spanExport=][c.netflix.discovery.DiscoveryClient::372::<init>] -- Initializing Eureka in region us-east-1
07-12-2022 14:14:54.015[restartedMain][ INFO][store-service][session-id=][parentSpanId=][traceId=][spanId=][spanExport=][c.n.d.p.DiscoveryJerseyProvider::70::<init>] -- Using JSON encoding codec LegacyJacksonJson
07-12-2022 14:14:54.016[restartedMain][ INFO][store-service][session-id=][parentSpanId=][traceId=][spanId=][spanExport=][c.n.d.p.DiscoveryJerseyProvider::71::<init>] -- Using JSON decoding codec LegacyJacksonJson
07-12-2022 14:14:54.241[restartedMain][ INFO][store-service][session-id=][parentSpanId=][traceId=][spanId=][spanExport=][c.n.d.p.DiscoveryJerseyProvider::80::<init>] -- Using XML encoding codec XStreamXml
07-12-2022 14:14:54.242[restartedMain][ INFO][store-service][session-id=][parentSpanId=][traceId=][spanId=][spanExport=][c.n.d.p.DiscoveryJerseyProvider::81::<init>] -- Using XML decoding codec XStreamXml
07-12-2022 14:14:54.537[restartedMain][ INFO][store-service][session-id=][parentSpanId=][traceId=][spanId=][spanExport=][c.n.d.s.r.aws.ConfigClusterResolver::43::getClusterEndpoints] -- Resolving eureka endpoints via configuration
07-12-2022 14:14:54.570[restartedMain][ INFO][store-service][session-id=][parentSpanId=][traceId=][spanId=][spanExport=][c.netflix.discovery.DiscoveryClient::1007::fetchRegistry] -- Disable delta property : false
07-12-2022 14:14:54.570[restartedMain][ INFO][store-service][session-id=][parentSpanId=][traceId=][spanId=][spanExport=][c.netflix.discovery.DiscoveryClient::1008::fetchRegistry] -- Single vip registry refresh property : null
07-12-2022 14:14:54.571[restartedMain][ INFO][store-service][session-id=][parentSpanId=][traceId=][spanId=][spanExport=][c.netflix.discovery.DiscoveryClient::1009::fetchRegistry] -- Force full registry fetch : false
07-12-2022 14:14:54.572[restartedMain][ INFO][store-service][session-id=][parentSpanId=][traceId=][spanId=][spanExport=][c.netflix.discovery.DiscoveryClient::1010::fetchRegistry] -- Application is null : false
07-12-2022 14:14:54.573[restartedMain][ INFO][store-service][session-id=][parentSpanId=][traceId=][spanId=][spanExport=][c.netflix.discovery.DiscoveryClient::1011::fetchRegistry] -- Registered Applications size is zero : true
07-12-2022 14:14:54.573[restartedMain][ INFO][store-service][session-id=][parentSpanId=][traceId=][spanId=][spanExport=][c.netflix.discovery.DiscoveryClient::1013::fetchRegistry] -- Application version is -1: true
07-12-2022 14:14:54.574[restartedMain][ INFO][store-service][session-id=][parentSpanId=][traceId=][spanId=][spanExport=][c.netflix.discovery.DiscoveryClient::1097::getAndStoreFullRegistry] -- Getting all instance registry info from the eureka server
07-12-2022 14:14:54.762[restartedMain][ INFO][store-service][session-id=][parentSpanId=][traceId=][spanId=][spanExport=][c.netflix.discovery.DiscoveryClient::1106::getAndStoreFullRegistry] -- The response status is 200
07-12-2022 14:14:54.767[restartedMain][ INFO][store-service][session-id=][parentSpanId=][traceId=][spanId=][spanExport=][c.netflix.discovery.DiscoveryClient::1321::initScheduledTasks] -- Starting heartbeat executor: renew interval is: 30
07-12-2022 14:14:54.771[restartedMain][ INFO][store-service][session-id=][parentSpanId=][traceId=][spanId=][spanExport=][c.n.discovery.InstanceInfoReplicator::60::<init>] -- InstanceInfoReplicator onDemand update allowed rate per min is 4
07-12-2022 14:14:54.778[restartedMain][ INFO][store-service][session-id=][parentSpanId=][traceId=][spanId=][spanExport=][c.netflix.discovery.DiscoveryClient::492::<init>] -- Discovery Client initialized at timestamp 1670451294776 with initial instances count: 3
07-12-2022 14:14:54.781[restartedMain][ INFO][store-service][session-id=][parentSpanId=][traceId=][spanId=][spanExport=][o.s.c.n.e.s.EurekaServiceRegistry::41::register] -- Registering application STORE-SERVICE with eureka with status UP
07-12-2022 14:14:54.781[restartedMain][ INFO][store-service][session-id=][parentSpanId=][traceId=][spanId=][spanExport=][c.netflix.discovery.DiscoveryClient::1352::notify] -- Saw local status change event StatusChangeEvent [timestamp=1670451294781, current=UP, previous=STARTING]
07-12-2022 14:14:54.784[DiscoveryClient-InstanceInfoReplicator-0][ INFO][store-service][session-id=][parentSpanId=][traceId=][spanId=][spanExport=][c.netflix.discovery.DiscoveryClient::873::register] -- DiscoveryClient_STORE-SERVICE/192.168.0.234:store-service:2222: registering service...
07-12-2022 14:14:54.787[restartedMain][ INFO][store-service][session-id=][parentSpanId=][traceId=][spanId=][spanExport=][o.a.coyote.http11.Http11NioProtocol::173::log] -- Starting ProtocolHandler ["http-nio-2222"]
07-12-2022 14:14:54.826[restartedMain][ INFO][store-service][session-id=][parentSpanId=][traceId=][spanId=][spanExport=][o.s.b.w.e.tomcat.TomcatWebServer::220::start] -- Tomcat started on port(s): 2222 (http) with context path '/store'
07-12-2022 14:14:54.828[restartedMain][ INFO][store-service][session-id=][parentSpanId=][traceId=][spanId=][spanExport=][o.s.c.n.e.s.EurekaAutoServiceRegistration::144::onApplicationEvent] -- Updating port to 2222
07-12-2022 14:14:54.831[DiscoveryClient-InstanceInfoReplicator-0][ INFO][store-service][session-id=][parentSpanId=][traceId=][spanId=][spanExport=][c.netflix.discovery.DiscoveryClient::882::register] -- DiscoveryClient_STORE-SERVICE/192.168.0.234:store-service:2222 - registration status: 204
07-12-2022 14:19:54.637[AsyncResolver-bootstrap-executor-0][ INFO][store-service][session-id=][parentSpanId=][traceId=][spanId=][spanExport=][c.n.d.s.r.aws.ConfigClusterResolver::43::getClusterEndpoints] -- Resolving eureka endpoints via configuration
07-12-2022 14:24:54.719[AsyncResolver-bootstrap-executor-0][ INFO][store-service][session-id=][parentSpanId=][traceId=][spanId=][spanExport=][c.n.d.s.r.aws.ConfigClusterResolver::43::getClusterEndpoints] -- Resolving eureka endpoints via configuration
07-12-2022 14:29:54.730[AsyncResolver-bootstrap-executor-0][ INFO][store-service][session-id=][parentSpanId=][traceId=][spanId=][spanExport=][c.n.d.s.r.aws.ConfigClusterResolver::43::getClusterEndpoints] -- Resolving eureka endpoints via configuration
07-12-2022 14:34:54.750[AsyncResolver-bootstrap-executor-0][ INFO][store-service][session-id=][parentSpanId=][traceId=][spanId=][spanExport=][c.n.d.s.r.aws.ConfigClusterResolver::43::getClusterEndpoints] -- Resolving eureka endpoints via configuration
07-12-2022 14:39:54.788[AsyncResolver-bootstrap-executor-0][ INFO][store-service][session-id=][parentSpanId=][traceId=][spanId=][spanExport=][c.n.d.s.r.aws.ConfigClusterResolver::43::getClusterEndpoints] -- Resolving eureka endpoints via configuration
07-12-2022 14:44:54.798[AsyncResolver-bootstrap-executor-0][ INFO][store-service][session-id=][parentSpanId=][traceId=][spanId=][spanExport=][c.n.d.s.r.aws.ConfigClusterResolver::43::getClusterEndpoints] -- Resolving eureka endpoints via configuration
07-12-2022 14:49:54.805[AsyncResolver-bootstrap-executor-0][ INFO][store-service][session-id=][parentSpanId=][traceId=][spanId=][spanExport=][c.n.d.s.r.aws.ConfigClusterResolver::43::getClusterEndpoints] -- Resolving eureka endpoints via configuration
07-12-2022 15:04:08.594[AsyncResolver-bootstrap-executor-0][ INFO][store-service][session-id=][parentSpanId=][traceId=][spanId=][spanExport=][c.n.d.s.r.aws.ConfigClusterResolver::43::getClusterEndpoints] -- Resolving eureka endpoints via configuration
07-12-2022 15:09:08.613[AsyncResolver-bootstrap-executor-0][ INFO][store-service][session-id=][parentSpanId=][traceId=][spanId=][spanExport=][c.n.d.s.r.aws.ConfigClusterResolver::43::getClusterEndpoints] -- Resolving eureka endpoints via configuration
07-12-2022 15:14:08.634[AsyncResolver-bootstrap-executor-0][ INFO][store-service][session-id=][parentSpanId=][traceId=][spanId=][spanExport=][c.n.d.s.r.aws.ConfigClusterResolver::43::getClusterEndpoints] -- Resolving eureka endpoints via configuration
07-12-2022 15:19:08.648[AsyncResolver-bootstrap-executor-0][ INFO][store-service][session-id=][parentSpanId=][traceId=][spanId=][spanExport=][c.n.d.s.r.aws.ConfigClusterResolver::43::getClusterEndpoints] -- Resolving eureka endpoints via configuration
07-12-2022 15:24:08.663[AsyncResolver-bootstrap-executor-0][ INFO][store-service][session-id=][parentSpanId=][traceId=][spanId=][spanExport=][c.n.d.s.r.aws.ConfigClusterResolver::43::getClusterEndpoints] -- Resolving eureka endpoints via configuration
07-12-2022 15:29:08.681[AsyncResolver-bootstrap-executor-0][ INFO][store-service][session-id=][parentSpanId=][traceId=][spanId=][spanExport=][c.n.d.s.r.aws.ConfigClusterResolver::43::getClusterEndpoints] -- Resolving eureka endpoints via configuration
07-12-2022 15:34:08.699[AsyncResolver-bootstrap-executor-0][ INFO][store-service][session-id=][parentSpanId=][traceId=][spanId=][spanExport=][c.n.d.s.r.aws.ConfigClusterResolver::43::getClusterEndpoints] -- Resolving eureka endpoints via configuration
07-12-2022 15:39:08.693[AsyncResolver-bootstrap-executor-0][ INFO][store-service][session-id=][parentSpanId=][traceId=][spanId=][spanExport=][c.n.d.s.r.aws.ConfigClusterResolver::43::getClusterEndpoints] -- Resolving eureka endpoints via configuration
07-12-2022 15:44:08.711[AsyncResolver-bootstrap-executor-0][ INFO][store-service][session-id=][parentSpanId=][traceId=][spanId=][spanExport=][c.n.d.s.r.aws.ConfigClusterResolver::43::getClusterEndpoints] -- Resolving eureka endpoints via configuration
07-12-2022 15:49:08.727[AsyncResolver-bootstrap-executor-0][ INFO][store-service][session-id=][parentSpanId=][traceId=][spanId=][spanExport=][c.n.d.s.r.aws.ConfigClusterResolver::43::getClusterEndpoints] -- Resolving eureka endpoints via configuration
07-12-2022 15:54:08.739[AsyncResolver-bootstrap-executor-0][ INFO][store-service][session-id=][parentSpanId=][traceId=][spanId=][spanExport=][c.n.d.s.r.aws.ConfigClusterResolver::43::getClusterEndpoints] -- Resolving eureka endpoints via configuration
07-12-2022 15:59:08.725[AsyncResolver-bootstrap-executor-0][ INFO][store-service][session-id=][parentSpanId=][traceId=][spanId=][spanExport=][c.n.d.s.r.aws.ConfigClusterResolver::43::getClusterEndpoints] -- Resolving eureka endpoints via configuration
07-12-2022 16:04:08.733[AsyncResolver-bootstrap-executor-0][ INFO][store-service][session-id=][parentSpanId=][traceId=][spanId=][spanExport=][c.n.d.s.r.aws.ConfigClusterResolver::43::getClusterEndpoints] -- Resolving eureka endpoints via configuration
07-12-2022 16:09:08.746[AsyncResolver-bootstrap-executor-0][ INFO][store-service][session-id=][parentSpanId=][traceId=][spanId=][spanExport=][c.n.d.s.r.aws.ConfigClusterResolver::43::getClusterEndpoints] -- Resolving eureka endpoints via configuration
07-12-2022 16:14:08.767[AsyncResolver-bootstrap-executor-0][ INFO][store-service][session-id=][parentSpanId=][traceId=][spanId=][spanExport=][c.n.d.s.r.aws.ConfigClusterResolver::43::getClusterEndpoints] -- Resolving eureka endpoints via configuration
07-12-2022 16:19:08.776[AsyncResolver-bootstrap-executor-0][ INFO][store-service][session-id=][parentSpanId=][traceId=][spanId=][spanExport=][c.n.d.s.r.aws.ConfigClusterResolver::43::getClusterEndpoints] -- Resolving eureka endpoints via configuration
07-12-2022 16:24:08.784[AsyncResolver-bootstrap-executor-0][ INFO][store-service][session-id=][parentSpanId=][traceId=][spanId=][spanExport=][c.n.d.s.r.aws.ConfigClusterResolver::43::getClusterEndpoints] -- Resolving eureka endpoints via configuration
07-12-2022 16:27:41.388[DiscoveryClient-CacheRefreshExecutor-0][ INFO][store-service][session-id=][parentSpanId=][traceId=][spanId=][spanExport=][c.n.d.s.t.d.RedirectingEurekaHttpClient::93::execute] -- Request execution error. endpoint=DefaultEndpoint{ serviceUrl='http://localhost:8761/eureka/} exception=java.net.ConnectException: Connection refused (Connection refused) stacktrace=com.sun.jersey.api.client.ClientHandlerException: java.net.ConnectException: Connection refused (Connection refused)
	at com.sun.jersey.client.apache4.ApacheHttpClient4Handler.handle(ApacheHttpClient4Handler.java:187)
	at com.sun.jersey.api.client.filter.GZIPContentEncodingFilter.handle(GZIPContentEncodingFilter.java:123)
	at com.netflix.discovery.EurekaIdentityHeaderFilter.handle(EurekaIdentityHeaderFilter.java:27)
	at com.sun.jersey.api.client.Client.handle(Client.java:652)
	at com.sun.jersey.api.client.WebResource.handle(WebResource.java:682)
	at com.sun.jersey.api.client.WebResource.access$200(WebResource.java:74)
	at com.sun.jersey.api.client.WebResource$Builder.get(WebResource.java:509)
	at com.netflix.discovery.shared.transport.jersey.AbstractJerseyEurekaHttpClient.getApplicationsInternal(AbstractJerseyEurekaHttpClient.java:196)
	at com.netflix.discovery.shared.transport.jersey.AbstractJerseyEurekaHttpClient.getDelta(AbstractJerseyEurekaHttpClient.java:172)
	at com.netflix.discovery.shared.transport.decorator.EurekaHttpClientDecorator$7.execute(EurekaHttpClientDecorator.java:152)
	at com.netflix.discovery.shared.transport.decorator.MetricsCollectingEurekaHttpClient.execute(MetricsCollectingEurekaHttpClient.java:73)
	at com.netflix.discovery.shared.transport.decorator.EurekaHttpClientDecorator.getDelta(EurekaHttpClientDecorator.java:149)
	at com.netflix.discovery.shared.transport.decorator.EurekaHttpClientDecorator$7.execute(EurekaHttpClientDecorator.java:152)
	at com.netflix.discovery.shared.transport.decorator.RedirectingEurekaHttpClient.execute(RedirectingEurekaHttpClient.java:91)
	at com.netflix.discovery.shared.transport.decorator.EurekaHttpClientDecorator.getDelta(EurekaHttpClientDecorator.java:149)
	at com.netflix.discovery.shared.transport.decorator.EurekaHttpClientDecorator$7.execute(EurekaHttpClientDecorator.java:152)
	at com.netflix.discovery.shared.transport.decorator.RetryableEurekaHttpClient.execute(RetryableEurekaHttpClient.java:120)
	at com.netflix.discovery.shared.transport.decorator.EurekaHttpClientDecorator.getDelta(EurekaHttpClientDecorator.java:149)
	at com.netflix.discovery.shared.transport.decorator.EurekaHttpClientDecorator$7.execute(EurekaHttpClientDecorator.java:152)
	at com.netflix.discovery.shared.transport.decorator.SessionedEurekaHttpClient.execute(SessionedEurekaHttpClient.java:77)
	at com.netflix.discovery.shared.transport.decorator.EurekaHttpClientDecorator.getDelta(EurekaHttpClientDecorator.java:149)
	at com.netflix.discovery.DiscoveryClient.getAndUpdateDelta(DiscoveryClient.java:1135)
	at com.netflix.discovery.DiscoveryClient.fetchRegistry(DiscoveryClient.java:1016)
	at com.netflix.discovery.DiscoveryClient.refreshRegistry(DiscoveryClient.java:1531)
	at com.netflix.discovery.DiscoveryClient$CacheRefreshThread.run(DiscoveryClient.java:1498)
	at java.base/java.util.concurrent.Executors$RunnableAdapter.call(Executors.java:515)
	at java.base/java.util.concurrent.FutureTask.run(FutureTask.java:264)
	at java.base/java.util.concurrent.ThreadPoolExecutor.runWorker(ThreadPoolExecutor.java:1128)
	at java.base/java.util.concurrent.ThreadPoolExecutor$Worker.run(ThreadPoolExecutor.java:628)
	at java.base/java.lang.Thread.run(Thread.java:834)
Caused by: java.net.ConnectException: Connection refused (Connection refused)
	at java.base/java.net.PlainSocketImpl.socketConnect(Native Method)
	at java.base/java.net.AbstractPlainSocketImpl.doConnect(AbstractPlainSocketImpl.java:399)
	at java.base/java.net.AbstractPlainSocketImpl.connectToAddress(AbstractPlainSocketImpl.java:242)
	at java.base/java.net.AbstractPlainSocketImpl.connect(AbstractPlainSocketImpl.java:224)
	at java.base/java.net.SocksSocketImpl.connect(SocksSocketImpl.java:403)
	at java.base/java.net.Socket.connect(Socket.java:591)
	at org.apache.http.conn.scheme.PlainSocketFactory.connectSocket(PlainSocketFactory.java:121)
	at org.apache.http.impl.conn.DefaultClientConnectionOperator.openConnection(DefaultClientConnectionOperator.java:180)
	at org.apache.http.impl.conn.AbstractPoolEntry.open(AbstractPoolEntry.java:144)
	at org.apache.http.impl.conn.AbstractPooledConnAdapter.open(AbstractPooledConnAdapter.java:134)
	at org.apache.http.impl.client.DefaultRequestDirector.tryConnect(DefaultRequestDirector.java:605)
	at org.apache.http.impl.client.DefaultRequestDirector.execute(DefaultRequestDirector.java:440)
	at org.apache.http.impl.client.AbstractHttpClient.doExecute(AbstractHttpClient.java:835)
	at org.apache.http.impl.client.CloseableHttpClient.execute(CloseableHttpClient.java:118)
	at org.apache.http.impl.client.CloseableHttpClient.execute(CloseableHttpClient.java:56)
	at com.sun.jersey.client.apache4.ApacheHttpClient4Handler.handle(ApacheHttpClient4Handler.java:173)
	... 29 more

07-12-2022 16:27:41.397[DiscoveryClient-CacheRefreshExecutor-0][ WARN][store-service][session-id=][parentSpanId=][traceId=][spanId=][spanExport=][c.n.d.s.t.d.RetryableEurekaHttpClient::130::execute] -- Request execution failed with message: java.net.ConnectException: Connection refused (Connection refused)
07-12-2022 16:27:41.402[DiscoveryClient-CacheRefreshExecutor-0][ INFO][store-service][session-id=][parentSpanId=][traceId=][spanId=][spanExport=][c.n.d.s.t.d.RedirectingEurekaHttpClient::84::execute] -- Request execution error. endpoint=DefaultEndpoint{ serviceUrl='http://localhost:8761/eureka/}, exception=java.net.ConnectException: Connection refused (Connection refused) stacktrace=com.sun.jersey.api.client.ClientHandlerException: java.net.ConnectException: Connection refused (Connection refused)
	at com.sun.jersey.client.apache4.ApacheHttpClient4Handler.handle(ApacheHttpClient4Handler.java:187)
	at com.sun.jersey.api.client.filter.GZIPContentEncodingFilter.handle(GZIPContentEncodingFilter.java:123)
	at com.netflix.discovery.EurekaIdentityHeaderFilter.handle(EurekaIdentityHeaderFilter.java:27)
	at com.sun.jersey.api.client.Client.handle(Client.java:652)
	at com.sun.jersey.api.client.WebResource.handle(WebResource.java:682)
	at com.sun.jersey.api.client.WebResource.access$200(WebResource.java:74)
	at com.sun.jersey.api.client.WebResource$Builder.get(WebResource.java:509)
	at com.netflix.discovery.shared.transport.jersey.AbstractJerseyEurekaHttpClient.getApplicationsInternal(AbstractJerseyEurekaHttpClient.java:196)
	at com.netflix.discovery.shared.transport.jersey.AbstractJerseyEurekaHttpClient.getDelta(AbstractJerseyEurekaHttpClient.java:172)
	at com.netflix.discovery.shared.transport.decorator.EurekaHttpClientDecorator$7.execute(EurekaHttpClientDecorator.java:152)
	at com.netflix.discovery.shared.transport.decorator.MetricsCollectingEurekaHttpClient.execute(MetricsCollectingEurekaHttpClient.java:73)
	at com.netflix.discovery.shared.transport.decorator.EurekaHttpClientDecorator.getDelta(EurekaHttpClientDecorator.java:149)
	at com.netflix.discovery.shared.transport.decorator.EurekaHttpClientDecorator$7.execute(EurekaHttpClientDecorator.java:152)
	at com.netflix.discovery.shared.transport.decorator.RedirectingEurekaHttpClient.executeOnNewServer(RedirectingEurekaHttpClient.java:121)
	at com.netflix.discovery.shared.transport.decorator.RedirectingEurekaHttpClient.execute(RedirectingEurekaHttpClient.java:80)
	at com.netflix.discovery.shared.transport.decorator.EurekaHttpClientDecorator.getDelta(EurekaHttpClientDecorator.java:149)
	at com.netflix.discovery.shared.transport.decorator.EurekaHttpClientDecorator$7.execute(EurekaHttpClientDecorator.java:152)
	at com.netflix.discovery.shared.transport.decorator.RetryableEurekaHttpClient.execute(RetryableEurekaHttpClient.java:120)
	at com.netflix.discovery.shared.transport.decorator.EurekaHttpClientDecorator.getDelta(EurekaHttpClientDecorator.java:149)
	at com.netflix.discovery.shared.transport.decorator.EurekaHttpClientDecorator$7.execute(EurekaHttpClientDecorator.java:152)
	at com.netflix.discovery.shared.transport.decorator.SessionedEurekaHttpClient.execute(SessionedEurekaHttpClient.java:77)
	at com.netflix.discovery.shared.transport.decorator.EurekaHttpClientDecorator.getDelta(EurekaHttpClientDecorator.java:149)
	at com.netflix.discovery.DiscoveryClient.getAndUpdateDelta(DiscoveryClient.java:1135)
	at com.netflix.discovery.DiscoveryClient.fetchRegistry(DiscoveryClient.java:1016)
	at com.netflix.discovery.DiscoveryClient.refreshRegistry(DiscoveryClient.java:1531)
	at com.netflix.discovery.DiscoveryClient$CacheRefreshThread.run(DiscoveryClient.java:1498)
	at java.base/java.util.concurrent.Executors$RunnableAdapter.call(Executors.java:515)
	at java.base/java.util.concurrent.FutureTask.run(FutureTask.java:264)
	at java.base/java.util.concurrent.ThreadPoolExecutor.runWorker(ThreadPoolExecutor.java:1128)
	at java.base/java.util.concurrent.ThreadPoolExecutor$Worker.run(ThreadPoolExecutor.java:628)
	at java.base/java.lang.Thread.run(Thread.java:834)
Caused by: java.net.ConnectException: Connection refused (Connection refused)
	at java.base/java.net.PlainSocketImpl.socketConnect(Native Method)
	at java.base/java.net.AbstractPlainSocketImpl.doConnect(AbstractPlainSocketImpl.java:399)
	at java.base/java.net.AbstractPlainSocketImpl.connectToAddress(AbstractPlainSocketImpl.java:242)
	at java.base/java.net.AbstractPlainSocketImpl.connect(AbstractPlainSocketImpl.java:224)
	at java.base/java.net.SocksSocketImpl.connect(SocksSocketImpl.java:403)
	at java.base/java.net.Socket.connect(Socket.java:591)
	at org.apache.http.conn.scheme.PlainSocketFactory.connectSocket(PlainSocketFactory.java:121)
	at org.apache.http.impl.conn.DefaultClientConnectionOperator.openConnection(DefaultClientConnectionOperator.java:180)
	at org.apache.http.impl.conn.AbstractPoolEntry.open(AbstractPoolEntry.java:144)
	at org.apache.http.impl.conn.AbstractPooledConnAdapter.open(AbstractPooledConnAdapter.java:134)
	at org.apache.http.impl.client.DefaultRequestDirector.tryConnect(DefaultRequestDirector.java:605)
	at org.apache.http.impl.client.DefaultRequestDirector.execute(DefaultRequestDirector.java:440)
	at org.apache.http.impl.client.AbstractHttpClient.doExecute(AbstractHttpClient.java:835)
	at org.apache.http.impl.client.CloseableHttpClient.execute(CloseableHttpClient.java:118)
	at org.apache.http.impl.client.CloseableHttpClient.execute(CloseableHttpClient.java:56)
	at com.sun.jersey.client.apache4.ApacheHttpClient4Handler.handle(ApacheHttpClient4Handler.java:173)
	... 30 more

07-12-2022 16:27:41.404[DiscoveryClient-CacheRefreshExecutor-0][ WARN][store-service][session-id=][parentSpanId=][traceId=][spanId=][spanExport=][c.n.d.s.t.d.RetryableEurekaHttpClient::130::execute] -- Request execution failed with message: java.net.ConnectException: Connection refused (Connection refused)
07-12-2022 16:27:41.406[DiscoveryClient-CacheRefreshExecutor-0][ INFO][store-service][session-id=][parentSpanId=][traceId=][spanId=][spanExport=][c.netflix.discovery.DiscoveryClient::1021::fetchRegistry] -- DiscoveryClient_STORE-SERVICE/192.168.0.234:store-service:2222 - was unable to refresh its cache! This periodic background refresh will be retried in 30 seconds. status = Cannot execute request on any known server stacktrace = com.netflix.discovery.shared.transport.TransportException: Cannot execute request on any known server
	at com.netflix.discovery.shared.transport.decorator.RetryableEurekaHttpClient.execute(RetryableEurekaHttpClient.java:112)
	at com.netflix.discovery.shared.transport.decorator.EurekaHttpClientDecorator.getDelta(EurekaHttpClientDecorator.java:149)
	at com.netflix.discovery.shared.transport.decorator.EurekaHttpClientDecorator$7.execute(EurekaHttpClientDecorator.java:152)
	at com.netflix.discovery.shared.transport.decorator.SessionedEurekaHttpClient.execute(SessionedEurekaHttpClient.java:77)
	at com.netflix.discovery.shared.transport.decorator.EurekaHttpClientDecorator.getDelta(EurekaHttpClientDecorator.java:149)
	at com.netflix.discovery.DiscoveryClient.getAndUpdateDelta(DiscoveryClient.java:1135)
	at com.netflix.discovery.DiscoveryClient.fetchRegistry(DiscoveryClient.java:1016)
	at com.netflix.discovery.DiscoveryClient.refreshRegistry(DiscoveryClient.java:1531)
	at com.netflix.discovery.DiscoveryClient$CacheRefreshThread.run(DiscoveryClient.java:1498)
	at java.base/java.util.concurrent.Executors$RunnableAdapter.call(Executors.java:515)
	at java.base/java.util.concurrent.FutureTask.run(FutureTask.java:264)
	at java.base/java.util.concurrent.ThreadPoolExecutor.runWorker(ThreadPoolExecutor.java:1128)
	at java.base/java.util.concurrent.ThreadPoolExecutor$Worker.run(ThreadPoolExecutor.java:628)
	at java.base/java.lang.Thread.run(Thread.java:834)

07-12-2022 16:27:41.416[DiscoveryClient-HeartbeatExecutor-0][ INFO][store-service][session-id=][parentSpanId=][traceId=][spanId=][spanExport=][c.n.d.s.t.d.RedirectingEurekaHttpClient::93::execute] -- Request execution error. endpoint=DefaultEndpoint{ serviceUrl='http://localhost:8761/eureka/} exception=java.net.ConnectException: Connection refused (Connection refused) stacktrace=com.sun.jersey.api.client.ClientHandlerException: java.net.ConnectException: Connection refused (Connection refused)
	at com.sun.jersey.client.apache4.ApacheHttpClient4Handler.handle(ApacheHttpClient4Handler.java:187)
	at com.sun.jersey.api.client.filter.GZIPContentEncodingFilter.handle(GZIPContentEncodingFilter.java:123)
	at com.netflix.discovery.EurekaIdentityHeaderFilter.handle(EurekaIdentityHeaderFilter.java:27)
	at com.sun.jersey.api.client.Client.handle(Client.java:652)
	at com.sun.jersey.api.client.WebResource.handle(WebResource.java:682)
	at com.sun.jersey.api.client.WebResource.access$200(WebResource.java:74)
	at com.sun.jersey.api.client.WebResource$Builder.put(WebResource.java:529)
	at com.netflix.discovery.shared.transport.jersey.AbstractJerseyEurekaHttpClient.sendHeartBeat(AbstractJerseyEurekaHttpClient.java:103)
	at com.netflix.discovery.shared.transport.decorator.EurekaHttpClientDecorator$3.execute(EurekaHttpClientDecorator.java:92)
	at com.netflix.discovery.shared.transport.decorator.MetricsCollectingEurekaHttpClient.execute(MetricsCollectingEurekaHttpClient.java:73)
	at com.netflix.discovery.shared.transport.decorator.EurekaHttpClientDecorator.sendHeartBeat(EurekaHttpClientDecorator.java:89)
	at com.netflix.discovery.shared.transport.decorator.EurekaHttpClientDecorator$3.execute(EurekaHttpClientDecorator.java:92)
	at com.netflix.discovery.shared.transport.decorator.RedirectingEurekaHttpClient.execute(RedirectingEurekaHttpClient.java:91)
	at com.netflix.discovery.shared.transport.decorator.EurekaHttpClientDecorator.sendHeartBeat(EurekaHttpClientDecorator.java:89)
	at com.netflix.discovery.shared.transport.decorator.EurekaHttpClientDecorator$3.execute(EurekaHttpClientDecorator.java:92)
	at com.netflix.discovery.shared.transport.decorator.RetryableEurekaHttpClient.execute(RetryableEurekaHttpClient.java:120)
	at com.netflix.discovery.shared.transport.decorator.EurekaHttpClientDecorator.sendHeartBeat(EurekaHttpClientDecorator.java:89)
	at com.netflix.discovery.shared.transport.decorator.EurekaHttpClientDecorator$3.execute(EurekaHttpClientDecorator.java:92)
	at com.netflix.discovery.shared.transport.decorator.SessionedEurekaHttpClient.execute(SessionedEurekaHttpClient.java:77)
	at com.netflix.discovery.shared.transport.decorator.EurekaHttpClientDecorator.sendHeartBeat(EurekaHttpClientDecorator.java:89)
	at com.netflix.discovery.DiscoveryClient.renew(DiscoveryClient.java:893)
	at com.netflix.discovery.DiscoveryClient$HeartbeatThread.run(DiscoveryClient.java:1457)
	at java.base/java.util.concurrent.Executors$RunnableAdapter.call(Executors.java:515)
	at java.base/java.util.concurrent.FutureTask.run(FutureTask.java:264)
	at java.base/java.util.concurrent.ThreadPoolExecutor.runWorker(ThreadPoolExecutor.java:1128)
	at java.base/java.util.concurrent.ThreadPoolExecutor$Worker.run(ThreadPoolExecutor.java:628)
	at java.base/java.lang.Thread.run(Thread.java:834)
Caused by: java.net.ConnectException: Connection refused (Connection refused)
	at java.base/java.net.PlainSocketImpl.socketConnect(Native Method)
	at java.base/java.net.AbstractPlainSocketImpl.doConnect(AbstractPlainSocketImpl.java:399)
	at java.base/java.net.AbstractPlainSocketImpl.connectToAddress(AbstractPlainSocketImpl.java:242)
	at java.base/java.net.AbstractPlainSocketImpl.connect(AbstractPlainSocketImpl.java:224)
	at java.base/java.net.SocksSocketImpl.connect(SocksSocketImpl.java:403)
	at java.base/java.net.Socket.connect(Socket.java:591)
	at org.apache.http.conn.scheme.PlainSocketFactory.connectSocket(PlainSocketFactory.java:121)
	at org.apache.http.impl.conn.DefaultClientConnectionOperator.openConnection(DefaultClientConnectionOperator.java:180)
	at org.apache.http.impl.conn.AbstractPoolEntry.open(AbstractPoolEntry.java:144)
	at org.apache.http.impl.conn.AbstractPooledConnAdapter.open(AbstractPooledConnAdapter.java:134)
	at org.apache.http.impl.client.DefaultRequestDirector.tryConnect(DefaultRequestDirector.java:605)
	at org.apache.http.impl.client.DefaultRequestDirector.execute(DefaultRequestDirector.java:440)
	at org.apache.http.impl.client.AbstractHttpClient.doExecute(AbstractHttpClient.java:835)
	at org.apache.http.impl.client.CloseableHttpClient.execute(CloseableHttpClient.java:118)
	at org.apache.http.impl.client.CloseableHttpClient.execute(CloseableHttpClient.java:56)
	at com.sun.jersey.client.apache4.ApacheHttpClient4Handler.handle(ApacheHttpClient4Handler.java:173)
	... 26 more

07-12-2022 16:27:41.417[DiscoveryClient-HeartbeatExecutor-0][ WARN][store-service][session-id=][parentSpanId=][traceId=][spanId=][spanExport=][c.n.d.s.t.d.RetryableEurekaHttpClient::130::execute] -- Request execution failed with message: java.net.ConnectException: Connection refused (Connection refused)
07-12-2022 16:27:41.422[DiscoveryClient-HeartbeatExecutor-0][ INFO][store-service][session-id=][parentSpanId=][traceId=][spanId=][spanExport=][c.n.d.s.t.d.RedirectingEurekaHttpClient::84::execute] -- Request execution error. endpoint=DefaultEndpoint{ serviceUrl='http://localhost:8761/eureka/}, exception=java.net.ConnectException: Connection refused (Connection refused) stacktrace=com.sun.jersey.api.client.ClientHandlerException: java.net.ConnectException: Connection refused (Connection refused)
	at com.sun.jersey.client.apache4.ApacheHttpClient4Handler.handle(ApacheHttpClient4Handler.java:187)
	at com.sun.jersey.api.client.filter.GZIPContentEncodingFilter.handle(GZIPContentEncodingFilter.java:123)
	at com.netflix.discovery.EurekaIdentityHeaderFilter.handle(EurekaIdentityHeaderFilter.java:27)
	at com.sun.jersey.api.client.Client.handle(Client.java:652)
	at com.sun.jersey.api.client.WebResource.handle(WebResource.java:682)
	at com.sun.jersey.api.client.WebResource.access$200(WebResource.java:74)
	at com.sun.jersey.api.client.WebResource$Builder.put(WebResource.java:529)
	at com.netflix.discovery.shared.transport.jersey.AbstractJerseyEurekaHttpClient.sendHeartBeat(AbstractJerseyEurekaHttpClient.java:103)
	at com.netflix.discovery.shared.transport.decorator.EurekaHttpClientDecorator$3.execute(EurekaHttpClientDecorator.java:92)
	at com.netflix.discovery.shared.transport.decorator.MetricsCollectingEurekaHttpClient.execute(MetricsCollectingEurekaHttpClient.java:73)
	at com.netflix.discovery.shared.transport.decorator.EurekaHttpClientDecorator.sendHeartBeat(EurekaHttpClientDecorator.java:89)
	at com.netflix.discovery.shared.transport.decorator.EurekaHttpClientDecorator$3.execute(EurekaHttpClientDecorator.java:92)
	at com.netflix.discovery.shared.transport.decorator.RedirectingEurekaHttpClient.executeOnNewServer(RedirectingEurekaHttpClient.java:121)
	at com.netflix.discovery.shared.transport.decorator.RedirectingEurekaHttpClient.execute(RedirectingEurekaHttpClient.java:80)
	at com.netflix.discovery.shared.transport.decorator.EurekaHttpClientDecorator.sendHeartBeat(EurekaHttpClientDecorator.java:89)
	at com.netflix.discovery.shared.transport.decorator.EurekaHttpClientDecorator$3.execute(EurekaHttpClientDecorator.java:92)
	at com.netflix.discovery.shared.transport.decorator.RetryableEurekaHttpClient.execute(RetryableEurekaHttpClient.java:120)
	at com.netflix.discovery.shared.transport.decorator.EurekaHttpClientDecorator.sendHeartBeat(EurekaHttpClientDecorator.java:89)
	at com.netflix.discovery.shared.transport.decorator.EurekaHttpClientDecorator$3.execute(EurekaHttpClientDecorator.java:92)
	at com.netflix.discovery.shared.transport.decorator.SessionedEurekaHttpClient.execute(SessionedEurekaHttpClient.java:77)
	at com.netflix.discovery.shared.transport.decorator.EurekaHttpClientDecorator.sendHeartBeat(EurekaHttpClientDecorator.java:89)
	at com.netflix.discovery.DiscoveryClient.renew(DiscoveryClient.java:893)
	at com.netflix.discovery.DiscoveryClient$HeartbeatThread.run(DiscoveryClient.java:1457)
	at java.base/java.util.concurrent.Executors$RunnableAdapter.call(Executors.java:515)
	at java.base/java.util.concurrent.FutureTask.run(FutureTask.java:264)
	at java.base/java.util.concurrent.ThreadPoolExecutor.runWorker(ThreadPoolExecutor.java:1128)
	at java.base/java.util.concurrent.ThreadPoolExecutor$Worker.run(ThreadPoolExecutor.java:628)
	at java.base/java.lang.Thread.run(Thread.java:834)
Caused by: java.net.ConnectException: Connection refused (Connection refused)
	at java.base/java.net.PlainSocketImpl.socketConnect(Native Method)
	at java.base/java.net.AbstractPlainSocketImpl.doConnect(AbstractPlainSocketImpl.java:399)
	at java.base/java.net.AbstractPlainSocketImpl.connectToAddress(AbstractPlainSocketImpl.java:242)
	at java.base/java.net.AbstractPlainSocketImpl.connect(AbstractPlainSocketImpl.java:224)
	at java.base/java.net.SocksSocketImpl.connect(SocksSocketImpl.java:403)
	at java.base/java.net.Socket.connect(Socket.java:591)
	at org.apache.http.conn.scheme.PlainSocketFactory.connectSocket(PlainSocketFactory.java:121)
	at org.apache.http.impl.conn.DefaultClientConnectionOperator.openConnection(DefaultClientConnectionOperator.java:180)
	at org.apache.http.impl.conn.AbstractPoolEntry.open(AbstractPoolEntry.java:144)
	at org.apache.http.impl.conn.AbstractPooledConnAdapter.open(AbstractPooledConnAdapter.java:134)
	at org.apache.http.impl.client.DefaultRequestDirector.tryConnect(DefaultRequestDirector.java:605)
	at org.apache.http.impl.client.DefaultRequestDirector.execute(DefaultRequestDirector.java:440)
	at org.apache.http.impl.client.AbstractHttpClient.doExecute(AbstractHttpClient.java:835)
	at org.apache.http.impl.client.CloseableHttpClient.execute(CloseableHttpClient.java:118)
	at org.apache.http.impl.client.CloseableHttpClient.execute(CloseableHttpClient.java:56)
	at com.sun.jersey.client.apache4.ApacheHttpClient4Handler.handle(ApacheHttpClient4Handler.java:173)
	... 27 more

07-12-2022 16:27:41.422[DiscoveryClient-HeartbeatExecutor-0][ WARN][store-service][session-id=][parentSpanId=][traceId=][spanId=][spanExport=][c.n.d.s.t.d.RetryableEurekaHttpClient::130::execute] -- Request execution failed with message: java.net.ConnectException: Connection refused (Connection refused)
07-12-2022 16:27:41.443[DiscoveryClient-HeartbeatExecutor-0][ERROR][store-service][session-id=][parentSpanId=][traceId=][spanId=][spanExport=][c.netflix.discovery.DiscoveryClient::907::renew] -- DiscoveryClient_STORE-SERVICE/192.168.0.234:store-service:2222 - was unable to send heartbeat!
com.netflix.discovery.shared.transport.TransportException: Cannot execute request on any known server
	at com.netflix.discovery.shared.transport.decorator.RetryableEurekaHttpClient.execute(RetryableEurekaHttpClient.java:112)
	at com.netflix.discovery.shared.transport.decorator.EurekaHttpClientDecorator.sendHeartBeat(EurekaHttpClientDecorator.java:89)
	at com.netflix.discovery.shared.transport.decorator.EurekaHttpClientDecorator$3.execute(EurekaHttpClientDecorator.java:92)
	at com.netflix.discovery.shared.transport.decorator.SessionedEurekaHttpClient.execute(SessionedEurekaHttpClient.java:77)
	at com.netflix.discovery.shared.transport.decorator.EurekaHttpClientDecorator.sendHeartBeat(EurekaHttpClientDecorator.java:89)
	at com.netflix.discovery.DiscoveryClient.renew(DiscoveryClient.java:893)
	at com.netflix.discovery.DiscoveryClient$HeartbeatThread.run(DiscoveryClient.java:1457)
	at java.base/java.util.concurrent.Executors$RunnableAdapter.call(Executors.java:515)
	at java.base/java.util.concurrent.FutureTask.run(FutureTask.java:264)
	at java.base/java.util.concurrent.ThreadPoolExecutor.runWorker(ThreadPoolExecutor.java:1128)
	at java.base/java.util.concurrent.ThreadPoolExecutor$Worker.run(ThreadPoolExecutor.java:628)
	at java.base/java.lang.Thread.run(Thread.java:834)
07-12-2022 16:27:59.601[SpringApplicationShutdownHook][ INFO][store-service][session-id=][parentSpanId=][traceId=][spanId=][spanExport=][o.s.c.n.e.s.EurekaServiceRegistry::62::deregister] -- Unregistering application STORE-SERVICE with eureka with status DOWN
07-12-2022 16:27:59.607[SpringApplicationShutdownHook][ INFO][store-service][session-id=][parentSpanId=][traceId=][spanId=][spanExport=][c.netflix.discovery.DiscoveryClient::1352::notify] -- Saw local status change event StatusChangeEvent [timestamp=1670459279607, current=DOWN, previous=UP]
07-12-2022 16:27:59.616[DiscoveryClient-InstanceInfoReplicator-0][ INFO][store-service][session-id=][parentSpanId=][traceId=][spanId=][spanExport=][c.netflix.discovery.DiscoveryClient::873::register] -- DiscoveryClient_STORE-SERVICE/192.168.0.234:store-service:2222: registering service...
07-12-2022 16:27:59.624[DiscoveryClient-InstanceInfoReplicator-0][ INFO][store-service][session-id=][parentSpanId=][traceId=][spanId=][spanExport=][c.n.d.s.t.d.RedirectingEurekaHttpClient::84::execute] -- Request execution error. endpoint=DefaultEndpoint{ serviceUrl='http://localhost:8761/eureka/}, exception=java.net.ConnectException: Connection refused (Connection refused) stacktrace=com.sun.jersey.api.client.ClientHandlerException: java.net.ConnectException: Connection refused (Connection refused)
	at com.sun.jersey.client.apache4.ApacheHttpClient4Handler.handle(ApacheHttpClient4Handler.java:187)
	at com.sun.jersey.api.client.filter.GZIPContentEncodingFilter.handle(GZIPContentEncodingFilter.java:123)
	at com.netflix.discovery.EurekaIdentityHeaderFilter.handle(EurekaIdentityHeaderFilter.java:27)
	at com.sun.jersey.api.client.Client.handle(Client.java:652)
	at com.sun.jersey.api.client.WebResource.handle(WebResource.java:682)
	at com.sun.jersey.api.client.WebResource.access$200(WebResource.java:74)
	at com.sun.jersey.api.client.WebResource$Builder.post(WebResource.java:570)
	at com.netflix.discovery.shared.transport.jersey.AbstractJerseyEurekaHttpClient.register(AbstractJerseyEurekaHttpClient.java:57)
	at com.netflix.discovery.shared.transport.decorator.EurekaHttpClientDecorator$1.execute(EurekaHttpClientDecorator.java:59)
	at com.netflix.discovery.shared.transport.decorator.MetricsCollectingEurekaHttpClient.execute(MetricsCollectingEurekaHttpClient.java:73)
	at com.netflix.discovery.shared.transport.decorator.EurekaHttpClientDecorator.register(EurekaHttpClientDecorator.java:56)
	at com.netflix.discovery.shared.transport.decorator.EurekaHttpClientDecorator$1.execute(EurekaHttpClientDecorator.java:59)
	at com.netflix.discovery.shared.transport.decorator.RedirectingEurekaHttpClient.executeOnNewServer(RedirectingEurekaHttpClient.java:121)
	at com.netflix.discovery.shared.transport.decorator.RedirectingEurekaHttpClient.execute(RedirectingEurekaHttpClient.java:80)
	at com.netflix.discovery.shared.transport.decorator.EurekaHttpClientDecorator.register(EurekaHttpClientDecorator.java:56)
	at com.netflix.discovery.shared.transport.decorator.EurekaHttpClientDecorator$1.execute(EurekaHttpClientDecorator.java:59)
	at com.netflix.discovery.shared.transport.decorator.RetryableEurekaHttpClient.execute(RetryableEurekaHttpClient.java:120)
	at com.netflix.discovery.shared.transport.decorator.EurekaHttpClientDecorator.register(EurekaHttpClientDecorator.java:56)
	at com.netflix.discovery.shared.transport.decorator.EurekaHttpClientDecorator$1.execute(EurekaHttpClientDecorator.java:59)
	at com.netflix.discovery.shared.transport.decorator.SessionedEurekaHttpClient.execute(SessionedEurekaHttpClient.java:77)
	at com.netflix.discovery.shared.transport.decorator.EurekaHttpClientDecorator.register(EurekaHttpClientDecorator.java:56)
	at com.netflix.discovery.DiscoveryClient.register(DiscoveryClient.java:876)
	at com.netflix.discovery.InstanceInfoReplicator.run(InstanceInfoReplicator.java:121)
	at com.netflix.discovery.InstanceInfoReplicator$1.run(InstanceInfoReplicator.java:101)
	at java.base/java.util.concurrent.Executors$RunnableAdapter.call(Executors.java:515)
	at java.base/java.util.concurrent.FutureTask.run(FutureTask.java:264)
	at java.base/java.util.concurrent.ScheduledThreadPoolExecutor$ScheduledFutureTask.run(ScheduledThreadPoolExecutor.java:304)
	at java.base/java.util.concurrent.ThreadPoolExecutor.runWorker(ThreadPoolExecutor.java:1128)
	at java.base/java.util.concurrent.ThreadPoolExecutor$Worker.run(ThreadPoolExecutor.java:628)
	at java.base/java.lang.Thread.run(Thread.java:834)
Caused by: java.net.ConnectException: Connection refused (Connection refused)
	at java.base/java.net.PlainSocketImpl.socketConnect(Native Method)
	at java.base/java.net.AbstractPlainSocketImpl.doConnect(AbstractPlainSocketImpl.java:399)
	at java.base/java.net.AbstractPlainSocketImpl.connectToAddress(AbstractPlainSocketImpl.java:242)
	at java.base/java.net.AbstractPlainSocketImpl.connect(AbstractPlainSocketImpl.java:224)
	at java.base/java.net.SocksSocketImpl.connect(SocksSocketImpl.java:403)
	at java.base/java.net.Socket.connect(Socket.java:591)
	at org.apache.http.conn.scheme.PlainSocketFactory.connectSocket(PlainSocketFactory.java:121)
	at org.apache.http.impl.conn.DefaultClientConnectionOperator.openConnection(DefaultClientConnectionOperator.java:180)
	at org.apache.http.impl.conn.AbstractPoolEntry.open(AbstractPoolEntry.java:144)
	at org.apache.http.impl.conn.AbstractPooledConnAdapter.open(AbstractPooledConnAdapter.java:134)
	at org.apache.http.impl.client.DefaultRequestDirector.tryConnect(DefaultRequestDirector.java:605)
	at org.apache.http.impl.client.DefaultRequestDirector.execute(DefaultRequestDirector.java:440)
	at org.apache.http.impl.client.AbstractHttpClient.doExecute(AbstractHttpClient.java:835)
	at org.apache.http.impl.client.CloseableHttpClient.execute(CloseableHttpClient.java:118)
	at org.apache.http.impl.client.CloseableHttpClient.execute(CloseableHttpClient.java:56)
	at com.sun.jersey.client.apache4.ApacheHttpClient4Handler.handle(ApacheHttpClient4Handler.java:173)
	... 29 more

07-12-2022 16:27:59.627[DiscoveryClient-InstanceInfoReplicator-0][ WARN][store-service][session-id=][parentSpanId=][traceId=][spanId=][spanExport=][c.n.d.s.t.d.RetryableEurekaHttpClient::130::execute] -- Request execution failed with message: java.net.ConnectException: Connection refused (Connection refused)
07-12-2022 16:27:59.629[DiscoveryClient-InstanceInfoReplicator-0][ WARN][store-service][session-id=][parentSpanId=][traceId=][spanId=][spanExport=][c.netflix.discovery.DiscoveryClient::878::register] -- DiscoveryClient_STORE-SERVICE/192.168.0.234:store-service:2222 - registration failed Cannot execute request on any known server
com.netflix.discovery.shared.transport.TransportException: Cannot execute request on any known server
	at com.netflix.discovery.shared.transport.decorator.RetryableEurekaHttpClient.execute(RetryableEurekaHttpClient.java:112)
	at com.netflix.discovery.shared.transport.decorator.EurekaHttpClientDecorator.register(EurekaHttpClientDecorator.java:56)
	at com.netflix.discovery.shared.transport.decorator.EurekaHttpClientDecorator$1.execute(EurekaHttpClientDecorator.java:59)
	at com.netflix.discovery.shared.transport.decorator.SessionedEurekaHttpClient.execute(SessionedEurekaHttpClient.java:77)
	at com.netflix.discovery.shared.transport.decorator.EurekaHttpClientDecorator.register(EurekaHttpClientDecorator.java:56)
	at com.netflix.discovery.DiscoveryClient.register(DiscoveryClient.java:876)
	at com.netflix.discovery.InstanceInfoReplicator.run(InstanceInfoReplicator.java:121)
	at com.netflix.discovery.InstanceInfoReplicator$1.run(InstanceInfoReplicator.java:101)
	at java.base/java.util.concurrent.Executors$RunnableAdapter.call(Executors.java:515)
	at java.base/java.util.concurrent.FutureTask.run(FutureTask.java:264)
	at java.base/java.util.concurrent.ScheduledThreadPoolExecutor$ScheduledFutureTask.run(ScheduledThreadPoolExecutor.java:304)
	at java.base/java.util.concurrent.ThreadPoolExecutor.runWorker(ThreadPoolExecutor.java:1128)
	at java.base/java.util.concurrent.ThreadPoolExecutor$Worker.run(ThreadPoolExecutor.java:628)
	at java.base/java.lang.Thread.run(Thread.java:834)
07-12-2022 16:27:59.629[DiscoveryClient-InstanceInfoReplicator-0][ WARN][store-service][session-id=][parentSpanId=][traceId=][spanId=][spanExport=][c.n.discovery.InstanceInfoReplicator::125::run] -- There was a problem with the instance info replicator
com.netflix.discovery.shared.transport.TransportException: Cannot execute request on any known server
	at com.netflix.discovery.shared.transport.decorator.RetryableEurekaHttpClient.execute(RetryableEurekaHttpClient.java:112)
	at com.netflix.discovery.shared.transport.decorator.EurekaHttpClientDecorator.register(EurekaHttpClientDecorator.java:56)
	at com.netflix.discovery.shared.transport.decorator.EurekaHttpClientDecorator$1.execute(EurekaHttpClientDecorator.java:59)
	at com.netflix.discovery.shared.transport.decorator.SessionedEurekaHttpClient.execute(SessionedEurekaHttpClient.java:77)
	at com.netflix.discovery.shared.transport.decorator.EurekaHttpClientDecorator.register(EurekaHttpClientDecorator.java:56)
	at com.netflix.discovery.DiscoveryClient.register(DiscoveryClient.java:876)
	at com.netflix.discovery.InstanceInfoReplicator.run(InstanceInfoReplicator.java:121)
	at com.netflix.discovery.InstanceInfoReplicator$1.run(InstanceInfoReplicator.java:101)
	at java.base/java.util.concurrent.Executors$RunnableAdapter.call(Executors.java:515)
	at java.base/java.util.concurrent.FutureTask.run(FutureTask.java:264)
	at java.base/java.util.concurrent.ScheduledThreadPoolExecutor$ScheduledFutureTask.run(ScheduledThreadPoolExecutor.java:304)
	at java.base/java.util.concurrent.ThreadPoolExecutor.runWorker(ThreadPoolExecutor.java:1128)
	at java.base/java.util.concurrent.ThreadPoolExecutor$Worker.run(ThreadPoolExecutor.java:628)
	at java.base/java.lang.Thread.run(Thread.java:834)
07-12-2022 16:28:00.076[SpringApplicationShutdownHook][ INFO][store-service][session-id=][parentSpanId=][traceId=][spanId=][spanExport=][c.netflix.discovery.DiscoveryClient::935::shutdown] -- Shutting down DiscoveryClient ...
07-12-2022 16:28:03.088[SpringApplicationShutdownHook][ INFO][store-service][session-id=][parentSpanId=][traceId=][spanId=][spanExport=][c.netflix.discovery.DiscoveryClient::971::unregister] -- Unregistering ...
07-12-2022 16:28:03.095[SpringApplicationShutdownHook][ INFO][store-service][session-id=][parentSpanId=][traceId=][spanId=][spanExport=][c.n.d.s.t.d.RedirectingEurekaHttpClient::84::execute] -- Request execution error. endpoint=DefaultEndpoint{ serviceUrl='http://localhost:8761/eureka/}, exception=java.net.ConnectException: Connection refused (Connection refused) stacktrace=com.sun.jersey.api.client.ClientHandlerException: java.net.ConnectException: Connection refused (Connection refused)
	at com.sun.jersey.client.apache4.ApacheHttpClient4Handler.handle(ApacheHttpClient4Handler.java:187)
	at com.sun.jersey.api.client.filter.GZIPContentEncodingFilter.handle(GZIPContentEncodingFilter.java:123)
	at com.netflix.discovery.EurekaIdentityHeaderFilter.handle(EurekaIdentityHeaderFilter.java:27)
	at com.sun.jersey.api.client.Client.handle(Client.java:652)
	at com.sun.jersey.api.client.WebResource.handle(WebResource.java:682)
	at com.sun.jersey.api.client.WebResource.access$200(WebResource.java:74)
	at com.sun.jersey.api.client.WebResource$Builder.delete(WebResource.java:591)
	at com.netflix.discovery.shared.transport.jersey.AbstractJerseyEurekaHttpClient.cancel(AbstractJerseyEurekaHttpClient.java:77)
	at com.netflix.discovery.shared.transport.decorator.EurekaHttpClientDecorator$2.execute(EurekaHttpClientDecorator.java:74)
	at com.netflix.discovery.shared.transport.decorator.MetricsCollectingEurekaHttpClient.execute(MetricsCollectingEurekaHttpClient.java:73)
	at com.netflix.discovery.shared.transport.decorator.EurekaHttpClientDecorator.cancel(EurekaHttpClientDecorator.java:71)
	at com.netflix.discovery.shared.transport.decorator.EurekaHttpClientDecorator$2.execute(EurekaHttpClientDecorator.java:74)
	at com.netflix.discovery.shared.transport.decorator.RedirectingEurekaHttpClient.executeOnNewServer(RedirectingEurekaHttpClient.java:121)
	at com.netflix.discovery.shared.transport.decorator.RedirectingEurekaHttpClient.execute(RedirectingEurekaHttpClient.java:80)
	at com.netflix.discovery.shared.transport.decorator.EurekaHttpClientDecorator.cancel(EurekaHttpClientDecorator.java:71)
	at com.netflix.discovery.shared.transport.decorator.EurekaHttpClientDecorator$2.execute(EurekaHttpClientDecorator.java:74)
	at com.netflix.discovery.shared.transport.decorator.RetryableEurekaHttpClient.execute(RetryableEurekaHttpClient.java:120)
	at com.netflix.discovery.shared.transport.decorator.EurekaHttpClientDecorator.cancel(EurekaHttpClientDecorator.java:71)
	at com.netflix.discovery.shared.transport.decorator.EurekaHttpClientDecorator$2.execute(EurekaHttpClientDecorator.java:74)
	at com.netflix.discovery.shared.transport.decorator.SessionedEurekaHttpClient.execute(SessionedEurekaHttpClient.java:77)
	at com.netflix.discovery.shared.transport.decorator.EurekaHttpClientDecorator.cancel(EurekaHttpClientDecorator.java:71)
	at com.netflix.discovery.DiscoveryClient.unregister(DiscoveryClient.java:972)
	at com.netflix.discovery.DiscoveryClient.shutdown(DiscoveryClient.java:948)
	at java.base/jdk.internal.reflect.NativeMethodAccessorImpl.invoke0(Native Method)
	at java.base/jdk.internal.reflect.NativeMethodAccessorImpl.invoke(NativeMethodAccessorImpl.java:62)
	at java.base/jdk.internal.reflect.DelegatingMethodAccessorImpl.invoke(DelegatingMethodAccessorImpl.java:43)
	at java.base/java.lang.reflect.Method.invoke(Method.java:566)
	at org.springframework.beans.factory.annotation.InitDestroyAnnotationBeanPostProcessor$LifecycleElement.invoke(InitDestroyAnnotationBeanPostProcessor.java:389)
	at org.springframework.beans.factory.annotation.InitDestroyAnnotationBeanPostProcessor$LifecycleMetadata.invokeDestroyMethods(InitDestroyAnnotationBeanPostProcessor.java:347)
	at org.springframework.beans.factory.annotation.InitDestroyAnnotationBeanPostProcessor.postProcessBeforeDestruction(InitDestroyAnnotationBeanPostProcessor.java:177)
	at org.springframework.beans.factory.support.DisposableBeanAdapter.destroy(DisposableBeanAdapter.java:184)
	at org.springframework.beans.factory.support.DisposableBeanAdapter.run(DisposableBeanAdapter.java:177)
	at org.springframework.cloud.context.scope.GenericScope$BeanLifecycleWrapper.destroy(GenericScope.java:390)
	at org.springframework.cloud.context.scope.GenericScope.destroy(GenericScope.java:136)
	at org.springframework.beans.factory.support.DisposableBeanAdapter.destroy(DisposableBeanAdapter.java:200)
	at org.springframework.beans.factory.support.DefaultSingletonBeanRegistry.destroyBean(DefaultSingletonBeanRegistry.java:587)
	at org.springframework.beans.factory.support.DefaultSingletonBeanRegistry.destroySingleton(DefaultSingletonBeanRegistry.java:559)
	at org.springframework.beans.factory.support.DefaultListableBeanFactory.destroySingleton(DefaultListableBeanFactory.java:1152)
	at org.springframework.beans.factory.support.DefaultSingletonBeanRegistry.destroySingletons(DefaultSingletonBeanRegistry.java:520)
	at org.springframework.beans.factory.support.DefaultListableBeanFactory.destroySingletons(DefaultListableBeanFactory.java:1145)
	at org.springframework.context.support.AbstractApplicationContext.destroyBeans(AbstractApplicationContext.java:1106)
	at org.springframework.context.support.AbstractApplicationContext.doClose(AbstractApplicationContext.java:1075)
	at org.springframework.boot.web.servlet.context.ServletWebServerApplicationContext.doClose(ServletWebServerApplicationContext.java:172)
	at org.springframework.context.support.AbstractApplicationContext.close(AbstractApplicationContext.java:1021)
	at org.springframework.boot.SpringApplicationShutdownHook.closeAndWait(SpringApplicationShutdownHook.java:128)
	at java.base/java.lang.Iterable.forEach(Iterable.java:75)
	at org.springframework.boot.SpringApplicationShutdownHook.run(SpringApplicationShutdownHook.java:100)
	at java.base/java.lang.Thread.run(Thread.java:834)
Caused by: java.net.ConnectException: Connection refused (Connection refused)
	at java.base/java.net.PlainSocketImpl.socketConnect(Native Method)
	at java.base/java.net.AbstractPlainSocketImpl.doConnect(AbstractPlainSocketImpl.java:399)
	at java.base/java.net.AbstractPlainSocketImpl.connectToAddress(AbstractPlainSocketImpl.java:242)
	at java.base/java.net.AbstractPlainSocketImpl.connect(AbstractPlainSocketImpl.java:224)
	at java.base/java.net.SocksSocketImpl.connect(SocksSocketImpl.java:403)
	at java.base/java.net.Socket.connect(Socket.java:591)
	at org.apache.http.conn.scheme.PlainSocketFactory.connectSocket(PlainSocketFactory.java:121)
	at org.apache.http.impl.conn.DefaultClientConnectionOperator.openConnection(DefaultClientConnectionOperator.java:180)
	at org.apache.http.impl.conn.AbstractPoolEntry.open(AbstractPoolEntry.java:144)
	at org.apache.http.impl.conn.AbstractPooledConnAdapter.open(AbstractPooledConnAdapter.java:134)
	at org.apache.http.impl.client.DefaultRequestDirector.tryConnect(DefaultRequestDirector.java:605)
	at org.apache.http.impl.client.DefaultRequestDirector.execute(DefaultRequestDirector.java:440)
	at org.apache.http.impl.client.AbstractHttpClient.doExecute(AbstractHttpClient.java:835)
	at org.apache.http.impl.client.CloseableHttpClient.execute(CloseableHttpClient.java:118)
	at org.apache.http.impl.client.CloseableHttpClient.execute(CloseableHttpClient.java:56)
	at com.sun.jersey.client.apache4.ApacheHttpClient4Handler.handle(ApacheHttpClient4Handler.java:173)
	... 47 more

07-12-2022 16:28:03.097[SpringApplicationShutdownHook][ WARN][store-service][session-id=][parentSpanId=][traceId=][spanId=][spanExport=][c.n.d.s.t.d.RetryableEurekaHttpClient::130::execute] -- Request execution failed with message: java.net.ConnectException: Connection refused (Connection refused)
07-12-2022 16:28:03.097[SpringApplicationShutdownHook][ERROR][store-service][session-id=][parentSpanId=][traceId=][spanId=][spanExport=][c.netflix.discovery.DiscoveryClient::975::unregister] -- DiscoveryClient_STORE-SERVICE/192.168.0.234:store-service:2222 - de-registration failedCannot execute request on any known server
com.netflix.discovery.shared.transport.TransportException: Cannot execute request on any known server
	at com.netflix.discovery.shared.transport.decorator.RetryableEurekaHttpClient.execute(RetryableEurekaHttpClient.java:112)
	at com.netflix.discovery.shared.transport.decorator.EurekaHttpClientDecorator.cancel(EurekaHttpClientDecorator.java:71)
	at com.netflix.discovery.shared.transport.decorator.EurekaHttpClientDecorator$2.execute(EurekaHttpClientDecorator.java:74)
	at com.netflix.discovery.shared.transport.decorator.SessionedEurekaHttpClient.execute(SessionedEurekaHttpClient.java:77)
	at com.netflix.discovery.shared.transport.decorator.EurekaHttpClientDecorator.cancel(EurekaHttpClientDecorator.java:71)
	at com.netflix.discovery.DiscoveryClient.unregister(DiscoveryClient.java:972)
	at com.netflix.discovery.DiscoveryClient.shutdown(DiscoveryClient.java:948)
	at java.base/jdk.internal.reflect.NativeMethodAccessorImpl.invoke0(Native Method)
	at java.base/jdk.internal.reflect.NativeMethodAccessorImpl.invoke(NativeMethodAccessorImpl.java:62)
	at java.base/jdk.internal.reflect.DelegatingMethodAccessorImpl.invoke(DelegatingMethodAccessorImpl.java:43)
	at java.base/java.lang.reflect.Method.invoke(Method.java:566)
	at org.springframework.beans.factory.annotation.InitDestroyAnnotationBeanPostProcessor$LifecycleElement.invoke(InitDestroyAnnotationBeanPostProcessor.java:389)
	at org.springframework.beans.factory.annotation.InitDestroyAnnotationBeanPostProcessor$LifecycleMetadata.invokeDestroyMethods(InitDestroyAnnotationBeanPostProcessor.java:347)
	at org.springframework.beans.factory.annotation.InitDestroyAnnotationBeanPostProcessor.postProcessBeforeDestruction(InitDestroyAnnotationBeanPostProcessor.java:177)
	at org.springframework.beans.factory.support.DisposableBeanAdapter.destroy(DisposableBeanAdapter.java:184)
	at org.springframework.beans.factory.support.DisposableBeanAdapter.run(DisposableBeanAdapter.java:177)
	at org.springframework.cloud.context.scope.GenericScope$BeanLifecycleWrapper.destroy(GenericScope.java:390)
	at org.springframework.cloud.context.scope.GenericScope.destroy(GenericScope.java:136)
	at org.springframework.beans.factory.support.DisposableBeanAdapter.destroy(DisposableBeanAdapter.java:200)
	at org.springframework.beans.factory.support.DefaultSingletonBeanRegistry.destroyBean(DefaultSingletonBeanRegistry.java:587)
	at org.springframework.beans.factory.support.DefaultSingletonBeanRegistry.destroySingleton(DefaultSingletonBeanRegistry.java:559)
	at org.springframework.beans.factory.support.DefaultListableBeanFactory.destroySingleton(DefaultListableBeanFactory.java:1152)
	at org.springframework.beans.factory.support.DefaultSingletonBeanRegistry.destroySingletons(DefaultSingletonBeanRegistry.java:520)
	at org.springframework.beans.factory.support.DefaultListableBeanFactory.destroySingletons(DefaultListableBeanFactory.java:1145)
	at org.springframework.context.support.AbstractApplicationContext.destroyBeans(AbstractApplicationContext.java:1106)
	at org.springframework.context.support.AbstractApplicationContext.doClose(AbstractApplicationContext.java:1075)
	at org.springframework.boot.web.servlet.context.ServletWebServerApplicationContext.doClose(ServletWebServerApplicationContext.java:172)
	at org.springframework.context.support.AbstractApplicationContext.close(AbstractApplicationContext.java:1021)
	at org.springframework.boot.SpringApplicationShutdownHook.closeAndWait(SpringApplicationShutdownHook.java:128)
	at java.base/java.lang.Iterable.forEach(Iterable.java:75)
	at org.springframework.boot.SpringApplicationShutdownHook.run(SpringApplicationShutdownHook.java:100)
	at java.base/java.lang.Thread.run(Thread.java:834)
07-12-2022 16:28:03.137[SpringApplicationShutdownHook][ INFO][store-service][session-id=][parentSpanId=][traceId=][spanId=][spanExport=][c.netflix.discovery.DiscoveryClient::960::shutdown] -- Completed shut down of DiscoveryClient
07-12-2022 23:47:59.227[background-preinit][ INFO][store-service][session-id=][parentSpanId=][traceId=][spanId=][spanExport=][o.h.validator.internal.util.Version::21::<clinit>] -- HV000001: Hibernate Validator 6.2.0.Final
07-12-2022 23:47:59.317[restartedMain][ INFO][store-service][session-id=][parentSpanId=][traceId=][spanId=][spanExport=][o.s.b.c.config.ConfigDataLoader::255::logTo] -- Fetching config from server at : http://localhost:9196
07-12-2022 23:47:59.318[restartedMain][ INFO][store-service][session-id=][parentSpanId=][traceId=][spanId=][spanExport=][o.s.b.c.config.ConfigDataLoader::255::logTo] -- Located environment: name=store-service, profiles=[development], label=null, version=fe4b25ce327aa44c91a2698fc037450059b92934, state=null
07-12-2022 23:47:59.322[restartedMain][ INFO][store-service][session-id=][parentSpanId=][traceId=][spanId=][spanExport=][o.s.b.d.e.DevToolsPropertyDefaultsPostProcessor::255::logTo] -- Devtools property defaults active! Set 'spring.devtools.add-properties' to 'false' to disable
07-12-2022 23:47:59.323[restartedMain][ INFO][store-service][session-id=][parentSpanId=][traceId=][spanId=][spanExport=][o.s.b.d.e.DevToolsPropertyDefaultsPostProcessor::255::logTo] -- For additional web related logging consider setting the 'logging.level.web' property to 'DEBUG'
07-12-2022 23:48:03.707[restartedMain][ INFO][store-service][session-id=][parentSpanId=][traceId=][spanId=][spanExport=][o.s.cloud.context.scope.GenericScope::283::setSerializationId] -- BeanFactory id=de03c8ef-805e-3ae6-923f-12220fac0050
07-12-2022 23:48:05.148[restartedMain][ INFO][store-service][session-id=][parentSpanId=][traceId=][spanId=][spanExport=][o.s.b.w.e.tomcat.TomcatWebServer::108::initialize] -- Tomcat initialized with port(s): 2222 (http)
07-12-2022 23:48:05.182[restartedMain][ INFO][store-service][session-id=][parentSpanId=][traceId=][spanId=][spanExport=][o.a.coyote.http11.Http11NioProtocol::173::log] -- Initializing ProtocolHandler ["http-nio-2222"]
07-12-2022 23:48:05.184[restartedMain][ INFO][store-service][session-id=][parentSpanId=][traceId=][spanId=][spanExport=][o.a.catalina.core.StandardService::173::log] -- Starting service [Tomcat]
07-12-2022 23:48:05.184[restartedMain][ INFO][store-service][session-id=][parentSpanId=][traceId=][spanId=][spanExport=][o.a.catalina.core.StandardEngine::173::log] -- Starting Servlet engine: [Apache Tomcat/9.0.46]
07-12-2022 23:48:05.549[restartedMain][ INFO][store-service][session-id=][parentSpanId=][traceId=][spanId=][spanExport=][o.a.c.c.C.[.[localhost].[/store]::173::log] -- Initializing Spring embedded WebApplicationContext
07-12-2022 23:48:05.550[restartedMain][ INFO][store-service][session-id=][parentSpanId=][traceId=][spanId=][spanExport=][o.s.b.w.s.c.ServletWebServerApplicationContext::290::prepareWebApplicationContext] -- Root WebApplicationContext: initialization completed in 6226 ms
07-12-2022 23:48:10.199[restartedMain][ WARN][store-service][session-id=][parentSpanId=][traceId=][spanId=][spanExport=][o.s.b.d.a.OptionalLiveReloadServer::61::startServer] -- Unable to start LiveReload server
07-12-2022 23:48:10.240[restartedMain][ INFO][store-service][session-id=][parentSpanId=][traceId=][spanId=][spanExport=][o.s.c.n.e.c.DiscoveryClientOptionalArgsConfiguration::87::discoveryClientOptionalArgs] -- Eureka HTTP Client uses Jersey
07-12-2022 23:48:10.422[restartedMain][ WARN][store-service][session-id=][parentSpanId=][traceId=][spanId=][spanExport=][o.s.c.l.c.LoadBalancerCacheAutoConfiguration$LoadBalancerCaffeineWarnLogger::82::logWarning] -- Spring Cloud LoadBalancer is currently working with the default cache. You can switch to using Caffeine cache, by adding it and org.springframework.cache.caffeine.CaffeineCacheManager to the classpath.
07-12-2022 23:48:10.473[restartedMain][ INFO][store-service][session-id=][parentSpanId=][traceId=][spanId=][spanExport=][o.s.b.a.e.web.EndpointLinksResolver::58::<init>] -- Exposing 16 endpoint(s) beneath base path '/actuator'
07-12-2022 23:48:10.595[restartedMain][ INFO][store-service][session-id=][parentSpanId=][traceId=][spanId=][spanExport=][o.s.c.n.eureka.InstanceInfoFactory::67::create] -- Setting initial instance status as: STARTING
07-12-2022 23:48:11.007[restartedMain][ INFO][store-service][session-id=][parentSpanId=][traceId=][spanId=][spanExport=][c.netflix.discovery.DiscoveryClient::372::<init>] -- Initializing Eureka in region us-east-1
07-12-2022 23:48:11.518[restartedMain][ INFO][store-service][session-id=][parentSpanId=][traceId=][spanId=][spanExport=][c.n.d.p.DiscoveryJerseyProvider::70::<init>] -- Using JSON encoding codec LegacyJacksonJson
07-12-2022 23:48:11.520[restartedMain][ INFO][store-service][session-id=][parentSpanId=][traceId=][spanId=][spanExport=][c.n.d.p.DiscoveryJerseyProvider::71::<init>] -- Using JSON decoding codec LegacyJacksonJson
07-12-2022 23:48:11.917[restartedMain][ INFO][store-service][session-id=][parentSpanId=][traceId=][spanId=][spanExport=][c.n.d.p.DiscoveryJerseyProvider::80::<init>] -- Using XML encoding codec XStreamXml
07-12-2022 23:48:11.918[restartedMain][ INFO][store-service][session-id=][parentSpanId=][traceId=][spanId=][spanExport=][c.n.d.p.DiscoveryJerseyProvider::81::<init>] -- Using XML decoding codec XStreamXml
07-12-2022 23:48:12.556[restartedMain][ INFO][store-service][session-id=][parentSpanId=][traceId=][spanId=][spanExport=][c.n.d.s.r.aws.ConfigClusterResolver::43::getClusterEndpoints] -- Resolving eureka endpoints via configuration
07-12-2022 23:48:12.610[restartedMain][ INFO][store-service][session-id=][parentSpanId=][traceId=][spanId=][spanExport=][c.netflix.discovery.DiscoveryClient::1007::fetchRegistry] -- Disable delta property : false
07-12-2022 23:48:12.612[restartedMain][ INFO][store-service][session-id=][parentSpanId=][traceId=][spanId=][spanExport=][c.netflix.discovery.DiscoveryClient::1008::fetchRegistry] -- Single vip registry refresh property : null
07-12-2022 23:48:12.612[restartedMain][ INFO][store-service][session-id=][parentSpanId=][traceId=][spanId=][spanExport=][c.netflix.discovery.DiscoveryClient::1009::fetchRegistry] -- Force full registry fetch : false
07-12-2022 23:48:12.613[restartedMain][ INFO][store-service][session-id=][parentSpanId=][traceId=][spanId=][spanExport=][c.netflix.discovery.DiscoveryClient::1010::fetchRegistry] -- Application is null : false
07-12-2022 23:48:12.614[restartedMain][ INFO][store-service][session-id=][parentSpanId=][traceId=][spanId=][spanExport=][c.netflix.discovery.DiscoveryClient::1011::fetchRegistry] -- Registered Applications size is zero : true
07-12-2022 23:48:12.614[restartedMain][ INFO][store-service][session-id=][parentSpanId=][traceId=][spanId=][spanExport=][c.netflix.discovery.DiscoveryClient::1013::fetchRegistry] -- Application version is -1: true
07-12-2022 23:48:12.615[restartedMain][ INFO][store-service][session-id=][parentSpanId=][traceId=][spanId=][spanExport=][c.netflix.discovery.DiscoveryClient::1097::getAndStoreFullRegistry] -- Getting all instance registry info from the eureka server
07-12-2022 23:48:12.895[restartedMain][ INFO][store-service][session-id=][parentSpanId=][traceId=][spanId=][spanExport=][c.netflix.discovery.DiscoveryClient::1106::getAndStoreFullRegistry] -- The response status is 200
07-12-2022 23:48:12.900[restartedMain][ INFO][store-service][session-id=][parentSpanId=][traceId=][spanId=][spanExport=][c.netflix.discovery.DiscoveryClient::1321::initScheduledTasks] -- Starting heartbeat executor: renew interval is: 30
07-12-2022 23:48:12.906[restartedMain][ INFO][store-service][session-id=][parentSpanId=][traceId=][spanId=][spanExport=][c.n.discovery.InstanceInfoReplicator::60::<init>] -- InstanceInfoReplicator onDemand update allowed rate per min is 4
07-12-2022 23:48:12.919[restartedMain][ INFO][store-service][session-id=][parentSpanId=][traceId=][spanId=][spanExport=][c.netflix.discovery.DiscoveryClient::492::<init>] -- Discovery Client initialized at timestamp 1670485692916 with initial instances count: 4
07-12-2022 23:48:12.922[restartedMain][ INFO][store-service][session-id=][parentSpanId=][traceId=][spanId=][spanExport=][o.s.c.n.e.s.EurekaServiceRegistry::41::register] -- Registering application STORE-SERVICE with eureka with status UP
07-12-2022 23:48:12.936[restartedMain][ INFO][store-service][session-id=][parentSpanId=][traceId=][spanId=][spanExport=][c.netflix.discovery.DiscoveryClient::1352::notify] -- Saw local status change event StatusChangeEvent [timestamp=1670485692936, current=UP, previous=STARTING]
07-12-2022 23:48:12.940[DiscoveryClient-InstanceInfoReplicator-0][ INFO][store-service][session-id=][parentSpanId=][traceId=][spanId=][spanExport=][c.netflix.discovery.DiscoveryClient::873::register] -- DiscoveryClient_STORE-SERVICE/192.168.0.234:store-service:2222: registering service...
07-12-2022 23:48:12.954[restartedMain][ INFO][store-service][session-id=][parentSpanId=][traceId=][spanId=][spanExport=][o.a.coyote.http11.Http11NioProtocol::173::log] -- Starting ProtocolHandler ["http-nio-2222"]
07-12-2022 23:48:12.984[DiscoveryClient-InstanceInfoReplicator-0][ INFO][store-service][session-id=][parentSpanId=][traceId=][spanId=][spanExport=][c.netflix.discovery.DiscoveryClient::882::register] -- DiscoveryClient_STORE-SERVICE/192.168.0.234:store-service:2222 - registration status: 204
07-12-2022 23:48:13.029[restartedMain][ INFO][store-service][session-id=][parentSpanId=][traceId=][spanId=][spanExport=][o.s.b.w.e.tomcat.TomcatWebServer::220::start] -- Tomcat started on port(s): 2222 (http) with context path '/store'
07-12-2022 23:48:13.030[restartedMain][ INFO][store-service][session-id=][parentSpanId=][traceId=][spanId=][spanExport=][o.s.c.n.e.s.EurekaAutoServiceRegistration::144::onApplicationEvent] -- Updating port to 2222
07-12-2022 23:51:06.309[http-nio-2222-exec-1][ INFO][store-service][session-id=][parentSpanId=][traceId=][spanId=][spanExport=][o.a.c.c.C.[.[localhost].[/store]::173::log] -- Initializing Spring DispatcherServlet 'dispatcherServlet'
07-12-2022 23:51:06.310[http-nio-2222-exec-1][ INFO][store-service][session-id=][parentSpanId=][traceId=][spanId=][spanExport=][o.s.web.servlet.DispatcherServlet::525::initServletBean] -- Initializing Servlet 'dispatcherServlet'
07-12-2022 23:51:06.315[http-nio-2222-exec-1][ INFO][store-service][session-id=][parentSpanId=][traceId=][spanId=][spanExport=][o.s.web.servlet.DispatcherServlet::547::initServletBean] -- Completed initialization in 5 ms
07-12-2022 23:53:10.703[http-nio-2222-exec-3][ WARN][store-service][session-id=][parentSpanId=][traceId=][spanId=][spanExport=][o.s.w.s.m.s.DefaultHandlerExceptionResolver::207::logException] -- Resolved [org.springframework.web.HttpRequestMethodNotSupportedException: Request method 'GET' not supported]
07-12-2022 23:53:12.616[AsyncResolver-bootstrap-executor-0][ INFO][store-service][session-id=][parentSpanId=][traceId=][spanId=][spanExport=][c.n.d.s.r.aws.ConfigClusterResolver::43::getClusterEndpoints] -- Resolving eureka endpoints via configuration
07-12-2022 23:58:12.615[AsyncResolver-bootstrap-executor-0][ INFO][store-service][session-id=][parentSpanId=][traceId=][spanId=][spanExport=][c.n.d.s.r.aws.ConfigClusterResolver::43::getClusterEndpoints] -- Resolving eureka endpoints via configuration
08-12-2022 00:03:12.611[AsyncResolver-bootstrap-executor-0][ INFO][store-service][session-id=][parentSpanId=][traceId=][spanId=][spanExport=][c.n.d.s.r.aws.ConfigClusterResolver::43::getClusterEndpoints] -- Resolving eureka endpoints via configuration
08-12-2022 00:08:12.614[AsyncResolver-bootstrap-executor-0][ INFO][store-service][session-id=][parentSpanId=][traceId=][spanId=][spanExport=][c.n.d.s.r.aws.ConfigClusterResolver::43::getClusterEndpoints] -- Resolving eureka endpoints via configuration
08-12-2022 00:13:12.619[AsyncResolver-bootstrap-executor-0][ INFO][store-service][session-id=][parentSpanId=][traceId=][spanId=][spanExport=][c.n.d.s.r.aws.ConfigClusterResolver::43::getClusterEndpoints] -- Resolving eureka endpoints via configuration
08-12-2022 00:18:12.627[AsyncResolver-bootstrap-executor-0][ INFO][store-service][session-id=][parentSpanId=][traceId=][spanId=][spanExport=][c.n.d.s.r.aws.ConfigClusterResolver::43::getClusterEndpoints] -- Resolving eureka endpoints via configuration
08-12-2022 00:42:22.885[AsyncResolver-bootstrap-executor-0][ INFO][store-service][session-id=][parentSpanId=][traceId=][spanId=][spanExport=][c.n.d.s.r.aws.ConfigClusterResolver::43::getClusterEndpoints] -- Resolving eureka endpoints via configuration
08-12-2022 00:47:22.890[AsyncResolver-bootstrap-executor-0][ INFO][store-service][session-id=][parentSpanId=][traceId=][spanId=][spanExport=][c.n.d.s.r.aws.ConfigClusterResolver::43::getClusterEndpoints] -- Resolving eureka endpoints via configuration
08-12-2022 00:52:22.895[AsyncResolver-bootstrap-executor-0][ INFO][store-service][session-id=][parentSpanId=][traceId=][spanId=][spanExport=][c.n.d.s.r.aws.ConfigClusterResolver::43::getClusterEndpoints] -- Resolving eureka endpoints via configuration
08-12-2022 00:57:22.907[AsyncResolver-bootstrap-executor-0][ INFO][store-service][session-id=][parentSpanId=][traceId=][spanId=][spanExport=][c.n.d.s.r.aws.ConfigClusterResolver::43::getClusterEndpoints] -- Resolving eureka endpoints via configuration
08-12-2022 01:02:22.919[AsyncResolver-bootstrap-executor-0][ INFO][store-service][session-id=][parentSpanId=][traceId=][spanId=][spanExport=][c.n.d.s.r.aws.ConfigClusterResolver::43::getClusterEndpoints] -- Resolving eureka endpoints via configuration
08-12-2022 01:07:22.925[AsyncResolver-bootstrap-executor-0][ INFO][store-service][session-id=][parentSpanId=][traceId=][spanId=][spanExport=][c.n.d.s.r.aws.ConfigClusterResolver::43::getClusterEndpoints] -- Resolving eureka endpoints via configuration
08-12-2022 01:12:22.942[AsyncResolver-bootstrap-executor-0][ INFO][store-service][session-id=][parentSpanId=][traceId=][spanId=][spanExport=][c.n.d.s.r.aws.ConfigClusterResolver::43::getClusterEndpoints] -- Resolving eureka endpoints via configuration
