[INFO ] 2022-12-09 01:06:05.940 [restartedMain]  o.s.c.c.s.GenericScope - BeanFactory id=b91a9997-9c64-30b7-9a9b-45cf896659f7
[INFO ] 2022-12-09 01:06:06.095 [restartedMain]  o.s.b.w.e.t.TomcatWebServer - Tomcat initialized with port(s): 8761 (http)
[INFO ] 2022-12-09 01:06:06.096 [restartedMain]  o.a.c.c.StandardService - Starting service [Tomcat]
[INFO ] 2022-12-09 01:06:06.096 [restartedMain]  o.a.c.c.StandardEngine - Starting Servlet engine: [Apache Tomcat/9.0.46]
[INFO ] 2022-12-09 01:06:06.118 [restartedMain]  o.a.c.c.C.[.[.[/] - Initializing Spring embedded WebApplicationContext
[INFO ] 2022-12-09 01:06:06.119 [restartedMain]  o.s.b.w.s.c.ServletWebServerApplicationContext - Root WebApplicationContext: initialization completed in 669 ms
[INFO ] 2022-12-09 01:06:06.700 [restartedMain]  c.s.j.s.i.a.WebApplicationImpl - Initiating Jersey application, version 'Jersey: 1.19.4 05/24/2017 03:20 PM'
[INFO ] 2022-12-09 01:06:06.709 [restartedMain]  c.n.d.p.DiscoveryJerseyProvider - Using JSON encoding codec LegacyJacksonJson
[INFO ] 2022-12-09 01:06:06.710 [restartedMain]  c.n.d.p.DiscoveryJerseyProvider - Using JSON decoding codec LegacyJacksonJson
[INFO ] 2022-12-09 01:06:06.711 [restartedMain]  c.n.d.p.DiscoveryJerseyProvider - Using XML encoding codec XStreamXml
[INFO ] 2022-12-09 01:06:06.711 [restartedMain]  c.n.d.p.DiscoveryJerseyProvider - Using XML decoding codec XStreamXml
[INFO ] 2022-12-09 01:06:07.172 [restartedMain]  o.s.b.d.a.OptionalLiveReloadServer - LiveReload server is running on port 35729
[INFO ] 2022-12-09 01:06:07.195 [restartedMain]  o.s.c.n.e.c.DiscoveryClientOptionalArgsConfiguration - Eureka HTTP Client uses Jersey
[WARN ] 2022-12-09 01:06:07.282 [restartedMain]  o.s.c.l.c.LoadBalancerCacheAutoConfiguration$LoadBalancerCaffeineWarnLogger - Spring Cloud LoadBalancer is currently working with the default cache. You can switch to using Caffeine cache, by adding it and org.springframework.cache.caffeine.CaffeineCacheManager to the classpath.
[INFO ] 2022-12-09 01:06:07.290 [restartedMain]  o.s.c.n.e.InstanceInfoFactory - Setting initial instance status as: STARTING
[INFO ] 2022-12-09 01:06:07.292 [restartedMain]  c.n.d.DiscoveryClient - Initializing Eureka in region us-east-1
[INFO ] 2022-12-09 01:06:07.292 [restartedMain]  c.n.d.DiscoveryClient - Client configured to neither register nor query for data.
[INFO ] 2022-12-09 01:06:07.293 [restartedMain]  c.n.d.DiscoveryClient - Discovery Client initialized at timestamp 1670576767293 with initial instances count: 0
[INFO ] 2022-12-09 01:06:07.309 [restartedMain]  c.n.e.DefaultEurekaServerContext - Initializing ...
[INFO ] 2022-12-09 01:06:07.309 [restartedMain]  c.n.e.c.PeerEurekaNodes - Adding new peer nodes [http://localhost:8761/eureka/]
[INFO ] 2022-12-09 01:06:07.317 [restartedMain]  c.n.d.p.DiscoveryJerseyProvider - Using JSON encoding codec LegacyJacksonJson
[INFO ] 2022-12-09 01:06:07.317 [restartedMain]  c.n.d.p.DiscoveryJerseyProvider - Using JSON decoding codec LegacyJacksonJson
[INFO ] 2022-12-09 01:06:07.317 [restartedMain]  c.n.d.p.DiscoveryJerseyProvider - Using XML encoding codec XStreamXml
[INFO ] 2022-12-09 01:06:07.318 [restartedMain]  c.n.d.p.DiscoveryJerseyProvider - Using XML decoding codec XStreamXml
[WARN ] 2022-12-09 01:06:07.369 [restartedMain]  o.s.b.w.s.c.AnnotationConfigServletWebServerApplicationContext - Exception encountered during context initialization - cancelling refresh attempt: org.springframework.beans.factory.UnsatisfiedDependencyException: Error creating bean with name 'org.springframework.cloud.netflix.eureka.server.EurekaServerInitializerConfiguration': Unsatisfied dependency expressed through field 'eurekaServerBootstrap'; nested exception is org.springframework.beans.factory.UnsatisfiedDependencyException: Error creating bean with name 'eurekaServerBootstrap' defined in class path resource [org/springframework/cloud/netflix/eureka/server/EurekaServerAutoConfiguration.class]: Unsatisfied dependency expressed through method 'eurekaServerBootstrap' parameter 1; nested exception is org.springframework.beans.factory.BeanCreationException: Error creating bean with name 'eurekaServerContext': Invocation of init method failed; nested exception is java.lang.IllegalStateException: java.util.concurrent.RejectedExecutionException: Task java.util.concurrent.ScheduledThreadPoolExecutor$ScheduledFutureTask@72797384[Not completed, task = java.util.concurrent.Executors$RunnableAdapter@5c65353f[Wrapped task = com.netflix.servo.monitor.StatsMonitor$$Lambda$988/0x00000008008d6c40@6c681043]] rejected from java.util.concurrent.ScheduledThreadPoolExecutor@79060ee[Terminated, pool size = 0, active threads = 0, queued tasks = 0, completed tasks = 60]
[ERROR] 2022-12-09 01:06:07.372 [restartedMain]  c.n.e.r.PeerAwareInstanceRegistryImpl - Cannot shutdown ReplicaAwareInstanceRegistry
java.lang.NullPointerException: null
	at com.netflix.eureka.registry.PeerAwareInstanceRegistryImpl.shutdown(PeerAwareInstanceRegistryImpl.java:176)
	at java.base/jdk.internal.reflect.NativeMethodAccessorImpl.invoke0(Native Method)
	at java.base/jdk.internal.reflect.NativeMethodAccessorImpl.invoke(NativeMethodAccessorImpl.java:62)
	at java.base/jdk.internal.reflect.DelegatingMethodAccessorImpl.invoke(DelegatingMethodAccessorImpl.java:43)
	at java.base/java.lang.reflect.Method.invoke(Method.java:566)
	at org.springframework.beans.factory.support.DisposableBeanAdapter.invokeCustomDestroyMethod(DisposableBeanAdapter.java:281)
	at org.springframework.beans.factory.support.DisposableBeanAdapter.destroy(DisposableBeanAdapter.java:215)
	at org.springframework.beans.factory.support.DefaultSingletonBeanRegistry.destroyBean(DefaultSingletonBeanRegistry.java:587)
	at org.springframework.beans.factory.support.DefaultSingletonBeanRegistry.destroySingleton(DefaultSingletonBeanRegistry.java:559)
	at org.springframework.beans.factory.support.DefaultListableBeanFactory.destroySingleton(DefaultListableBeanFactory.java:1152)
	at org.springframework.beans.factory.support.DefaultSingletonBeanRegistry.destroySingletons(DefaultSingletonBeanRegistry.java:520)
	at org.springframework.beans.factory.support.DefaultListableBeanFactory.destroySingletons(DefaultListableBeanFactory.java:1145)
	at org.springframework.context.support.AbstractApplicationContext.destroyBeans(AbstractApplicationContext.java:1106)
	at org.springframework.context.support.AbstractApplicationContext.refresh(AbstractApplicationContext.java:596)
	at org.springframework.boot.web.servlet.context.ServletWebServerApplicationContext.refresh(ServletWebServerApplicationContext.java:145)
	at org.springframework.boot.SpringApplication.refresh(SpringApplication.java:754)
	at org.springframework.boot.SpringApplication.refreshContext(SpringApplication.java:434)
	at org.springframework.boot.SpringApplication.run(SpringApplication.java:338)
	at org.springframework.boot.SpringApplication.run(SpringApplication.java:1343)
	at org.springframework.boot.SpringApplication.run(SpringApplication.java:1332)
	at com.sdsu.DiscoveryServiceApplication.main(DiscoveryServiceApplication.java:11)
	at java.base/jdk.internal.reflect.NativeMethodAccessorImpl.invoke0(Native Method)
	at java.base/jdk.internal.reflect.NativeMethodAccessorImpl.invoke(NativeMethodAccessorImpl.java:62)
	at java.base/jdk.internal.reflect.DelegatingMethodAccessorImpl.invoke(DelegatingMethodAccessorImpl.java:43)
	at java.base/java.lang.reflect.Method.invoke(Method.java:566)
	at org.springframework.boot.devtools.restart.RestartLauncher.run(RestartLauncher.java:49)
[WARN ] 2022-12-09 01:06:07.374 [restartedMain]  o.s.b.f.s.DisposableBeanAdapter - Destroy method 'shutdown' on bean with name 'peerAwareInstanceRegistry' threw an exception: java.lang.NullPointerException
[WARN ] 2022-12-09 01:06:08.378 [restartedMain]  z.r.AsyncReporter$BoundedAsyncReporter - Timed out waiting for in-flight spans to send
[INFO ] 2022-12-09 01:06:08.389 [restartedMain]  c.n.d.DiscoveryClient - Shutting down DiscoveryClient ...
[INFO ] 2022-12-09 01:06:08.391 [restartedMain]  c.n.d.DiscoveryClient - Completed shut down of DiscoveryClient
[INFO ] 2022-12-09 01:06:08.392 [restartedMain]  o.a.c.c.StandardService - Stopping service [Tomcat]
[INFO ] 2022-12-09 01:06:08.406 [restartedMain]  o.s.b.a.l.ConditionEvaluationReportLoggingListener - 

Error starting ApplicationContext. To display the conditions report re-run your application with 'debug' enabled.
[ERROR] 2022-12-09 01:06:08.427 [restartedMain]  o.s.b.SpringApplication - Application run failed
org.springframework.beans.factory.UnsatisfiedDependencyException: Error creating bean with name 'org.springframework.cloud.netflix.eureka.server.EurekaServerInitializerConfiguration': Unsatisfied dependency expressed through field 'eurekaServerBootstrap'; nested exception is org.springframework.beans.factory.UnsatisfiedDependencyException: Error creating bean with name 'eurekaServerBootstrap' defined in class path resource [org/springframework/cloud/netflix/eureka/server/EurekaServerAutoConfiguration.class]: Unsatisfied dependency expressed through method 'eurekaServerBootstrap' parameter 1; nested exception is org.springframework.beans.factory.BeanCreationException: Error creating bean with name 'eurekaServerContext': Invocation of init method failed; nested exception is java.lang.IllegalStateException: java.util.concurrent.RejectedExecutionException: Task java.util.concurrent.ScheduledThreadPoolExecutor$ScheduledFutureTask@72797384[Not completed, task = java.util.concurrent.Executors$RunnableAdapter@5c65353f[Wrapped task = com.netflix.servo.monitor.StatsMonitor$$Lambda$988/0x00000008008d6c40@6c681043]] rejected from java.util.concurrent.ScheduledThreadPoolExecutor@79060ee[Terminated, pool size = 0, active threads = 0, queued tasks = 0, completed tasks = 60]
	at org.springframework.beans.factory.annotation.AutowiredAnnotationBeanPostProcessor$AutowiredFieldElement.resolveFieldValue(AutowiredAnnotationBeanPostProcessor.java:660)
	at org.springframework.beans.factory.annotation.AutowiredAnnotationBeanPostProcessor$AutowiredFieldElement.inject(AutowiredAnnotationBeanPostProcessor.java:640)
	at org.springframework.beans.factory.annotation.InjectionMetadata.inject(InjectionMetadata.java:119)
	at org.springframework.beans.factory.annotation.AutowiredAnnotationBeanPostProcessor.postProcessProperties(AutowiredAnnotationBeanPostProcessor.java:399)
	at org.springframework.beans.factory.support.AbstractAutowireCapableBeanFactory.populateBean(AbstractAutowireCapableBeanFactory.java:1413)
	at org.springframework.beans.factory.support.AbstractAutowireCapableBeanFactory.doCreateBean(AbstractAutowireCapableBeanFactory.java:601)
	at org.springframework.beans.factory.support.AbstractAutowireCapableBeanFactory.createBean(AbstractAutowireCapableBeanFactory.java:524)
	at org.springframework.beans.factory.support.AbstractBeanFactory.lambda$doGetBean$0(AbstractBeanFactory.java:335)
	at org.springframework.beans.factory.support.DefaultSingletonBeanRegistry.getSingleton(DefaultSingletonBeanRegistry.java:234)
	at org.springframework.beans.factory.support.AbstractBeanFactory.doGetBean(AbstractBeanFactory.java:333)
	at org.springframework.beans.factory.support.AbstractBeanFactory.getBean(AbstractBeanFactory.java:208)
	at org.springframework.beans.factory.support.DefaultListableBeanFactory.preInstantiateSingletons(DefaultListableBeanFactory.java:944)
	at org.springframework.context.support.AbstractApplicationContext.finishBeanFactoryInitialization(AbstractApplicationContext.java:918)
	at org.springframework.context.support.AbstractApplicationContext.refresh(AbstractApplicationContext.java:583)
	at org.springframework.boot.web.servlet.context.ServletWebServerApplicationContext.refresh(ServletWebServerApplicationContext.java:145)
	at org.springframework.boot.SpringApplication.refresh(SpringApplication.java:754)
	at org.springframework.boot.SpringApplication.refreshContext(SpringApplication.java:434)
	at org.springframework.boot.SpringApplication.run(SpringApplication.java:338)
	at org.springframework.boot.SpringApplication.run(SpringApplication.java:1343)
	at org.springframework.boot.SpringApplication.run(SpringApplication.java:1332)
	at com.sdsu.DiscoveryServiceApplication.main(DiscoveryServiceApplication.java:11)
	at java.base/jdk.internal.reflect.NativeMethodAccessorImpl.invoke0(Native Method)
	at java.base/jdk.internal.reflect.NativeMethodAccessorImpl.invoke(NativeMethodAccessorImpl.java:62)
	at java.base/jdk.internal.reflect.DelegatingMethodAccessorImpl.invoke(DelegatingMethodAccessorImpl.java:43)
	at java.base/java.lang.reflect.Method.invoke(Method.java:566)
	at org.springframework.boot.devtools.restart.RestartLauncher.run(RestartLauncher.java:49)
Caused by: org.springframework.beans.factory.UnsatisfiedDependencyException: Error creating bean with name 'eurekaServerBootstrap' defined in class path resource [org/springframework/cloud/netflix/eureka/server/EurekaServerAutoConfiguration.class]: Unsatisfied dependency expressed through method 'eurekaServerBootstrap' parameter 1; nested exception is org.springframework.beans.factory.BeanCreationException: Error creating bean with name 'eurekaServerContext': Invocation of init method failed; nested exception is java.lang.IllegalStateException: java.util.concurrent.RejectedExecutionException: Task java.util.concurrent.ScheduledThreadPoolExecutor$ScheduledFutureTask@72797384[Not completed, task = java.util.concurrent.Executors$RunnableAdapter@5c65353f[Wrapped task = com.netflix.servo.monitor.StatsMonitor$$Lambda$988/0x00000008008d6c40@6c681043]] rejected from java.util.concurrent.ScheduledThreadPoolExecutor@79060ee[Terminated, pool size = 0, active threads = 0, queued tasks = 0, completed tasks = 60]
	at org.springframework.beans.factory.support.ConstructorResolver.createArgumentArray(ConstructorResolver.java:800)
	at org.springframework.beans.factory.support.ConstructorResolver.instantiateUsingFactoryMethod(ConstructorResolver.java:541)
	at org.springframework.beans.factory.support.AbstractAutowireCapableBeanFactory.instantiateUsingFactoryMethod(AbstractAutowireCapableBeanFactory.java:1334)
	at org.springframework.beans.factory.support.AbstractAutowireCapableBeanFactory.createBeanInstance(AbstractAutowireCapableBeanFactory.java:1177)
	at org.springframework.beans.factory.support.AbstractAutowireCapableBeanFactory.doCreateBean(AbstractAutowireCapableBeanFactory.java:564)
	at org.springframework.beans.factory.support.AbstractAutowireCapableBeanFactory.createBean(AbstractAutowireCapableBeanFactory.java:524)
	at org.springframework.beans.factory.support.AbstractBeanFactory.lambda$doGetBean$0(AbstractBeanFactory.java:335)
	at org.springframework.beans.factory.support.DefaultSingletonBeanRegistry.getSingleton(DefaultSingletonBeanRegistry.java:234)
	at org.springframework.beans.factory.support.AbstractBeanFactory.doGetBean(AbstractBeanFactory.java:333)
	at org.springframework.beans.factory.support.AbstractBeanFactory.getBean(AbstractBeanFactory.java:208)
	at org.springframework.beans.factory.config.DependencyDescriptor.resolveCandidate(DependencyDescriptor.java:276)
	at org.springframework.beans.factory.support.DefaultListableBeanFactory.doResolveDependency(DefaultListableBeanFactory.java:1380)
	at org.springframework.beans.factory.support.DefaultListableBeanFactory.resolveDependency(DefaultListableBeanFactory.java:1300)
	at org.springframework.beans.factory.annotation.AutowiredAnnotationBeanPostProcessor$AutowiredFieldElement.resolveFieldValue(AutowiredAnnotationBeanPostProcessor.java:657)
	... 25 common frames omitted
Caused by: org.springframework.beans.factory.BeanCreationException: Error creating bean with name 'eurekaServerContext': Invocation of init method failed; nested exception is java.lang.IllegalStateException: java.util.concurrent.RejectedExecutionException: Task java.util.concurrent.ScheduledThreadPoolExecutor$ScheduledFutureTask@72797384[Not completed, task = java.util.concurrent.Executors$RunnableAdapter@5c65353f[Wrapped task = com.netflix.servo.monitor.StatsMonitor$$Lambda$988/0x00000008008d6c40@6c681043]] rejected from java.util.concurrent.ScheduledThreadPoolExecutor@79060ee[Terminated, pool size = 0, active threads = 0, queued tasks = 0, completed tasks = 60]
	at org.springframework.beans.factory.annotation.InitDestroyAnnotationBeanPostProcessor.postProcessBeforeInitialization(InitDestroyAnnotationBeanPostProcessor.java:160)
	at org.springframework.beans.factory.support.AbstractAutowireCapableBeanFactory.applyBeanPostProcessorsBeforeInitialization(AbstractAutowireCapableBeanFactory.java:422)
	at org.springframework.beans.factory.support.AbstractAutowireCapableBeanFactory.initializeBean(AbstractAutowireCapableBeanFactory.java:1778)
	at org.springframework.beans.factory.support.AbstractAutowireCapableBeanFactory.doCreateBean(AbstractAutowireCapableBeanFactory.java:602)
	at org.springframework.beans.factory.support.AbstractAutowireCapableBeanFactory.createBean(AbstractAutowireCapableBeanFactory.java:524)
	at org.springframework.beans.factory.support.AbstractBeanFactory.lambda$doGetBean$0(AbstractBeanFactory.java:335)
	at org.springframework.beans.factory.support.DefaultSingletonBeanRegistry.getSingleton(DefaultSingletonBeanRegistry.java:234)
	at org.springframework.beans.factory.support.AbstractBeanFactory.doGetBean(AbstractBeanFactory.java:333)
	at org.springframework.beans.factory.support.AbstractBeanFactory.getBean(AbstractBeanFactory.java:208)
	at org.springframework.beans.factory.config.DependencyDescriptor.resolveCandidate(DependencyDescriptor.java:276)
	at org.springframework.beans.factory.support.DefaultListableBeanFactory.doResolveDependency(DefaultListableBeanFactory.java:1380)
	at org.springframework.beans.factory.support.DefaultListableBeanFactory.resolveDependency(DefaultListableBeanFactory.java:1300)
	at org.springframework.beans.factory.support.ConstructorResolver.resolveAutowiredArgument(ConstructorResolver.java:887)
	at org.springframework.beans.factory.support.ConstructorResolver.createArgumentArray(ConstructorResolver.java:791)
	... 38 common frames omitted
Caused by: java.lang.IllegalStateException: java.util.concurrent.RejectedExecutionException: Task java.util.concurrent.ScheduledThreadPoolExecutor$ScheduledFutureTask@72797384[Not completed, task = java.util.concurrent.Executors$RunnableAdapter@5c65353f[Wrapped task = com.netflix.servo.monitor.StatsMonitor$$Lambda$988/0x00000008008d6c40@6c681043]] rejected from java.util.concurrent.ScheduledThreadPoolExecutor@79060ee[Terminated, pool size = 0, active threads = 0, queued tasks = 0, completed tasks = 60]
	at com.netflix.eureka.cluster.PeerEurekaNodes.start(PeerEurekaNodes.java:106)
	at com.netflix.eureka.DefaultEurekaServerContext.initialize(DefaultEurekaServerContext.java:67)
	at java.base/jdk.internal.reflect.NativeMethodAccessorImpl.invoke0(Native Method)
	at java.base/jdk.internal.reflect.NativeMethodAccessorImpl.invoke(NativeMethodAccessorImpl.java:62)
	at java.base/jdk.internal.reflect.DelegatingMethodAccessorImpl.invoke(DelegatingMethodAccessorImpl.java:43)
	at java.base/java.lang.reflect.Method.invoke(Method.java:566)
	at org.springframework.beans.factory.annotation.InitDestroyAnnotationBeanPostProcessor$LifecycleElement.invoke(InitDestroyAnnotationBeanPostProcessor.java:389)
	at org.springframework.beans.factory.annotation.InitDestroyAnnotationBeanPostProcessor$LifecycleMetadata.invokeInitMethods(InitDestroyAnnotationBeanPostProcessor.java:333)
	at org.springframework.beans.factory.annotation.InitDestroyAnnotationBeanPostProcessor.postProcessBeforeInitialization(InitDestroyAnnotationBeanPostProcessor.java:157)
	... 51 common frames omitted
Caused by: java.util.concurrent.RejectedExecutionException: Task java.util.concurrent.ScheduledThreadPoolExecutor$ScheduledFutureTask@72797384[Not completed, task = java.util.concurrent.Executors$RunnableAdapter@5c65353f[Wrapped task = com.netflix.servo.monitor.StatsMonitor$$Lambda$988/0x00000008008d6c40@6c681043]] rejected from java.util.concurrent.ScheduledThreadPoolExecutor@79060ee[Terminated, pool size = 0, active threads = 0, queued tasks = 0, completed tasks = 60]
	at java.base/java.util.concurrent.ThreadPoolExecutor$AbortPolicy.rejectedExecution(ThreadPoolExecutor.java:2055)
	at java.base/java.util.concurrent.ThreadPoolExecutor.reject(ThreadPoolExecutor.java:825)
	at java.base/java.util.concurrent.ScheduledThreadPoolExecutor.delayedExecute(ScheduledThreadPoolExecutor.java:340)
	at java.base/java.util.concurrent.ScheduledThreadPoolExecutor.scheduleWithFixedDelay(ScheduledThreadPoolExecutor.java:680)
	at com.netflix.servo.monitor.StatsMonitor.startComputingStats(StatsMonitor.java:409)
	at com.netflix.servo.monitor.StatsMonitor.lambda$new$0(StatsMonitor.java:365)
	at com.netflix.servo.monitor.StatsMonitor.startComputingStats(StatsMonitor.java:377)
	at com.netflix.servo.monitor.StatsTimer.<init>(StatsTimer.java:70)
	at com.netflix.servo.monitor.StatsTimer.<init>(StatsTimer.java:47)
	at com.netflix.eureka.util.batcher.AcceptorExecutor.<init>(AcceptorExecutor.java:116)
	at com.netflix.eureka.util.batcher.TaskDispatchers.createBatchingTaskDispatcher(TaskDispatchers.java:43)
	at com.netflix.eureka.cluster.PeerEurekaNode.<init>(PeerEurekaNode.java:104)
	at com.netflix.eureka.cluster.PeerEurekaNode.<init>(PeerEurekaNode.java:87)
	at org.springframework.cloud.netflix.eureka.server.EurekaServerAutoConfiguration$RefreshablePeerEurekaNodes.createPeerEurekaNode(EurekaServerAutoConfiguration.java:295)
	at com.netflix.eureka.cluster.PeerEurekaNodes.updatePeerEurekaNodes(PeerEurekaNodes.java:189)
	at com.netflix.eureka.cluster.PeerEurekaNodes.start(PeerEurekaNodes.java:87)
	... 59 common frames omitted
[INFO ] 2022-12-09 01:06:29.449 [restartedMain]  o.s.b.d.e.DevToolsPropertyDefaultsPostProcessor - Devtools property defaults active! Set 'spring.devtools.add-properties' to 'false' to disable
[INFO ] 2022-12-09 01:06:29.459 [restartedMain]  o.s.b.d.e.DevToolsPropertyDefaultsPostProcessor - For additional web related logging consider setting the 'logging.level.web' property to 'DEBUG'
[INFO ] 2022-12-09 01:06:30.881 [restartedMain]  o.s.c.c.s.GenericScope - BeanFactory id=b91a9997-9c64-30b7-9a9b-45cf896659f7
[INFO ] 2022-12-09 01:06:32.025 [restartedMain]  o.s.b.w.e.t.TomcatWebServer - Tomcat initialized with port(s): 8761 (http)
[INFO ] 2022-12-09 01:06:32.039 [restartedMain]  o.a.c.c.StandardService - Starting service [Tomcat]
[INFO ] 2022-12-09 01:06:32.040 [restartedMain]  o.a.c.c.StandardEngine - Starting Servlet engine: [Apache Tomcat/9.0.46]
[INFO ] 2022-12-09 01:06:32.189 [restartedMain]  o.a.c.c.C.[.[.[/] - Initializing Spring embedded WebApplicationContext
[INFO ] 2022-12-09 01:06:32.190 [restartedMain]  o.s.b.w.s.c.ServletWebServerApplicationContext - Root WebApplicationContext: initialization completed in 2731 ms
[INFO ] 2022-12-09 01:06:34.073 [restartedMain]  c.s.j.s.i.a.WebApplicationImpl - Initiating Jersey application, version 'Jersey: 1.19.4 05/24/2017 03:20 PM'
[INFO ] 2022-12-09 01:06:34.151 [restartedMain]  c.n.d.p.DiscoveryJerseyProvider - Using JSON encoding codec LegacyJacksonJson
[INFO ] 2022-12-09 01:06:34.155 [restartedMain]  c.n.d.p.DiscoveryJerseyProvider - Using JSON decoding codec LegacyJacksonJson
[INFO ] 2022-12-09 01:06:34.314 [restartedMain]  c.n.d.p.DiscoveryJerseyProvider - Using XML encoding codec XStreamXml
[INFO ] 2022-12-09 01:06:34.314 [restartedMain]  c.n.d.p.DiscoveryJerseyProvider - Using XML decoding codec XStreamXml
[INFO ] 2022-12-09 01:06:36.045 [restartedMain]  o.s.b.d.a.OptionalLiveReloadServer - LiveReload server is running on port 35729
[INFO ] 2022-12-09 01:06:36.089 [restartedMain]  o.s.c.n.e.c.DiscoveryClientOptionalArgsConfiguration - Eureka HTTP Client uses Jersey
[WARN ] 2022-12-09 01:06:36.277 [restartedMain]  o.s.c.l.c.LoadBalancerCacheAutoConfiguration$LoadBalancerCaffeineWarnLogger - Spring Cloud LoadBalancer is currently working with the default cache. You can switch to using Caffeine cache, by adding it and org.springframework.cache.caffeine.CaffeineCacheManager to the classpath.
[INFO ] 2022-12-09 01:06:36.306 [restartedMain]  o.s.c.n.e.InstanceInfoFactory - Setting initial instance status as: STARTING
[INFO ] 2022-12-09 01:06:36.350 [restartedMain]  c.n.d.DiscoveryClient - Initializing Eureka in region us-east-1
[INFO ] 2022-12-09 01:06:36.350 [restartedMain]  c.n.d.DiscoveryClient - Client configured to neither register nor query for data.
[INFO ] 2022-12-09 01:06:36.366 [restartedMain]  c.n.d.DiscoveryClient - Discovery Client initialized at timestamp 1670576796365 with initial instances count: 0
[INFO ] 2022-12-09 01:06:36.433 [restartedMain]  c.n.e.DefaultEurekaServerContext - Initializing ...
[INFO ] 2022-12-09 01:06:36.436 [restartedMain]  c.n.e.c.PeerEurekaNodes - Adding new peer nodes [http://localhost:8761/eureka/]
[INFO ] 2022-12-09 01:06:36.660 [restartedMain]  c.n.d.p.DiscoveryJerseyProvider - Using JSON encoding codec LegacyJacksonJson
[INFO ] 2022-12-09 01:06:36.661 [restartedMain]  c.n.d.p.DiscoveryJerseyProvider - Using JSON decoding codec LegacyJacksonJson
[INFO ] 2022-12-09 01:06:36.661 [restartedMain]  c.n.d.p.DiscoveryJerseyProvider - Using XML encoding codec XStreamXml
[INFO ] 2022-12-09 01:06:36.661 [restartedMain]  c.n.d.p.DiscoveryJerseyProvider - Using XML decoding codec XStreamXml
[INFO ] 2022-12-09 01:06:36.793 [restartedMain]  c.n.e.c.PeerEurekaNodes - Replica node URL:  http://localhost:8761/eureka/
[INFO ] 2022-12-09 01:06:36.802 [restartedMain]  c.n.e.r.AbstractInstanceRegistry - Finished initializing remote region registries. All known remote regions: []
[INFO ] 2022-12-09 01:06:36.803 [restartedMain]  c.n.e.DefaultEurekaServerContext - Initialized
[INFO ] 2022-12-09 01:06:36.867 [restartedMain]  o.s.b.a.e.w.EndpointLinksResolver - Exposing 16 endpoint(s) beneath base path '/actuator'
[INFO ] 2022-12-09 01:06:36.925 [restartedMain]  o.s.c.n.e.s.EurekaServiceRegistry - Registering application UNKNOWN with eureka with status UP
[INFO ] 2022-12-09 01:06:36.929 [Thread-15]  o.s.c.n.e.s.EurekaServerBootstrap - Setting the eureka configuration..
[INFO ] 2022-12-09 01:06:36.944 [Thread-15]  o.s.c.n.e.s.EurekaServerBootstrap - isAws returned false
[INFO ] 2022-12-09 01:06:36.945 [Thread-15]  o.s.c.n.e.s.EurekaServerBootstrap - Initialized server context
[INFO ] 2022-12-09 01:06:36.945 [Thread-15]  c.n.e.r.PeerAwareInstanceRegistryImpl - Got 1 instances from neighboring DS node
[INFO ] 2022-12-09 01:06:36.946 [Thread-15]  c.n.e.r.PeerAwareInstanceRegistryImpl - Renew threshold is: 1
[INFO ] 2022-12-09 01:06:36.947 [Thread-15]  c.n.e.r.PeerAwareInstanceRegistryImpl - Changing status to UP
[INFO ] 2022-12-09 01:06:36.960 [Thread-15]  o.s.c.n.e.s.EurekaServerInitializerConfiguration - Started Eureka Server
[INFO ] 2022-12-09 01:06:36.963 [restartedMain]  o.s.b.w.e.t.TomcatWebServer - Tomcat started on port(s): 8761 (http) with context path ''
[INFO ] 2022-12-09 01:06:36.965 [restartedMain]  o.s.c.n.e.s.EurekaAutoServiceRegistration - Updating port to 8761
[INFO ] 2022-12-09 01:07:36.953 [Eureka-EvictionTimer]  c.n.e.r.AbstractInstanceRegistry - Running the evict task with compensationTime 0ms
[INFO ] 2022-12-09 01:08:36.960 [Eureka-EvictionTimer]  c.n.e.r.AbstractInstanceRegistry - Running the evict task with compensationTime 4ms
[INFO ] 2022-12-09 01:09:36.965 [Eureka-EvictionTimer]  c.n.e.r.AbstractInstanceRegistry - Running the evict task with compensationTime 3ms
[INFO ] 2022-12-09 01:09:46.615 [http-nio-8761-exec-1]  o.a.c.c.C.[.[.[/] - Initializing Spring DispatcherServlet 'dispatcherServlet'
[INFO ] 2022-12-09 01:09:46.615 [http-nio-8761-exec-1]  o.s.w.s.DispatcherServlet - Initializing Servlet 'dispatcherServlet'
[INFO ] 2022-12-09 01:09:46.617 [http-nio-8761-exec-1]  o.s.w.s.DispatcherServlet - Completed initialization in 1 ms
[INFO ] 2022-12-09 01:09:46.915 [http-nio-8761-exec-2]  c.n.e.r.AbstractInstanceRegistry - Registered instance CONFIG-SERVER/192.168.0.234:CONFIG-SERVER:9196 with status UP (replication=false)
[INFO ] 2022-12-09 01:09:47.546 [http-nio-8761-exec-3]  c.n.e.r.AbstractInstanceRegistry - Registered instance CONFIG-SERVER/192.168.0.234:CONFIG-SERVER:9196 with status UP (replication=true)
[INFO ] 2022-12-09 01:10:10.203 [http-nio-8761-exec-5]  c.n.e.r.AbstractInstanceRegistry - Registered instance GATEWAY-SERVICE/192.168.0.234:gateway-service:8762 with status UP (replication=false)
[INFO ] 2022-12-09 01:10:10.722 [http-nio-8761-exec-6]  c.n.e.r.AbstractInstanceRegistry - Registered instance GATEWAY-SERVICE/192.168.0.234:gateway-service:8762 with status UP (replication=true)
[INFO ] 2022-12-09 01:10:36.881 [http-nio-8761-exec-1]  c.n.e.r.AbstractInstanceRegistry - Registered instance PAYMENT-SERVICE/192.168.0.234:payment-service:2226 with status UP (replication=false)
[INFO ] 2022-12-09 01:10:36.972 [Eureka-EvictionTimer]  c.n.e.r.AbstractInstanceRegistry - Running the evict task with compensationTime 5ms
[INFO ] 2022-12-09 01:10:37.395 [http-nio-8761-exec-2]  c.n.e.r.AbstractInstanceRegistry - Registered instance PAYMENT-SERVICE/192.168.0.234:payment-service:2226 with status UP (replication=true)
[INFO ] 2022-12-09 01:10:59.673 [http-nio-8761-exec-10]  c.n.e.r.AbstractInstanceRegistry - Registered instance ORDER-SERVICE/192.168.0.234:order-service:2224 with status UP (replication=false)
[INFO ] 2022-12-09 01:11:00.185 [http-nio-8761-exec-1]  c.n.e.r.AbstractInstanceRegistry - Registered instance ORDER-SERVICE/192.168.0.234:order-service:2224 with status UP (replication=true)
[INFO ] 2022-12-09 01:11:25.111 [http-nio-8761-exec-2]  c.n.e.r.AbstractInstanceRegistry - Registered instance ACCOUNT-SERVICE/192.168.0.234:account-service:2225 with status UP (replication=false)
[INFO ] 2022-12-09 01:11:25.627 [http-nio-8761-exec-3]  c.n.e.r.AbstractInstanceRegistry - Registered instance ACCOUNT-SERVICE/192.168.0.234:account-service:2225 with status UP (replication=true)
[INFO ] 2022-12-09 01:11:36.975 [Eureka-EvictionTimer]  c.n.e.r.AbstractInstanceRegistry - Running the evict task with compensationTime 1ms
[INFO ] 2022-12-09 01:11:46.174 [http-nio-8761-exec-4]  c.n.e.r.AbstractInstanceRegistry - Registered instance PRODUCT-SERVICE/192.168.0.234:product-service:2223 with status UP (replication=false)
[INFO ] 2022-12-09 01:11:46.688 [http-nio-8761-exec-5]  c.n.e.r.AbstractInstanceRegistry - Registered instance PRODUCT-SERVICE/192.168.0.234:product-service:2223 with status UP (replication=true)
[INFO ] 2022-12-09 01:12:11.582 [http-nio-8761-exec-2]  c.n.e.r.AbstractInstanceRegistry - Registered instance STORE-SERVICE/192.168.0.234:store-service:2222 with status UP (replication=false)
[INFO ] 2022-12-09 01:12:12.096 [http-nio-8761-exec-3]  c.n.e.r.AbstractInstanceRegistry - Registered instance STORE-SERVICE/192.168.0.234:store-service:2222 with status UP (replication=true)
[INFO ] 2022-12-09 01:12:36.979 [Eureka-EvictionTimer]  c.n.e.r.AbstractInstanceRegistry - Running the evict task with compensationTime 1ms
[INFO ] 2022-12-09 01:13:09.781 [http-nio-8761-exec-2]  c.n.e.r.AbstractInstanceRegistry - Registered instance HYSTRIX-DASHBOARD-SERVICE/192.168.0.234:hystrix-dashboard-service:8763 with status UP (replication=false)
[INFO ] 2022-12-09 01:13:10.291 [http-nio-8761-exec-6]  c.n.e.r.AbstractInstanceRegistry - Registered instance HYSTRIX-DASHBOARD-SERVICE/192.168.0.234:hystrix-dashboard-service:8763 with status UP (replication=true)
[INFO ] 2022-12-09 01:13:36.983 [Eureka-EvictionTimer]  c.n.e.r.AbstractInstanceRegistry - Running the evict task with compensationTime 2ms
[INFO ] 2022-12-09 01:14:36.985 [Eureka-EvictionTimer]  c.n.e.r.AbstractInstanceRegistry - Running the evict task with compensationTime 0ms
[INFO ] 2022-12-09 01:15:36.987 [Eureka-EvictionTimer]  c.n.e.r.AbstractInstanceRegistry - Running the evict task with compensationTime 85ms
[INFO ] 2022-12-09 01:16:36.987 [Eureka-EvictionTimer]  c.n.e.r.AbstractInstanceRegistry - Running the evict task with compensationTime 0ms
[INFO ] 2022-12-09 01:16:49.559 [SpringApplicationShutdownHook]  o.s.c.n.e.s.EurekaServiceRegistry - Unregistering application UNKNOWN with eureka with status DOWN
[INFO ] 2022-12-09 01:16:49.707 [SpringApplicationShutdownHook]  o.s.c.n.e.s.EurekaServerBootstrap - Shutting down Eureka Server..
[INFO ] 2022-12-09 01:16:49.737 [SpringApplicationShutdownHook]  c.n.e.DefaultEurekaServerContext - Shutting down ...
[INFO ] 2022-12-09 01:16:49.783 [SpringApplicationShutdownHook]  c.n.e.DefaultEurekaServerContext - Shut down
[INFO ] 2022-12-09 01:16:49.784 [SpringApplicationShutdownHook]  o.s.c.n.e.s.EurekaServerBootstrap - Eureka Service is now shutdown...
[INFO ] 2022-12-09 01:16:49.793 [SpringApplicationShutdownHook]  c.n.e.DefaultEurekaServerContext - Shutting down ...
[INFO ] 2022-12-09 01:16:49.808 [SpringApplicationShutdownHook]  c.n.e.DefaultEurekaServerContext - Shut down
[INFO ] 2022-12-09 01:16:50.846 [SpringApplicationShutdownHook]  c.n.d.DiscoveryClient - Shutting down DiscoveryClient ...
[INFO ] 2022-12-09 01:16:50.852 [SpringApplicationShutdownHook]  c.n.d.DiscoveryClient - Completed shut down of DiscoveryClient
