07-12-2022 14:14:35.679[background-preinit][ INFO][product-service][session-id=][parentSpanId=][traceId=][spanId=][spanExport=][o.h.validator.internal.util.Version::21::<clinit>] -- HV000001: Hibernate Validator 6.2.0.Final
07-12-2022 14:14:35.756[restartedMain][ INFO][product-service][session-id=][parentSpanId=][traceId=][spanId=][spanExport=][o.s.b.c.config.ConfigDataLoader::255::logTo] -- Fetching config from server at : http://localhost:9196
07-12-2022 14:14:35.758[restartedMain][ INFO][product-service][session-id=][parentSpanId=][traceId=][spanId=][spanExport=][o.s.b.c.config.ConfigDataLoader::255::logTo] -- Located environment: name=product-service, profiles=[development], label=null, version=fe4b25ce327aa44c91a2698fc037450059b92934, state=null
07-12-2022 14:14:35.760[restartedMain][ INFO][product-service][session-id=][parentSpanId=][traceId=][spanId=][spanExport=][o.s.b.d.e.DevToolsPropertyDefaultsPostProcessor::255::logTo] -- Devtools property defaults active! Set 'spring.devtools.add-properties' to 'false' to disable
07-12-2022 14:14:35.761[restartedMain][ INFO][product-service][session-id=][parentSpanId=][traceId=][spanId=][spanExport=][o.s.b.d.e.DevToolsPropertyDefaultsPostProcessor::255::logTo] -- For additional web related logging consider setting the 'logging.level.web' property to 'DEBUG'
07-12-2022 14:14:37.298[restartedMain][ INFO][product-service][session-id=][parentSpanId=][traceId=][spanId=][spanExport=][o.s.d.r.c.RepositoryConfigurationDelegate::132::registerRepositoriesIn] -- Bootstrapping Spring Data JPA repositories in DEFAULT mode.
07-12-2022 14:14:37.556[restartedMain][ INFO][product-service][session-id=][parentSpanId=][traceId=][spanId=][spanExport=][o.s.d.r.c.RepositoryConfigurationDelegate::201::registerRepositoriesIn] -- Finished Spring Data repository scanning in 246 ms. Found 1 JPA repository interfaces.
07-12-2022 14:14:38.001[restartedMain][ INFO][product-service][session-id=][parentSpanId=][traceId=][spanId=][spanExport=][o.s.cloud.context.scope.GenericScope::283::setSerializationId] -- BeanFactory id=c3dd76c1-4dcf-37d9-bdcb-7ac941499177
07-12-2022 14:14:39.042[restartedMain][ INFO][product-service][session-id=][parentSpanId=][traceId=][spanId=][spanExport=][o.s.b.w.e.tomcat.TomcatWebServer::108::initialize] -- Tomcat initialized with port(s): 2223 (http)
07-12-2022 14:14:39.056[restartedMain][ INFO][product-service][session-id=][parentSpanId=][traceId=][spanId=][spanExport=][o.a.coyote.http11.Http11NioProtocol::173::log] -- Initializing ProtocolHandler ["http-nio-2223"]
07-12-2022 14:14:39.057[restartedMain][ INFO][product-service][session-id=][parentSpanId=][traceId=][spanId=][spanExport=][o.a.catalina.core.StandardService::173::log] -- Starting service [Tomcat]
07-12-2022 14:14:39.058[restartedMain][ INFO][product-service][session-id=][parentSpanId=][traceId=][spanId=][spanExport=][o.a.catalina.core.StandardEngine::173::log] -- Starting Servlet engine: [Apache Tomcat/9.0.46]
07-12-2022 14:14:39.259[restartedMain][ INFO][product-service][session-id=][parentSpanId=][traceId=][spanId=][spanExport=][o.a.c.c.C.[.[localhost].[/product]::173::log] -- Initializing Spring embedded WebApplicationContext
07-12-2022 14:14:39.260[restartedMain][ INFO][product-service][session-id=][parentSpanId=][traceId=][spanId=][spanExport=][o.s.b.w.s.c.ServletWebServerApplicationContext::290::prepareWebApplicationContext] -- Root WebApplicationContext: initialization completed in 3498 ms
07-12-2022 14:14:39.631[restartedMain][ INFO][product-service][session-id=][parentSpanId=][traceId=][spanId=][spanExport=][com.zaxxer.hikari.HikariDataSource::110::getConnection] -- HikariPool-1 - Starting...
07-12-2022 14:14:40.004[restartedMain][ INFO][product-service][session-id=][parentSpanId=][traceId=][spanId=][spanExport=][com.zaxxer.hikari.HikariDataSource::123::getConnection] -- HikariPool-1 - Start completed.
07-12-2022 14:14:40.195[restartedMain][ INFO][product-service][session-id=][parentSpanId=][traceId=][spanId=][spanExport=][o.h.jpa.internal.util.LogHelper::31::logPersistenceUnitInformation] -- HHH000204: Processing PersistenceUnitInfo [name: default]
07-12-2022 14:14:40.324[restartedMain][ INFO][product-service][session-id=][parentSpanId=][traceId=][spanId=][spanExport=][org.hibernate.Version::44::logVersion] -- HHH000412: Hibernate ORM core version 5.4.32.Final
07-12-2022 14:14:40.945[restartedMain][ INFO][product-service][session-id=][parentSpanId=][traceId=][spanId=][spanExport=][o.h.annotations.common.Version::56::<clinit>] -- HCANN000001: Hibernate Commons Annotations {5.1.2.Final}
07-12-2022 14:14:41.252[restartedMain][ INFO][product-service][session-id=][parentSpanId=][traceId=][spanId=][spanExport=][org.hibernate.dialect.Dialect::175::<init>] -- HHH000400: Using dialect: org.hibernate.dialect.MySQL5InnoDBDialect
07-12-2022 14:14:42.838[restartedMain][ INFO][product-service][session-id=][parentSpanId=][traceId=][spanId=][spanExport=][o.h.e.t.j.p.i.JtaPlatformInitiator::52::initiateService] -- HHH000490: Using JtaPlatform implementation: [org.hibernate.engine.transaction.jta.platform.internal.NoJtaPlatform]
07-12-2022 14:14:42.855[restartedMain][ INFO][product-service][session-id=][parentSpanId=][traceId=][spanId=][spanExport=][o.s.o.j.LocalContainerEntityManagerFactoryBean::437::buildNativeEntityManagerFactory] -- Initialized JPA EntityManagerFactory for persistence unit 'default'
07-12-2022 14:14:43.416[restartedMain][ WARN][product-service][session-id=][parentSpanId=][traceId=][spanId=][spanExport=][o.s.b.a.o.j.JpaBaseConfiguration$JpaWebConfiguration::219::openEntityManagerInViewInterceptor] -- spring.jpa.open-in-view is enabled by default. Therefore, database queries may be performed during view rendering. Explicitly configure spring.jpa.open-in-view to disable this warning
07-12-2022 14:14:47.339[restartedMain][ WARN][product-service][session-id=][parentSpanId=][traceId=][spanId=][spanExport=][o.s.b.d.a.OptionalLiveReloadServer::61::startServer] -- Unable to start LiveReload server
07-12-2022 14:14:47.374[restartedMain][ INFO][product-service][session-id=][parentSpanId=][traceId=][spanId=][spanExport=][o.s.c.n.e.c.DiscoveryClientOptionalArgsConfiguration::87::discoveryClientOptionalArgs] -- Eureka HTTP Client uses Jersey
07-12-2022 14:14:47.522[restartedMain][ WARN][product-service][session-id=][parentSpanId=][traceId=][spanId=][spanExport=][o.s.c.l.c.LoadBalancerCacheAutoConfiguration$LoadBalancerCaffeineWarnLogger::82::logWarning] -- Spring Cloud LoadBalancer is currently working with the default cache. You can switch to using Caffeine cache, by adding it and org.springframework.cache.caffeine.CaffeineCacheManager to the classpath.
07-12-2022 14:14:47.571[restartedMain][ INFO][product-service][session-id=][parentSpanId=][traceId=][spanId=][spanExport=][o.s.b.a.e.web.EndpointLinksResolver::58::<init>] -- Exposing 16 endpoint(s) beneath base path '/actuator'
07-12-2022 14:14:47.666[restartedMain][ INFO][product-service][session-id=][parentSpanId=][traceId=][spanId=][spanExport=][o.s.c.n.eureka.InstanceInfoFactory::67::create] -- Setting initial instance status as: STARTING
07-12-2022 14:14:47.893[restartedMain][ INFO][product-service][session-id=][parentSpanId=][traceId=][spanId=][spanExport=][c.netflix.discovery.DiscoveryClient::372::<init>] -- Initializing Eureka in region us-east-1
07-12-2022 14:14:48.242[restartedMain][ INFO][product-service][session-id=][parentSpanId=][traceId=][spanId=][spanExport=][c.n.d.p.DiscoveryJerseyProvider::70::<init>] -- Using JSON encoding codec LegacyJacksonJson
07-12-2022 14:14:48.243[restartedMain][ INFO][product-service][session-id=][parentSpanId=][traceId=][spanId=][spanExport=][c.n.d.p.DiscoveryJerseyProvider::71::<init>] -- Using JSON decoding codec LegacyJacksonJson
07-12-2022 14:14:48.555[restartedMain][ INFO][product-service][session-id=][parentSpanId=][traceId=][spanId=][spanExport=][c.n.d.p.DiscoveryJerseyProvider::80::<init>] -- Using XML encoding codec XStreamXml
07-12-2022 14:14:48.556[restartedMain][ INFO][product-service][session-id=][parentSpanId=][traceId=][spanId=][spanExport=][c.n.d.p.DiscoveryJerseyProvider::81::<init>] -- Using XML decoding codec XStreamXml
07-12-2022 14:14:49.278[restartedMain][ INFO][product-service][session-id=][parentSpanId=][traceId=][spanId=][spanExport=][c.n.d.s.r.aws.ConfigClusterResolver::43::getClusterEndpoints] -- Resolving eureka endpoints via configuration
07-12-2022 14:14:49.333[restartedMain][ INFO][product-service][session-id=][parentSpanId=][traceId=][spanId=][spanExport=][c.netflix.discovery.DiscoveryClient::1007::fetchRegistry] -- Disable delta property : false
07-12-2022 14:14:49.336[restartedMain][ INFO][product-service][session-id=][parentSpanId=][traceId=][spanId=][spanExport=][c.netflix.discovery.DiscoveryClient::1008::fetchRegistry] -- Single vip registry refresh property : null
07-12-2022 14:14:49.337[restartedMain][ INFO][product-service][session-id=][parentSpanId=][traceId=][spanId=][spanExport=][c.netflix.discovery.DiscoveryClient::1009::fetchRegistry] -- Force full registry fetch : false
07-12-2022 14:14:49.338[restartedMain][ INFO][product-service][session-id=][parentSpanId=][traceId=][spanId=][spanExport=][c.netflix.discovery.DiscoveryClient::1010::fetchRegistry] -- Application is null : false
07-12-2022 14:14:49.339[restartedMain][ INFO][product-service][session-id=][parentSpanId=][traceId=][spanId=][spanExport=][c.netflix.discovery.DiscoveryClient::1011::fetchRegistry] -- Registered Applications size is zero : true
07-12-2022 14:14:49.339[restartedMain][ INFO][product-service][session-id=][parentSpanId=][traceId=][spanId=][spanExport=][c.netflix.discovery.DiscoveryClient::1013::fetchRegistry] -- Application version is -1: true
07-12-2022 14:14:49.340[restartedMain][ INFO][product-service][session-id=][parentSpanId=][traceId=][spanId=][spanExport=][c.netflix.discovery.DiscoveryClient::1097::getAndStoreFullRegistry] -- Getting all instance registry info from the eureka server
07-12-2022 14:14:49.617[restartedMain][ INFO][product-service][session-id=][parentSpanId=][traceId=][spanId=][spanExport=][c.netflix.discovery.DiscoveryClient::1106::getAndStoreFullRegistry] -- The response status is 200
07-12-2022 14:14:49.622[restartedMain][ INFO][product-service][session-id=][parentSpanId=][traceId=][spanId=][spanExport=][c.netflix.discovery.DiscoveryClient::1321::initScheduledTasks] -- Starting heartbeat executor: renew interval is: 30
07-12-2022 14:14:49.629[restartedMain][ INFO][product-service][session-id=][parentSpanId=][traceId=][spanId=][spanExport=][c.n.discovery.InstanceInfoReplicator::60::<init>] -- InstanceInfoReplicator onDemand update allowed rate per min is 4
07-12-2022 14:14:49.636[restartedMain][ INFO][product-service][session-id=][parentSpanId=][traceId=][spanId=][spanExport=][c.netflix.discovery.DiscoveryClient::492::<init>] -- Discovery Client initialized at timestamp 1670451289634 with initial instances count: 3
07-12-2022 14:14:49.642[restartedMain][ INFO][product-service][session-id=][parentSpanId=][traceId=][spanId=][spanExport=][o.s.c.n.e.s.EurekaServiceRegistry::41::register] -- Registering application PRODUCT-SERVICE with eureka with status UP
07-12-2022 14:14:49.643[restartedMain][ INFO][product-service][session-id=][parentSpanId=][traceId=][spanId=][spanExport=][c.netflix.discovery.DiscoveryClient::1352::notify] -- Saw local status change event StatusChangeEvent [timestamp=1670451289643, current=UP, previous=STARTING]
07-12-2022 14:14:49.646[DiscoveryClient-InstanceInfoReplicator-0][ INFO][product-service][session-id=][parentSpanId=][traceId=][spanId=][spanExport=][c.netflix.discovery.DiscoveryClient::873::register] -- DiscoveryClient_PRODUCT-SERVICE/192.168.0.234:product-service:2223: registering service...
07-12-2022 14:14:49.655[restartedMain][ INFO][product-service][session-id=][parentSpanId=][traceId=][spanId=][spanExport=][o.a.coyote.http11.Http11NioProtocol::173::log] -- Starting ProtocolHandler ["http-nio-2223"]
07-12-2022 14:14:49.696[DiscoveryClient-InstanceInfoReplicator-0][ INFO][product-service][session-id=][parentSpanId=][traceId=][spanId=][spanExport=][c.netflix.discovery.DiscoveryClient::882::register] -- DiscoveryClient_PRODUCT-SERVICE/192.168.0.234:product-service:2223 - registration status: 204
07-12-2022 14:14:49.698[restartedMain][ INFO][product-service][session-id=][parentSpanId=][traceId=][spanId=][spanExport=][o.s.b.w.e.tomcat.TomcatWebServer::220::start] -- Tomcat started on port(s): 2223 (http) with context path '/product'
07-12-2022 14:14:49.699[restartedMain][ INFO][product-service][session-id=][parentSpanId=][traceId=][spanId=][spanExport=][o.s.c.n.e.s.EurekaAutoServiceRegistration::144::onApplicationEvent] -- Updating port to 2223
07-12-2022 14:19:49.411[AsyncResolver-bootstrap-executor-0][ INFO][product-service][session-id=][parentSpanId=][traceId=][spanId=][spanExport=][c.n.d.s.r.aws.ConfigClusterResolver::43::getClusterEndpoints] -- Resolving eureka endpoints via configuration
07-12-2022 14:24:49.503[AsyncResolver-bootstrap-executor-0][ INFO][product-service][session-id=][parentSpanId=][traceId=][spanId=][spanExport=][c.n.d.s.r.aws.ConfigClusterResolver::43::getClusterEndpoints] -- Resolving eureka endpoints via configuration
07-12-2022 14:29:49.512[AsyncResolver-bootstrap-executor-0][ INFO][product-service][session-id=][parentSpanId=][traceId=][spanId=][spanExport=][c.n.d.s.r.aws.ConfigClusterResolver::43::getClusterEndpoints] -- Resolving eureka endpoints via configuration
07-12-2022 14:34:49.532[AsyncResolver-bootstrap-executor-0][ INFO][product-service][session-id=][parentSpanId=][traceId=][spanId=][spanExport=][c.n.d.s.r.aws.ConfigClusterResolver::43::getClusterEndpoints] -- Resolving eureka endpoints via configuration
07-12-2022 14:39:49.567[AsyncResolver-bootstrap-executor-0][ INFO][product-service][session-id=][parentSpanId=][traceId=][spanId=][spanExport=][c.n.d.s.r.aws.ConfigClusterResolver::43::getClusterEndpoints] -- Resolving eureka endpoints via configuration
07-12-2022 14:44:49.576[AsyncResolver-bootstrap-executor-0][ INFO][product-service][session-id=][parentSpanId=][traceId=][spanId=][spanExport=][c.n.d.s.r.aws.ConfigClusterResolver::43::getClusterEndpoints] -- Resolving eureka endpoints via configuration
07-12-2022 14:49:49.583[AsyncResolver-bootstrap-executor-0][ INFO][product-service][session-id=][parentSpanId=][traceId=][spanId=][spanExport=][c.n.d.s.r.aws.ConfigClusterResolver::43::getClusterEndpoints] -- Resolving eureka endpoints via configuration
07-12-2022 15:03:24.010[HikariPool-1 housekeeper][ WARN][product-service][session-id=][parentSpanId=][traceId=][spanId=][spanExport=][com.zaxxer.hikari.pool.HikariPool::788::run] -- HikariPool-1 - Thread starvation or clock leap detected (housekeeper delta=9m43s613ms).
07-12-2022 15:04:03.375[AsyncResolver-bootstrap-executor-0][ INFO][product-service][session-id=][parentSpanId=][traceId=][spanId=][spanExport=][c.n.d.s.r.aws.ConfigClusterResolver::43::getClusterEndpoints] -- Resolving eureka endpoints via configuration
07-12-2022 15:09:03.392[AsyncResolver-bootstrap-executor-0][ INFO][product-service][session-id=][parentSpanId=][traceId=][spanId=][spanExport=][c.n.d.s.r.aws.ConfigClusterResolver::43::getClusterEndpoints] -- Resolving eureka endpoints via configuration
07-12-2022 15:14:03.408[AsyncResolver-bootstrap-executor-0][ INFO][product-service][session-id=][parentSpanId=][traceId=][spanId=][spanExport=][c.n.d.s.r.aws.ConfigClusterResolver::43::getClusterEndpoints] -- Resolving eureka endpoints via configuration
07-12-2022 15:19:03.419[AsyncResolver-bootstrap-executor-0][ INFO][product-service][session-id=][parentSpanId=][traceId=][spanId=][spanExport=][c.n.d.s.r.aws.ConfigClusterResolver::43::getClusterEndpoints] -- Resolving eureka endpoints via configuration
07-12-2022 15:24:03.431[AsyncResolver-bootstrap-executor-0][ INFO][product-service][session-id=][parentSpanId=][traceId=][spanId=][spanExport=][c.n.d.s.r.aws.ConfigClusterResolver::43::getClusterEndpoints] -- Resolving eureka endpoints via configuration
07-12-2022 15:29:03.447[AsyncResolver-bootstrap-executor-0][ INFO][product-service][session-id=][parentSpanId=][traceId=][spanId=][spanExport=][c.n.d.s.r.aws.ConfigClusterResolver::43::getClusterEndpoints] -- Resolving eureka endpoints via configuration
07-12-2022 15:34:03.461[AsyncResolver-bootstrap-executor-0][ INFO][product-service][session-id=][parentSpanId=][traceId=][spanId=][spanExport=][c.n.d.s.r.aws.ConfigClusterResolver::43::getClusterEndpoints] -- Resolving eureka endpoints via configuration
07-12-2022 15:39:03.451[AsyncResolver-bootstrap-executor-0][ INFO][product-service][session-id=][parentSpanId=][traceId=][spanId=][spanExport=][c.n.d.s.r.aws.ConfigClusterResolver::43::getClusterEndpoints] -- Resolving eureka endpoints via configuration
07-12-2022 15:44:03.467[AsyncResolver-bootstrap-executor-0][ INFO][product-service][session-id=][parentSpanId=][traceId=][spanId=][spanExport=][c.n.d.s.r.aws.ConfigClusterResolver::43::getClusterEndpoints] -- Resolving eureka endpoints via configuration
07-12-2022 15:49:03.481[AsyncResolver-bootstrap-executor-0][ INFO][product-service][session-id=][parentSpanId=][traceId=][spanId=][spanExport=][c.n.d.s.r.aws.ConfigClusterResolver::43::getClusterEndpoints] -- Resolving eureka endpoints via configuration
07-12-2022 15:54:03.494[AsyncResolver-bootstrap-executor-0][ INFO][product-service][session-id=][parentSpanId=][traceId=][spanId=][spanExport=][c.n.d.s.r.aws.ConfigClusterResolver::43::getClusterEndpoints] -- Resolving eureka endpoints via configuration
07-12-2022 15:59:03.470[AsyncResolver-bootstrap-executor-0][ INFO][product-service][session-id=][parentSpanId=][traceId=][spanId=][spanExport=][c.n.d.s.r.aws.ConfigClusterResolver::43::getClusterEndpoints] -- Resolving eureka endpoints via configuration
07-12-2022 16:04:03.480[AsyncResolver-bootstrap-executor-0][ INFO][product-service][session-id=][parentSpanId=][traceId=][spanId=][spanExport=][c.n.d.s.r.aws.ConfigClusterResolver::43::getClusterEndpoints] -- Resolving eureka endpoints via configuration
07-12-2022 16:09:03.499[AsyncResolver-bootstrap-executor-0][ INFO][product-service][session-id=][parentSpanId=][traceId=][spanId=][spanExport=][c.n.d.s.r.aws.ConfigClusterResolver::43::getClusterEndpoints] -- Resolving eureka endpoints via configuration
07-12-2022 16:14:03.521[AsyncResolver-bootstrap-executor-0][ INFO][product-service][session-id=][parentSpanId=][traceId=][spanId=][spanExport=][c.n.d.s.r.aws.ConfigClusterResolver::43::getClusterEndpoints] -- Resolving eureka endpoints via configuration
07-12-2022 16:19:03.531[AsyncResolver-bootstrap-executor-0][ INFO][product-service][session-id=][parentSpanId=][traceId=][spanId=][spanExport=][c.n.d.s.r.aws.ConfigClusterResolver::43::getClusterEndpoints] -- Resolving eureka endpoints via configuration
07-12-2022 16:24:03.543[AsyncResolver-bootstrap-executor-0][ INFO][product-service][session-id=][parentSpanId=][traceId=][spanId=][spanExport=][c.n.d.s.r.aws.ConfigClusterResolver::43::getClusterEndpoints] -- Resolving eureka endpoints via configuration
07-12-2022 16:27:36.494[DiscoveryClient-CacheRefreshExecutor-0][ INFO][product-service][session-id=][parentSpanId=][traceId=][spanId=][spanExport=][c.n.d.s.t.d.RedirectingEurekaHttpClient::93::execute] -- Request execution error. endpoint=DefaultEndpoint{ serviceUrl='http://localhost:8761/eureka/} exception=java.net.ConnectException: Connection refused (Connection refused) stacktrace=com.sun.jersey.api.client.ClientHandlerException: java.net.ConnectException: Connection refused (Connection refused)
	at com.sun.jersey.client.apache4.ApacheHttpClient4Handler.handle(ApacheHttpClient4Handler.java:187)
	at com.sun.jersey.api.client.filter.GZIPContentEncodingFilter.handle(GZIPContentEncodingFilter.java:123)
	at com.netflix.discovery.EurekaIdentityHeaderFilter.handle(EurekaIdentityHeaderFilter.java:27)
	at com.sun.jersey.api.client.Client.handle(Client.java:652)
	at com.sun.jersey.api.client.WebResource.handle(WebResource.java:682)
	at com.sun.jersey.api.client.WebResource.access$200(WebResource.java:74)
	at com.sun.jersey.api.client.WebResource$Builder.get(WebResource.java:509)
	at com.netflix.discovery.shared.transport.jersey.AbstractJerseyEurekaHttpClient.getApplicationsInternal(AbstractJerseyEurekaHttpClient.java:196)
	at com.netflix.discovery.shared.transport.jersey.AbstractJerseyEurekaHttpClient.getDelta(AbstractJerseyEurekaHttpClient.java:172)
	at com.netflix.discovery.shared.transport.decorator.EurekaHttpClientDecorator$7.execute(EurekaHttpClientDecorator.java:152)
	at com.netflix.discovery.shared.transport.decorator.MetricsCollectingEurekaHttpClient.execute(MetricsCollectingEurekaHttpClient.java:73)
	at com.netflix.discovery.shared.transport.decorator.EurekaHttpClientDecorator.getDelta(EurekaHttpClientDecorator.java:149)
	at com.netflix.discovery.shared.transport.decorator.EurekaHttpClientDecorator$7.execute(EurekaHttpClientDecorator.java:152)
	at com.netflix.discovery.shared.transport.decorator.RedirectingEurekaHttpClient.execute(RedirectingEurekaHttpClient.java:91)
	at com.netflix.discovery.shared.transport.decorator.EurekaHttpClientDecorator.getDelta(EurekaHttpClientDecorator.java:149)
	at com.netflix.discovery.shared.transport.decorator.EurekaHttpClientDecorator$7.execute(EurekaHttpClientDecorator.java:152)
	at com.netflix.discovery.shared.transport.decorator.RetryableEurekaHttpClient.execute(RetryableEurekaHttpClient.java:120)
	at com.netflix.discovery.shared.transport.decorator.EurekaHttpClientDecorator.getDelta(EurekaHttpClientDecorator.java:149)
	at com.netflix.discovery.shared.transport.decorator.EurekaHttpClientDecorator$7.execute(EurekaHttpClientDecorator.java:152)
	at com.netflix.discovery.shared.transport.decorator.SessionedEurekaHttpClient.execute(SessionedEurekaHttpClient.java:77)
	at com.netflix.discovery.shared.transport.decorator.EurekaHttpClientDecorator.getDelta(EurekaHttpClientDecorator.java:149)
	at com.netflix.discovery.DiscoveryClient.getAndUpdateDelta(DiscoveryClient.java:1135)
	at com.netflix.discovery.DiscoveryClient.fetchRegistry(DiscoveryClient.java:1016)
	at com.netflix.discovery.DiscoveryClient.refreshRegistry(DiscoveryClient.java:1531)
	at com.netflix.discovery.DiscoveryClient$CacheRefreshThread.run(DiscoveryClient.java:1498)
	at java.base/java.util.concurrent.Executors$RunnableAdapter.call(Executors.java:515)
	at java.base/java.util.concurrent.FutureTask.run(FutureTask.java:264)
	at java.base/java.util.concurrent.ThreadPoolExecutor.runWorker(ThreadPoolExecutor.java:1128)
	at java.base/java.util.concurrent.ThreadPoolExecutor$Worker.run(ThreadPoolExecutor.java:628)
	at java.base/java.lang.Thread.run(Thread.java:834)
Caused by: java.net.ConnectException: Connection refused (Connection refused)
	at java.base/java.net.PlainSocketImpl.socketConnect(Native Method)
	at java.base/java.net.AbstractPlainSocketImpl.doConnect(AbstractPlainSocketImpl.java:399)
	at java.base/java.net.AbstractPlainSocketImpl.connectToAddress(AbstractPlainSocketImpl.java:242)
	at java.base/java.net.AbstractPlainSocketImpl.connect(AbstractPlainSocketImpl.java:224)
	at java.base/java.net.SocksSocketImpl.connect(SocksSocketImpl.java:403)
	at java.base/java.net.Socket.connect(Socket.java:591)
	at org.apache.http.conn.scheme.PlainSocketFactory.connectSocket(PlainSocketFactory.java:121)
	at org.apache.http.impl.conn.DefaultClientConnectionOperator.openConnection(DefaultClientConnectionOperator.java:180)
	at org.apache.http.impl.conn.AbstractPoolEntry.open(AbstractPoolEntry.java:144)
	at org.apache.http.impl.conn.AbstractPooledConnAdapter.open(AbstractPooledConnAdapter.java:134)
	at org.apache.http.impl.client.DefaultRequestDirector.tryConnect(DefaultRequestDirector.java:605)
	at org.apache.http.impl.client.DefaultRequestDirector.execute(DefaultRequestDirector.java:440)
	at org.apache.http.impl.client.AbstractHttpClient.doExecute(AbstractHttpClient.java:835)
	at org.apache.http.impl.client.CloseableHttpClient.execute(CloseableHttpClient.java:118)
	at org.apache.http.impl.client.CloseableHttpClient.execute(CloseableHttpClient.java:56)
	at com.sun.jersey.client.apache4.ApacheHttpClient4Handler.handle(ApacheHttpClient4Handler.java:173)
	... 29 more

07-12-2022 16:27:36.502[DiscoveryClient-CacheRefreshExecutor-0][ WARN][product-service][session-id=][parentSpanId=][traceId=][spanId=][spanExport=][c.n.d.s.t.d.RetryableEurekaHttpClient::130::execute] -- Request execution failed with message: java.net.ConnectException: Connection refused (Connection refused)
07-12-2022 16:27:36.507[DiscoveryClient-CacheRefreshExecutor-0][ INFO][product-service][session-id=][parentSpanId=][traceId=][spanId=][spanExport=][c.n.d.s.t.d.RedirectingEurekaHttpClient::84::execute] -- Request execution error. endpoint=DefaultEndpoint{ serviceUrl='http://localhost:8761/eureka/}, exception=java.net.ConnectException: Connection refused (Connection refused) stacktrace=com.sun.jersey.api.client.ClientHandlerException: java.net.ConnectException: Connection refused (Connection refused)
	at com.sun.jersey.client.apache4.ApacheHttpClient4Handler.handle(ApacheHttpClient4Handler.java:187)
	at com.sun.jersey.api.client.filter.GZIPContentEncodingFilter.handle(GZIPContentEncodingFilter.java:123)
	at com.netflix.discovery.EurekaIdentityHeaderFilter.handle(EurekaIdentityHeaderFilter.java:27)
	at com.sun.jersey.api.client.Client.handle(Client.java:652)
	at com.sun.jersey.api.client.WebResource.handle(WebResource.java:682)
	at com.sun.jersey.api.client.WebResource.access$200(WebResource.java:74)
	at com.sun.jersey.api.client.WebResource$Builder.get(WebResource.java:509)
	at com.netflix.discovery.shared.transport.jersey.AbstractJerseyEurekaHttpClient.getApplicationsInternal(AbstractJerseyEurekaHttpClient.java:196)
	at com.netflix.discovery.shared.transport.jersey.AbstractJerseyEurekaHttpClient.getDelta(AbstractJerseyEurekaHttpClient.java:172)
	at com.netflix.discovery.shared.transport.decorator.EurekaHttpClientDecorator$7.execute(EurekaHttpClientDecorator.java:152)
	at com.netflix.discovery.shared.transport.decorator.MetricsCollectingEurekaHttpClient.execute(MetricsCollectingEurekaHttpClient.java:73)
	at com.netflix.discovery.shared.transport.decorator.EurekaHttpClientDecorator.getDelta(EurekaHttpClientDecorator.java:149)
	at com.netflix.discovery.shared.transport.decorator.EurekaHttpClientDecorator$7.execute(EurekaHttpClientDecorator.java:152)
	at com.netflix.discovery.shared.transport.decorator.RedirectingEurekaHttpClient.executeOnNewServer(RedirectingEurekaHttpClient.java:121)
	at com.netflix.discovery.shared.transport.decorator.RedirectingEurekaHttpClient.execute(RedirectingEurekaHttpClient.java:80)
	at com.netflix.discovery.shared.transport.decorator.EurekaHttpClientDecorator.getDelta(EurekaHttpClientDecorator.java:149)
	at com.netflix.discovery.shared.transport.decorator.EurekaHttpClientDecorator$7.execute(EurekaHttpClientDecorator.java:152)
	at com.netflix.discovery.shared.transport.decorator.RetryableEurekaHttpClient.execute(RetryableEurekaHttpClient.java:120)
	at com.netflix.discovery.shared.transport.decorator.EurekaHttpClientDecorator.getDelta(EurekaHttpClientDecorator.java:149)
	at com.netflix.discovery.shared.transport.decorator.EurekaHttpClientDecorator$7.execute(EurekaHttpClientDecorator.java:152)
	at com.netflix.discovery.shared.transport.decorator.SessionedEurekaHttpClient.execute(SessionedEurekaHttpClient.java:77)
	at com.netflix.discovery.shared.transport.decorator.EurekaHttpClientDecorator.getDelta(EurekaHttpClientDecorator.java:149)
	at com.netflix.discovery.DiscoveryClient.getAndUpdateDelta(DiscoveryClient.java:1135)
	at com.netflix.discovery.DiscoveryClient.fetchRegistry(DiscoveryClient.java:1016)
	at com.netflix.discovery.DiscoveryClient.refreshRegistry(DiscoveryClient.java:1531)
	at com.netflix.discovery.DiscoveryClient$CacheRefreshThread.run(DiscoveryClient.java:1498)
	at java.base/java.util.concurrent.Executors$RunnableAdapter.call(Executors.java:515)
	at java.base/java.util.concurrent.FutureTask.run(FutureTask.java:264)
	at java.base/java.util.concurrent.ThreadPoolExecutor.runWorker(ThreadPoolExecutor.java:1128)
	at java.base/java.util.concurrent.ThreadPoolExecutor$Worker.run(ThreadPoolExecutor.java:628)
	at java.base/java.lang.Thread.run(Thread.java:834)
Caused by: java.net.ConnectException: Connection refused (Connection refused)
	at java.base/java.net.PlainSocketImpl.socketConnect(Native Method)
	at java.base/java.net.AbstractPlainSocketImpl.doConnect(AbstractPlainSocketImpl.java:399)
	at java.base/java.net.AbstractPlainSocketImpl.connectToAddress(AbstractPlainSocketImpl.java:242)
	at java.base/java.net.AbstractPlainSocketImpl.connect(AbstractPlainSocketImpl.java:224)
	at java.base/java.net.SocksSocketImpl.connect(SocksSocketImpl.java:403)
	at java.base/java.net.Socket.connect(Socket.java:591)
	at org.apache.http.conn.scheme.PlainSocketFactory.connectSocket(PlainSocketFactory.java:121)
	at org.apache.http.impl.conn.DefaultClientConnectionOperator.openConnection(DefaultClientConnectionOperator.java:180)
	at org.apache.http.impl.conn.AbstractPoolEntry.open(AbstractPoolEntry.java:144)
	at org.apache.http.impl.conn.AbstractPooledConnAdapter.open(AbstractPooledConnAdapter.java:134)
	at org.apache.http.impl.client.DefaultRequestDirector.tryConnect(DefaultRequestDirector.java:605)
	at org.apache.http.impl.client.DefaultRequestDirector.execute(DefaultRequestDirector.java:440)
	at org.apache.http.impl.client.AbstractHttpClient.doExecute(AbstractHttpClient.java:835)
	at org.apache.http.impl.client.CloseableHttpClient.execute(CloseableHttpClient.java:118)
	at org.apache.http.impl.client.CloseableHttpClient.execute(CloseableHttpClient.java:56)
	at com.sun.jersey.client.apache4.ApacheHttpClient4Handler.handle(ApacheHttpClient4Handler.java:173)
	... 30 more

07-12-2022 16:27:36.510[DiscoveryClient-CacheRefreshExecutor-0][ WARN][product-service][session-id=][parentSpanId=][traceId=][spanId=][spanExport=][c.n.d.s.t.d.RetryableEurekaHttpClient::130::execute] -- Request execution failed with message: java.net.ConnectException: Connection refused (Connection refused)
07-12-2022 16:27:36.513[DiscoveryClient-CacheRefreshExecutor-0][ INFO][product-service][session-id=][parentSpanId=][traceId=][spanId=][spanExport=][c.netflix.discovery.DiscoveryClient::1021::fetchRegistry] -- DiscoveryClient_PRODUCT-SERVICE/192.168.0.234:product-service:2223 - was unable to refresh its cache! This periodic background refresh will be retried in 30 seconds. status = Cannot execute request on any known server stacktrace = com.netflix.discovery.shared.transport.TransportException: Cannot execute request on any known server
	at com.netflix.discovery.shared.transport.decorator.RetryableEurekaHttpClient.execute(RetryableEurekaHttpClient.java:112)
	at com.netflix.discovery.shared.transport.decorator.EurekaHttpClientDecorator.getDelta(EurekaHttpClientDecorator.java:149)
	at com.netflix.discovery.shared.transport.decorator.EurekaHttpClientDecorator$7.execute(EurekaHttpClientDecorator.java:152)
	at com.netflix.discovery.shared.transport.decorator.SessionedEurekaHttpClient.execute(SessionedEurekaHttpClient.java:77)
	at com.netflix.discovery.shared.transport.decorator.EurekaHttpClientDecorator.getDelta(EurekaHttpClientDecorator.java:149)
	at com.netflix.discovery.DiscoveryClient.getAndUpdateDelta(DiscoveryClient.java:1135)
	at com.netflix.discovery.DiscoveryClient.fetchRegistry(DiscoveryClient.java:1016)
	at com.netflix.discovery.DiscoveryClient.refreshRegistry(DiscoveryClient.java:1531)
	at com.netflix.discovery.DiscoveryClient$CacheRefreshThread.run(DiscoveryClient.java:1498)
	at java.base/java.util.concurrent.Executors$RunnableAdapter.call(Executors.java:515)
	at java.base/java.util.concurrent.FutureTask.run(FutureTask.java:264)
	at java.base/java.util.concurrent.ThreadPoolExecutor.runWorker(ThreadPoolExecutor.java:1128)
	at java.base/java.util.concurrent.ThreadPoolExecutor$Worker.run(ThreadPoolExecutor.java:628)
	at java.base/java.lang.Thread.run(Thread.java:834)

07-12-2022 16:27:36.534[DiscoveryClient-HeartbeatExecutor-0][ INFO][product-service][session-id=][parentSpanId=][traceId=][spanId=][spanExport=][c.n.d.s.t.d.RedirectingEurekaHttpClient::93::execute] -- Request execution error. endpoint=DefaultEndpoint{ serviceUrl='http://localhost:8761/eureka/} exception=java.net.ConnectException: Connection refused (Connection refused) stacktrace=com.sun.jersey.api.client.ClientHandlerException: java.net.ConnectException: Connection refused (Connection refused)
	at com.sun.jersey.client.apache4.ApacheHttpClient4Handler.handle(ApacheHttpClient4Handler.java:187)
	at com.sun.jersey.api.client.filter.GZIPContentEncodingFilter.handle(GZIPContentEncodingFilter.java:123)
	at com.netflix.discovery.EurekaIdentityHeaderFilter.handle(EurekaIdentityHeaderFilter.java:27)
	at com.sun.jersey.api.client.Client.handle(Client.java:652)
	at com.sun.jersey.api.client.WebResource.handle(WebResource.java:682)
	at com.sun.jersey.api.client.WebResource.access$200(WebResource.java:74)
	at com.sun.jersey.api.client.WebResource$Builder.put(WebResource.java:529)
	at com.netflix.discovery.shared.transport.jersey.AbstractJerseyEurekaHttpClient.sendHeartBeat(AbstractJerseyEurekaHttpClient.java:103)
	at com.netflix.discovery.shared.transport.decorator.EurekaHttpClientDecorator$3.execute(EurekaHttpClientDecorator.java:92)
	at com.netflix.discovery.shared.transport.decorator.MetricsCollectingEurekaHttpClient.execute(MetricsCollectingEurekaHttpClient.java:73)
	at com.netflix.discovery.shared.transport.decorator.EurekaHttpClientDecorator.sendHeartBeat(EurekaHttpClientDecorator.java:89)
	at com.netflix.discovery.shared.transport.decorator.EurekaHttpClientDecorator$3.execute(EurekaHttpClientDecorator.java:92)
	at com.netflix.discovery.shared.transport.decorator.RedirectingEurekaHttpClient.execute(RedirectingEurekaHttpClient.java:91)
	at com.netflix.discovery.shared.transport.decorator.EurekaHttpClientDecorator.sendHeartBeat(EurekaHttpClientDecorator.java:89)
	at com.netflix.discovery.shared.transport.decorator.EurekaHttpClientDecorator$3.execute(EurekaHttpClientDecorator.java:92)
	at com.netflix.discovery.shared.transport.decorator.RetryableEurekaHttpClient.execute(RetryableEurekaHttpClient.java:120)
	at com.netflix.discovery.shared.transport.decorator.EurekaHttpClientDecorator.sendHeartBeat(EurekaHttpClientDecorator.java:89)
	at com.netflix.discovery.shared.transport.decorator.EurekaHttpClientDecorator$3.execute(EurekaHttpClientDecorator.java:92)
	at com.netflix.discovery.shared.transport.decorator.SessionedEurekaHttpClient.execute(SessionedEurekaHttpClient.java:77)
	at com.netflix.discovery.shared.transport.decorator.EurekaHttpClientDecorator.sendHeartBeat(EurekaHttpClientDecorator.java:89)
	at com.netflix.discovery.DiscoveryClient.renew(DiscoveryClient.java:893)
	at com.netflix.discovery.DiscoveryClient$HeartbeatThread.run(DiscoveryClient.java:1457)
	at java.base/java.util.concurrent.Executors$RunnableAdapter.call(Executors.java:515)
	at java.base/java.util.concurrent.FutureTask.run(FutureTask.java:264)
	at java.base/java.util.concurrent.ThreadPoolExecutor.runWorker(ThreadPoolExecutor.java:1128)
	at java.base/java.util.concurrent.ThreadPoolExecutor$Worker.run(ThreadPoolExecutor.java:628)
	at java.base/java.lang.Thread.run(Thread.java:834)
Caused by: java.net.ConnectException: Connection refused (Connection refused)
	at java.base/java.net.PlainSocketImpl.socketConnect(Native Method)
	at java.base/java.net.AbstractPlainSocketImpl.doConnect(AbstractPlainSocketImpl.java:399)
	at java.base/java.net.AbstractPlainSocketImpl.connectToAddress(AbstractPlainSocketImpl.java:242)
	at java.base/java.net.AbstractPlainSocketImpl.connect(AbstractPlainSocketImpl.java:224)
	at java.base/java.net.SocksSocketImpl.connect(SocksSocketImpl.java:403)
	at java.base/java.net.Socket.connect(Socket.java:591)
	at org.apache.http.conn.scheme.PlainSocketFactory.connectSocket(PlainSocketFactory.java:121)
	at org.apache.http.impl.conn.DefaultClientConnectionOperator.openConnection(DefaultClientConnectionOperator.java:180)
	at org.apache.http.impl.conn.AbstractPoolEntry.open(AbstractPoolEntry.java:144)
	at org.apache.http.impl.conn.AbstractPooledConnAdapter.open(AbstractPooledConnAdapter.java:134)
	at org.apache.http.impl.client.DefaultRequestDirector.tryConnect(DefaultRequestDirector.java:605)
	at org.apache.http.impl.client.DefaultRequestDirector.execute(DefaultRequestDirector.java:440)
	at org.apache.http.impl.client.AbstractHttpClient.doExecute(AbstractHttpClient.java:835)
	at org.apache.http.impl.client.CloseableHttpClient.execute(CloseableHttpClient.java:118)
	at org.apache.http.impl.client.CloseableHttpClient.execute(CloseableHttpClient.java:56)
	at com.sun.jersey.client.apache4.ApacheHttpClient4Handler.handle(ApacheHttpClient4Handler.java:173)
	... 26 more

07-12-2022 16:27:36.536[DiscoveryClient-HeartbeatExecutor-0][ WARN][product-service][session-id=][parentSpanId=][traceId=][spanId=][spanExport=][c.n.d.s.t.d.RetryableEurekaHttpClient::130::execute] -- Request execution failed with message: java.net.ConnectException: Connection refused (Connection refused)
07-12-2022 16:27:36.542[DiscoveryClient-HeartbeatExecutor-0][ INFO][product-service][session-id=][parentSpanId=][traceId=][spanId=][spanExport=][c.n.d.s.t.d.RedirectingEurekaHttpClient::84::execute] -- Request execution error. endpoint=DefaultEndpoint{ serviceUrl='http://localhost:8761/eureka/}, exception=java.net.ConnectException: Connection refused (Connection refused) stacktrace=com.sun.jersey.api.client.ClientHandlerException: java.net.ConnectException: Connection refused (Connection refused)
	at com.sun.jersey.client.apache4.ApacheHttpClient4Handler.handle(ApacheHttpClient4Handler.java:187)
	at com.sun.jersey.api.client.filter.GZIPContentEncodingFilter.handle(GZIPContentEncodingFilter.java:123)
	at com.netflix.discovery.EurekaIdentityHeaderFilter.handle(EurekaIdentityHeaderFilter.java:27)
	at com.sun.jersey.api.client.Client.handle(Client.java:652)
	at com.sun.jersey.api.client.WebResource.handle(WebResource.java:682)
	at com.sun.jersey.api.client.WebResource.access$200(WebResource.java:74)
	at com.sun.jersey.api.client.WebResource$Builder.put(WebResource.java:529)
	at com.netflix.discovery.shared.transport.jersey.AbstractJerseyEurekaHttpClient.sendHeartBeat(AbstractJerseyEurekaHttpClient.java:103)
	at com.netflix.discovery.shared.transport.decorator.EurekaHttpClientDecorator$3.execute(EurekaHttpClientDecorator.java:92)
	at com.netflix.discovery.shared.transport.decorator.MetricsCollectingEurekaHttpClient.execute(MetricsCollectingEurekaHttpClient.java:73)
	at com.netflix.discovery.shared.transport.decorator.EurekaHttpClientDecorator.sendHeartBeat(EurekaHttpClientDecorator.java:89)
	at com.netflix.discovery.shared.transport.decorator.EurekaHttpClientDecorator$3.execute(EurekaHttpClientDecorator.java:92)
	at com.netflix.discovery.shared.transport.decorator.RedirectingEurekaHttpClient.executeOnNewServer(RedirectingEurekaHttpClient.java:121)
	at com.netflix.discovery.shared.transport.decorator.RedirectingEurekaHttpClient.execute(RedirectingEurekaHttpClient.java:80)
	at com.netflix.discovery.shared.transport.decorator.EurekaHttpClientDecorator.sendHeartBeat(EurekaHttpClientDecorator.java:89)
	at com.netflix.discovery.shared.transport.decorator.EurekaHttpClientDecorator$3.execute(EurekaHttpClientDecorator.java:92)
	at com.netflix.discovery.shared.transport.decorator.RetryableEurekaHttpClient.execute(RetryableEurekaHttpClient.java:120)
	at com.netflix.discovery.shared.transport.decorator.EurekaHttpClientDecorator.sendHeartBeat(EurekaHttpClientDecorator.java:89)
	at com.netflix.discovery.shared.transport.decorator.EurekaHttpClientDecorator$3.execute(EurekaHttpClientDecorator.java:92)
	at com.netflix.discovery.shared.transport.decorator.SessionedEurekaHttpClient.execute(SessionedEurekaHttpClient.java:77)
	at com.netflix.discovery.shared.transport.decorator.EurekaHttpClientDecorator.sendHeartBeat(EurekaHttpClientDecorator.java:89)
	at com.netflix.discovery.DiscoveryClient.renew(DiscoveryClient.java:893)
	at com.netflix.discovery.DiscoveryClient$HeartbeatThread.run(DiscoveryClient.java:1457)
	at java.base/java.util.concurrent.Executors$RunnableAdapter.call(Executors.java:515)
	at java.base/java.util.concurrent.FutureTask.run(FutureTask.java:264)
	at java.base/java.util.concurrent.ThreadPoolExecutor.runWorker(ThreadPoolExecutor.java:1128)
	at java.base/java.util.concurrent.ThreadPoolExecutor$Worker.run(ThreadPoolExecutor.java:628)
	at java.base/java.lang.Thread.run(Thread.java:834)
Caused by: java.net.ConnectException: Connection refused (Connection refused)
	at java.base/java.net.PlainSocketImpl.socketConnect(Native Method)
	at java.base/java.net.AbstractPlainSocketImpl.doConnect(AbstractPlainSocketImpl.java:399)
	at java.base/java.net.AbstractPlainSocketImpl.connectToAddress(AbstractPlainSocketImpl.java:242)
	at java.base/java.net.AbstractPlainSocketImpl.connect(AbstractPlainSocketImpl.java:224)
	at java.base/java.net.SocksSocketImpl.connect(SocksSocketImpl.java:403)
	at java.base/java.net.Socket.connect(Socket.java:591)
	at org.apache.http.conn.scheme.PlainSocketFactory.connectSocket(PlainSocketFactory.java:121)
	at org.apache.http.impl.conn.DefaultClientConnectionOperator.openConnection(DefaultClientConnectionOperator.java:180)
	at org.apache.http.impl.conn.AbstractPoolEntry.open(AbstractPoolEntry.java:144)
	at org.apache.http.impl.conn.AbstractPooledConnAdapter.open(AbstractPooledConnAdapter.java:134)
	at org.apache.http.impl.client.DefaultRequestDirector.tryConnect(DefaultRequestDirector.java:605)
	at org.apache.http.impl.client.DefaultRequestDirector.execute(DefaultRequestDirector.java:440)
	at org.apache.http.impl.client.AbstractHttpClient.doExecute(AbstractHttpClient.java:835)
	at org.apache.http.impl.client.CloseableHttpClient.execute(CloseableHttpClient.java:118)
	at org.apache.http.impl.client.CloseableHttpClient.execute(CloseableHttpClient.java:56)
	at com.sun.jersey.client.apache4.ApacheHttpClient4Handler.handle(ApacheHttpClient4Handler.java:173)
	... 27 more

07-12-2022 16:27:36.544[DiscoveryClient-HeartbeatExecutor-0][ WARN][product-service][session-id=][parentSpanId=][traceId=][spanId=][spanExport=][c.n.d.s.t.d.RetryableEurekaHttpClient::130::execute] -- Request execution failed with message: java.net.ConnectException: Connection refused (Connection refused)
07-12-2022 16:27:36.603[DiscoveryClient-HeartbeatExecutor-0][ERROR][product-service][session-id=][parentSpanId=][traceId=][spanId=][spanExport=][c.netflix.discovery.DiscoveryClient::907::renew] -- DiscoveryClient_PRODUCT-SERVICE/192.168.0.234:product-service:2223 - was unable to send heartbeat!
com.netflix.discovery.shared.transport.TransportException: Cannot execute request on any known server
	at com.netflix.discovery.shared.transport.decorator.RetryableEurekaHttpClient.execute(RetryableEurekaHttpClient.java:112)
	at com.netflix.discovery.shared.transport.decorator.EurekaHttpClientDecorator.sendHeartBeat(EurekaHttpClientDecorator.java:89)
	at com.netflix.discovery.shared.transport.decorator.EurekaHttpClientDecorator$3.execute(EurekaHttpClientDecorator.java:92)
	at com.netflix.discovery.shared.transport.decorator.SessionedEurekaHttpClient.execute(SessionedEurekaHttpClient.java:77)
	at com.netflix.discovery.shared.transport.decorator.EurekaHttpClientDecorator.sendHeartBeat(EurekaHttpClientDecorator.java:89)
	at com.netflix.discovery.DiscoveryClient.renew(DiscoveryClient.java:893)
	at com.netflix.discovery.DiscoveryClient$HeartbeatThread.run(DiscoveryClient.java:1457)
	at java.base/java.util.concurrent.Executors$RunnableAdapter.call(Executors.java:515)
	at java.base/java.util.concurrent.FutureTask.run(FutureTask.java:264)
	at java.base/java.util.concurrent.ThreadPoolExecutor.runWorker(ThreadPoolExecutor.java:1128)
	at java.base/java.util.concurrent.ThreadPoolExecutor$Worker.run(ThreadPoolExecutor.java:628)
	at java.base/java.lang.Thread.run(Thread.java:834)
07-12-2022 16:27:54.977[SpringApplicationShutdownHook][ INFO][product-service][session-id=][parentSpanId=][traceId=][spanId=][spanExport=][o.s.c.n.e.s.EurekaServiceRegistry::62::deregister] -- Unregistering application PRODUCT-SERVICE with eureka with status DOWN
07-12-2022 16:27:54.986[SpringApplicationShutdownHook][ INFO][product-service][session-id=][parentSpanId=][traceId=][spanId=][spanExport=][c.netflix.discovery.DiscoveryClient::1352::notify] -- Saw local status change event StatusChangeEvent [timestamp=1670459274986, current=DOWN, previous=UP]
07-12-2022 16:27:54.994[DiscoveryClient-InstanceInfoReplicator-0][ INFO][product-service][session-id=][parentSpanId=][traceId=][spanId=][spanExport=][c.netflix.discovery.DiscoveryClient::873::register] -- DiscoveryClient_PRODUCT-SERVICE/192.168.0.234:product-service:2223: registering service...
07-12-2022 16:27:55.004[DiscoveryClient-InstanceInfoReplicator-0][ INFO][product-service][session-id=][parentSpanId=][traceId=][spanId=][spanExport=][c.n.d.s.t.d.RedirectingEurekaHttpClient::84::execute] -- Request execution error. endpoint=DefaultEndpoint{ serviceUrl='http://localhost:8761/eureka/}, exception=java.net.ConnectException: Connection refused (Connection refused) stacktrace=com.sun.jersey.api.client.ClientHandlerException: java.net.ConnectException: Connection refused (Connection refused)
	at com.sun.jersey.client.apache4.ApacheHttpClient4Handler.handle(ApacheHttpClient4Handler.java:187)
	at com.sun.jersey.api.client.filter.GZIPContentEncodingFilter.handle(GZIPContentEncodingFilter.java:123)
	at com.netflix.discovery.EurekaIdentityHeaderFilter.handle(EurekaIdentityHeaderFilter.java:27)
	at com.sun.jersey.api.client.Client.handle(Client.java:652)
	at com.sun.jersey.api.client.WebResource.handle(WebResource.java:682)
	at com.sun.jersey.api.client.WebResource.access$200(WebResource.java:74)
	at com.sun.jersey.api.client.WebResource$Builder.post(WebResource.java:570)
	at com.netflix.discovery.shared.transport.jersey.AbstractJerseyEurekaHttpClient.register(AbstractJerseyEurekaHttpClient.java:57)
	at com.netflix.discovery.shared.transport.decorator.EurekaHttpClientDecorator$1.execute(EurekaHttpClientDecorator.java:59)
	at com.netflix.discovery.shared.transport.decorator.MetricsCollectingEurekaHttpClient.execute(MetricsCollectingEurekaHttpClient.java:73)
	at com.netflix.discovery.shared.transport.decorator.EurekaHttpClientDecorator.register(EurekaHttpClientDecorator.java:56)
	at com.netflix.discovery.shared.transport.decorator.EurekaHttpClientDecorator$1.execute(EurekaHttpClientDecorator.java:59)
	at com.netflix.discovery.shared.transport.decorator.RedirectingEurekaHttpClient.executeOnNewServer(RedirectingEurekaHttpClient.java:121)
	at com.netflix.discovery.shared.transport.decorator.RedirectingEurekaHttpClient.execute(RedirectingEurekaHttpClient.java:80)
	at com.netflix.discovery.shared.transport.decorator.EurekaHttpClientDecorator.register(EurekaHttpClientDecorator.java:56)
	at com.netflix.discovery.shared.transport.decorator.EurekaHttpClientDecorator$1.execute(EurekaHttpClientDecorator.java:59)
	at com.netflix.discovery.shared.transport.decorator.RetryableEurekaHttpClient.execute(RetryableEurekaHttpClient.java:120)
	at com.netflix.discovery.shared.transport.decorator.EurekaHttpClientDecorator.register(EurekaHttpClientDecorator.java:56)
	at com.netflix.discovery.shared.transport.decorator.EurekaHttpClientDecorator$1.execute(EurekaHttpClientDecorator.java:59)
	at com.netflix.discovery.shared.transport.decorator.SessionedEurekaHttpClient.execute(SessionedEurekaHttpClient.java:77)
	at com.netflix.discovery.shared.transport.decorator.EurekaHttpClientDecorator.register(EurekaHttpClientDecorator.java:56)
	at com.netflix.discovery.DiscoveryClient.register(DiscoveryClient.java:876)
	at com.netflix.discovery.InstanceInfoReplicator.run(InstanceInfoReplicator.java:121)
	at com.netflix.discovery.InstanceInfoReplicator$1.run(InstanceInfoReplicator.java:101)
	at java.base/java.util.concurrent.Executors$RunnableAdapter.call(Executors.java:515)
	at java.base/java.util.concurrent.FutureTask.run(FutureTask.java:264)
	at java.base/java.util.concurrent.ScheduledThreadPoolExecutor$ScheduledFutureTask.run(ScheduledThreadPoolExecutor.java:304)
	at java.base/java.util.concurrent.ThreadPoolExecutor.runWorker(ThreadPoolExecutor.java:1128)
	at java.base/java.util.concurrent.ThreadPoolExecutor$Worker.run(ThreadPoolExecutor.java:628)
	at java.base/java.lang.Thread.run(Thread.java:834)
Caused by: java.net.ConnectException: Connection refused (Connection refused)
	at java.base/java.net.PlainSocketImpl.socketConnect(Native Method)
	at java.base/java.net.AbstractPlainSocketImpl.doConnect(AbstractPlainSocketImpl.java:399)
	at java.base/java.net.AbstractPlainSocketImpl.connectToAddress(AbstractPlainSocketImpl.java:242)
	at java.base/java.net.AbstractPlainSocketImpl.connect(AbstractPlainSocketImpl.java:224)
	at java.base/java.net.SocksSocketImpl.connect(SocksSocketImpl.java:403)
	at java.base/java.net.Socket.connect(Socket.java:591)
	at org.apache.http.conn.scheme.PlainSocketFactory.connectSocket(PlainSocketFactory.java:121)
	at org.apache.http.impl.conn.DefaultClientConnectionOperator.openConnection(DefaultClientConnectionOperator.java:180)
	at org.apache.http.impl.conn.AbstractPoolEntry.open(AbstractPoolEntry.java:144)
	at org.apache.http.impl.conn.AbstractPooledConnAdapter.open(AbstractPooledConnAdapter.java:134)
	at org.apache.http.impl.client.DefaultRequestDirector.tryConnect(DefaultRequestDirector.java:605)
	at org.apache.http.impl.client.DefaultRequestDirector.execute(DefaultRequestDirector.java:440)
	at org.apache.http.impl.client.AbstractHttpClient.doExecute(AbstractHttpClient.java:835)
	at org.apache.http.impl.client.CloseableHttpClient.execute(CloseableHttpClient.java:118)
	at org.apache.http.impl.client.CloseableHttpClient.execute(CloseableHttpClient.java:56)
	at com.sun.jersey.client.apache4.ApacheHttpClient4Handler.handle(ApacheHttpClient4Handler.java:173)
	... 29 more

07-12-2022 16:27:55.007[DiscoveryClient-InstanceInfoReplicator-0][ WARN][product-service][session-id=][parentSpanId=][traceId=][spanId=][spanExport=][c.n.d.s.t.d.RetryableEurekaHttpClient::130::execute] -- Request execution failed with message: java.net.ConnectException: Connection refused (Connection refused)
07-12-2022 16:27:55.008[DiscoveryClient-InstanceInfoReplicator-0][ WARN][product-service][session-id=][parentSpanId=][traceId=][spanId=][spanExport=][c.netflix.discovery.DiscoveryClient::878::register] -- DiscoveryClient_PRODUCT-SERVICE/192.168.0.234:product-service:2223 - registration failed Cannot execute request on any known server
com.netflix.discovery.shared.transport.TransportException: Cannot execute request on any known server
	at com.netflix.discovery.shared.transport.decorator.RetryableEurekaHttpClient.execute(RetryableEurekaHttpClient.java:112)
	at com.netflix.discovery.shared.transport.decorator.EurekaHttpClientDecorator.register(EurekaHttpClientDecorator.java:56)
	at com.netflix.discovery.shared.transport.decorator.EurekaHttpClientDecorator$1.execute(EurekaHttpClientDecorator.java:59)
	at com.netflix.discovery.shared.transport.decorator.SessionedEurekaHttpClient.execute(SessionedEurekaHttpClient.java:77)
	at com.netflix.discovery.shared.transport.decorator.EurekaHttpClientDecorator.register(EurekaHttpClientDecorator.java:56)
	at com.netflix.discovery.DiscoveryClient.register(DiscoveryClient.java:876)
	at com.netflix.discovery.InstanceInfoReplicator.run(InstanceInfoReplicator.java:121)
	at com.netflix.discovery.InstanceInfoReplicator$1.run(InstanceInfoReplicator.java:101)
	at java.base/java.util.concurrent.Executors$RunnableAdapter.call(Executors.java:515)
	at java.base/java.util.concurrent.FutureTask.run(FutureTask.java:264)
	at java.base/java.util.concurrent.ScheduledThreadPoolExecutor$ScheduledFutureTask.run(ScheduledThreadPoolExecutor.java:304)
	at java.base/java.util.concurrent.ThreadPoolExecutor.runWorker(ThreadPoolExecutor.java:1128)
	at java.base/java.util.concurrent.ThreadPoolExecutor$Worker.run(ThreadPoolExecutor.java:628)
	at java.base/java.lang.Thread.run(Thread.java:834)
07-12-2022 16:27:55.009[DiscoveryClient-InstanceInfoReplicator-0][ WARN][product-service][session-id=][parentSpanId=][traceId=][spanId=][spanExport=][c.n.discovery.InstanceInfoReplicator::125::run] -- There was a problem with the instance info replicator
com.netflix.discovery.shared.transport.TransportException: Cannot execute request on any known server
	at com.netflix.discovery.shared.transport.decorator.RetryableEurekaHttpClient.execute(RetryableEurekaHttpClient.java:112)
	at com.netflix.discovery.shared.transport.decorator.EurekaHttpClientDecorator.register(EurekaHttpClientDecorator.java:56)
	at com.netflix.discovery.shared.transport.decorator.EurekaHttpClientDecorator$1.execute(EurekaHttpClientDecorator.java:59)
	at com.netflix.discovery.shared.transport.decorator.SessionedEurekaHttpClient.execute(SessionedEurekaHttpClient.java:77)
	at com.netflix.discovery.shared.transport.decorator.EurekaHttpClientDecorator.register(EurekaHttpClientDecorator.java:56)
	at com.netflix.discovery.DiscoveryClient.register(DiscoveryClient.java:876)
	at com.netflix.discovery.InstanceInfoReplicator.run(InstanceInfoReplicator.java:121)
	at com.netflix.discovery.InstanceInfoReplicator$1.run(InstanceInfoReplicator.java:101)
	at java.base/java.util.concurrent.Executors$RunnableAdapter.call(Executors.java:515)
	at java.base/java.util.concurrent.FutureTask.run(FutureTask.java:264)
	at java.base/java.util.concurrent.ScheduledThreadPoolExecutor$ScheduledFutureTask.run(ScheduledThreadPoolExecutor.java:304)
	at java.base/java.util.concurrent.ThreadPoolExecutor.runWorker(ThreadPoolExecutor.java:1128)
	at java.base/java.util.concurrent.ThreadPoolExecutor$Worker.run(ThreadPoolExecutor.java:628)
	at java.base/java.lang.Thread.run(Thread.java:834)
07-12-2022 16:27:55.697[SpringApplicationShutdownHook][ INFO][product-service][session-id=][parentSpanId=][traceId=][spanId=][spanExport=][o.s.o.j.LocalContainerEntityManagerFactoryBean::651::destroy] -- Closing JPA EntityManagerFactory for persistence unit 'default'
07-12-2022 16:27:55.770[SpringApplicationShutdownHook][ INFO][product-service][session-id=][parentSpanId=][traceId=][spanId=][spanExport=][com.zaxxer.hikari.HikariDataSource::350::close] -- HikariPool-1 - Shutdown initiated...
07-12-2022 16:27:55.787[SpringApplicationShutdownHook][ INFO][product-service][session-id=][parentSpanId=][traceId=][spanId=][spanExport=][com.zaxxer.hikari.HikariDataSource::352::close] -- HikariPool-1 - Shutdown completed.
07-12-2022 16:27:55.797[SpringApplicationShutdownHook][ INFO][product-service][session-id=][parentSpanId=][traceId=][spanId=][spanExport=][c.netflix.discovery.DiscoveryClient::935::shutdown] -- Shutting down DiscoveryClient ...
07-12-2022 16:27:58.806[SpringApplicationShutdownHook][ INFO][product-service][session-id=][parentSpanId=][traceId=][spanId=][spanExport=][c.netflix.discovery.DiscoveryClient::971::unregister] -- Unregistering ...
07-12-2022 16:27:58.816[SpringApplicationShutdownHook][ INFO][product-service][session-id=][parentSpanId=][traceId=][spanId=][spanExport=][c.n.d.s.t.d.RedirectingEurekaHttpClient::84::execute] -- Request execution error. endpoint=DefaultEndpoint{ serviceUrl='http://localhost:8761/eureka/}, exception=java.net.ConnectException: Connection refused (Connection refused) stacktrace=com.sun.jersey.api.client.ClientHandlerException: java.net.ConnectException: Connection refused (Connection refused)
	at com.sun.jersey.client.apache4.ApacheHttpClient4Handler.handle(ApacheHttpClient4Handler.java:187)
	at com.sun.jersey.api.client.filter.GZIPContentEncodingFilter.handle(GZIPContentEncodingFilter.java:123)
	at com.netflix.discovery.EurekaIdentityHeaderFilter.handle(EurekaIdentityHeaderFilter.java:27)
	at com.sun.jersey.api.client.Client.handle(Client.java:652)
	at com.sun.jersey.api.client.WebResource.handle(WebResource.java:682)
	at com.sun.jersey.api.client.WebResource.access$200(WebResource.java:74)
	at com.sun.jersey.api.client.WebResource$Builder.delete(WebResource.java:591)
	at com.netflix.discovery.shared.transport.jersey.AbstractJerseyEurekaHttpClient.cancel(AbstractJerseyEurekaHttpClient.java:77)
	at com.netflix.discovery.shared.transport.decorator.EurekaHttpClientDecorator$2.execute(EurekaHttpClientDecorator.java:74)
	at com.netflix.discovery.shared.transport.decorator.MetricsCollectingEurekaHttpClient.execute(MetricsCollectingEurekaHttpClient.java:73)
	at com.netflix.discovery.shared.transport.decorator.EurekaHttpClientDecorator.cancel(EurekaHttpClientDecorator.java:71)
	at com.netflix.discovery.shared.transport.decorator.EurekaHttpClientDecorator$2.execute(EurekaHttpClientDecorator.java:74)
	at com.netflix.discovery.shared.transport.decorator.RedirectingEurekaHttpClient.executeOnNewServer(RedirectingEurekaHttpClient.java:121)
	at com.netflix.discovery.shared.transport.decorator.RedirectingEurekaHttpClient.execute(RedirectingEurekaHttpClient.java:80)
	at com.netflix.discovery.shared.transport.decorator.EurekaHttpClientDecorator.cancel(EurekaHttpClientDecorator.java:71)
	at com.netflix.discovery.shared.transport.decorator.EurekaHttpClientDecorator$2.execute(EurekaHttpClientDecorator.java:74)
	at com.netflix.discovery.shared.transport.decorator.RetryableEurekaHttpClient.execute(RetryableEurekaHttpClient.java:120)
	at com.netflix.discovery.shared.transport.decorator.EurekaHttpClientDecorator.cancel(EurekaHttpClientDecorator.java:71)
	at com.netflix.discovery.shared.transport.decorator.EurekaHttpClientDecorator$2.execute(EurekaHttpClientDecorator.java:74)
	at com.netflix.discovery.shared.transport.decorator.SessionedEurekaHttpClient.execute(SessionedEurekaHttpClient.java:77)
	at com.netflix.discovery.shared.transport.decorator.EurekaHttpClientDecorator.cancel(EurekaHttpClientDecorator.java:71)
	at com.netflix.discovery.DiscoveryClient.unregister(DiscoveryClient.java:972)
	at com.netflix.discovery.DiscoveryClient.shutdown(DiscoveryClient.java:948)
	at java.base/jdk.internal.reflect.NativeMethodAccessorImpl.invoke0(Native Method)
	at java.base/jdk.internal.reflect.NativeMethodAccessorImpl.invoke(NativeMethodAccessorImpl.java:62)
	at java.base/jdk.internal.reflect.DelegatingMethodAccessorImpl.invoke(DelegatingMethodAccessorImpl.java:43)
	at java.base/java.lang.reflect.Method.invoke(Method.java:566)
	at org.springframework.beans.factory.annotation.InitDestroyAnnotationBeanPostProcessor$LifecycleElement.invoke(InitDestroyAnnotationBeanPostProcessor.java:389)
	at org.springframework.beans.factory.annotation.InitDestroyAnnotationBeanPostProcessor$LifecycleMetadata.invokeDestroyMethods(InitDestroyAnnotationBeanPostProcessor.java:347)
	at org.springframework.beans.factory.annotation.InitDestroyAnnotationBeanPostProcessor.postProcessBeforeDestruction(InitDestroyAnnotationBeanPostProcessor.java:177)
	at org.springframework.beans.factory.support.DisposableBeanAdapter.destroy(DisposableBeanAdapter.java:184)
	at org.springframework.beans.factory.support.DisposableBeanAdapter.run(DisposableBeanAdapter.java:177)
	at org.springframework.cloud.context.scope.GenericScope$BeanLifecycleWrapper.destroy(GenericScope.java:390)
	at org.springframework.cloud.context.scope.GenericScope.destroy(GenericScope.java:136)
	at org.springframework.beans.factory.support.DisposableBeanAdapter.destroy(DisposableBeanAdapter.java:200)
	at org.springframework.beans.factory.support.DefaultSingletonBeanRegistry.destroyBean(DefaultSingletonBeanRegistry.java:587)
	at org.springframework.beans.factory.support.DefaultSingletonBeanRegistry.destroySingleton(DefaultSingletonBeanRegistry.java:559)
	at org.springframework.beans.factory.support.DefaultListableBeanFactory.destroySingleton(DefaultListableBeanFactory.java:1152)
	at org.springframework.beans.factory.support.DefaultSingletonBeanRegistry.destroySingletons(DefaultSingletonBeanRegistry.java:520)
	at org.springframework.beans.factory.support.DefaultListableBeanFactory.destroySingletons(DefaultListableBeanFactory.java:1145)
	at org.springframework.context.support.AbstractApplicationContext.destroyBeans(AbstractApplicationContext.java:1106)
	at org.springframework.context.support.AbstractApplicationContext.doClose(AbstractApplicationContext.java:1075)
	at org.springframework.boot.web.servlet.context.ServletWebServerApplicationContext.doClose(ServletWebServerApplicationContext.java:172)
	at org.springframework.context.support.AbstractApplicationContext.close(AbstractApplicationContext.java:1021)
	at org.springframework.boot.SpringApplicationShutdownHook.closeAndWait(SpringApplicationShutdownHook.java:128)
	at java.base/java.lang.Iterable.forEach(Iterable.java:75)
	at org.springframework.boot.SpringApplicationShutdownHook.run(SpringApplicationShutdownHook.java:100)
	at java.base/java.lang.Thread.run(Thread.java:834)
Caused by: java.net.ConnectException: Connection refused (Connection refused)
	at java.base/java.net.PlainSocketImpl.socketConnect(Native Method)
	at java.base/java.net.AbstractPlainSocketImpl.doConnect(AbstractPlainSocketImpl.java:399)
	at java.base/java.net.AbstractPlainSocketImpl.connectToAddress(AbstractPlainSocketImpl.java:242)
	at java.base/java.net.AbstractPlainSocketImpl.connect(AbstractPlainSocketImpl.java:224)
	at java.base/java.net.SocksSocketImpl.connect(SocksSocketImpl.java:403)
	at java.base/java.net.Socket.connect(Socket.java:591)
	at org.apache.http.conn.scheme.PlainSocketFactory.connectSocket(PlainSocketFactory.java:121)
	at org.apache.http.impl.conn.DefaultClientConnectionOperator.openConnection(DefaultClientConnectionOperator.java:180)
	at org.apache.http.impl.conn.AbstractPoolEntry.open(AbstractPoolEntry.java:144)
	at org.apache.http.impl.conn.AbstractPooledConnAdapter.open(AbstractPooledConnAdapter.java:134)
	at org.apache.http.impl.client.DefaultRequestDirector.tryConnect(DefaultRequestDirector.java:605)
	at org.apache.http.impl.client.DefaultRequestDirector.execute(DefaultRequestDirector.java:440)
	at org.apache.http.impl.client.AbstractHttpClient.doExecute(AbstractHttpClient.java:835)
	at org.apache.http.impl.client.CloseableHttpClient.execute(CloseableHttpClient.java:118)
	at org.apache.http.impl.client.CloseableHttpClient.execute(CloseableHttpClient.java:56)
	at com.sun.jersey.client.apache4.ApacheHttpClient4Handler.handle(ApacheHttpClient4Handler.java:173)
	... 47 more

07-12-2022 16:27:58.819[SpringApplicationShutdownHook][ WARN][product-service][session-id=][parentSpanId=][traceId=][spanId=][spanExport=][c.n.d.s.t.d.RetryableEurekaHttpClient::130::execute] -- Request execution failed with message: java.net.ConnectException: Connection refused (Connection refused)
07-12-2022 16:27:58.819[SpringApplicationShutdownHook][ERROR][product-service][session-id=][parentSpanId=][traceId=][spanId=][spanExport=][c.netflix.discovery.DiscoveryClient::975::unregister] -- DiscoveryClient_PRODUCT-SERVICE/192.168.0.234:product-service:2223 - de-registration failedCannot execute request on any known server
com.netflix.discovery.shared.transport.TransportException: Cannot execute request on any known server
	at com.netflix.discovery.shared.transport.decorator.RetryableEurekaHttpClient.execute(RetryableEurekaHttpClient.java:112)
	at com.netflix.discovery.shared.transport.decorator.EurekaHttpClientDecorator.cancel(EurekaHttpClientDecorator.java:71)
	at com.netflix.discovery.shared.transport.decorator.EurekaHttpClientDecorator$2.execute(EurekaHttpClientDecorator.java:74)
	at com.netflix.discovery.shared.transport.decorator.SessionedEurekaHttpClient.execute(SessionedEurekaHttpClient.java:77)
	at com.netflix.discovery.shared.transport.decorator.EurekaHttpClientDecorator.cancel(EurekaHttpClientDecorator.java:71)
	at com.netflix.discovery.DiscoveryClient.unregister(DiscoveryClient.java:972)
	at com.netflix.discovery.DiscoveryClient.shutdown(DiscoveryClient.java:948)
	at java.base/jdk.internal.reflect.NativeMethodAccessorImpl.invoke0(Native Method)
	at java.base/jdk.internal.reflect.NativeMethodAccessorImpl.invoke(NativeMethodAccessorImpl.java:62)
	at java.base/jdk.internal.reflect.DelegatingMethodAccessorImpl.invoke(DelegatingMethodAccessorImpl.java:43)
	at java.base/java.lang.reflect.Method.invoke(Method.java:566)
	at org.springframework.beans.factory.annotation.InitDestroyAnnotationBeanPostProcessor$LifecycleElement.invoke(InitDestroyAnnotationBeanPostProcessor.java:389)
	at org.springframework.beans.factory.annotation.InitDestroyAnnotationBeanPostProcessor$LifecycleMetadata.invokeDestroyMethods(InitDestroyAnnotationBeanPostProcessor.java:347)
	at org.springframework.beans.factory.annotation.InitDestroyAnnotationBeanPostProcessor.postProcessBeforeDestruction(InitDestroyAnnotationBeanPostProcessor.java:177)
	at org.springframework.beans.factory.support.DisposableBeanAdapter.destroy(DisposableBeanAdapter.java:184)
	at org.springframework.beans.factory.support.DisposableBeanAdapter.run(DisposableBeanAdapter.java:177)
	at org.springframework.cloud.context.scope.GenericScope$BeanLifecycleWrapper.destroy(GenericScope.java:390)
	at org.springframework.cloud.context.scope.GenericScope.destroy(GenericScope.java:136)
	at org.springframework.beans.factory.support.DisposableBeanAdapter.destroy(DisposableBeanAdapter.java:200)
	at org.springframework.beans.factory.support.DefaultSingletonBeanRegistry.destroyBean(DefaultSingletonBeanRegistry.java:587)
	at org.springframework.beans.factory.support.DefaultSingletonBeanRegistry.destroySingleton(DefaultSingletonBeanRegistry.java:559)
	at org.springframework.beans.factory.support.DefaultListableBeanFactory.destroySingleton(DefaultListableBeanFactory.java:1152)
	at org.springframework.beans.factory.support.DefaultSingletonBeanRegistry.destroySingletons(DefaultSingletonBeanRegistry.java:520)
	at org.springframework.beans.factory.support.DefaultListableBeanFactory.destroySingletons(DefaultListableBeanFactory.java:1145)
	at org.springframework.context.support.AbstractApplicationContext.destroyBeans(AbstractApplicationContext.java:1106)
	at org.springframework.context.support.AbstractApplicationContext.doClose(AbstractApplicationContext.java:1075)
	at org.springframework.boot.web.servlet.context.ServletWebServerApplicationContext.doClose(ServletWebServerApplicationContext.java:172)
	at org.springframework.context.support.AbstractApplicationContext.close(AbstractApplicationContext.java:1021)
	at org.springframework.boot.SpringApplicationShutdownHook.closeAndWait(SpringApplicationShutdownHook.java:128)
	at java.base/java.lang.Iterable.forEach(Iterable.java:75)
	at org.springframework.boot.SpringApplicationShutdownHook.run(SpringApplicationShutdownHook.java:100)
	at java.base/java.lang.Thread.run(Thread.java:834)
07-12-2022 16:27:58.860[SpringApplicationShutdownHook][ INFO][product-service][session-id=][parentSpanId=][traceId=][spanId=][spanExport=][c.netflix.discovery.DiscoveryClient::960::shutdown] -- Completed shut down of DiscoveryClient
07-12-2022 23:47:55.811[background-preinit][ INFO][product-service][session-id=][parentSpanId=][traceId=][spanId=][spanExport=][o.h.validator.internal.util.Version::21::<clinit>] -- HV000001: Hibernate Validator 6.2.0.Final
07-12-2022 23:47:55.882[restartedMain][ INFO][product-service][session-id=][parentSpanId=][traceId=][spanId=][spanExport=][o.s.b.c.config.ConfigDataLoader::255::logTo] -- Fetching config from server at : http://localhost:9196
07-12-2022 23:47:55.884[restartedMain][ INFO][product-service][session-id=][parentSpanId=][traceId=][spanId=][spanExport=][o.s.b.c.config.ConfigDataLoader::255::logTo] -- Located environment: name=product-service, profiles=[development], label=null, version=fe4b25ce327aa44c91a2698fc037450059b92934, state=null
07-12-2022 23:47:55.886[restartedMain][ INFO][product-service][session-id=][parentSpanId=][traceId=][spanId=][spanExport=][o.s.b.d.e.DevToolsPropertyDefaultsPostProcessor::255::logTo] -- Devtools property defaults active! Set 'spring.devtools.add-properties' to 'false' to disable
07-12-2022 23:47:55.887[restartedMain][ INFO][product-service][session-id=][parentSpanId=][traceId=][spanId=][spanExport=][o.s.b.d.e.DevToolsPropertyDefaultsPostProcessor::255::logTo] -- For additional web related logging consider setting the 'logging.level.web' property to 'DEBUG'
07-12-2022 23:47:57.789[restartedMain][ INFO][product-service][session-id=][parentSpanId=][traceId=][spanId=][spanExport=][o.s.d.r.c.RepositoryConfigurationDelegate::132::registerRepositoriesIn] -- Bootstrapping Spring Data JPA repositories in DEFAULT mode.
07-12-2022 23:47:58.068[restartedMain][ INFO][product-service][session-id=][parentSpanId=][traceId=][spanId=][spanExport=][o.s.d.r.c.RepositoryConfigurationDelegate::201::registerRepositoriesIn] -- Finished Spring Data repository scanning in 266 ms. Found 1 JPA repository interfaces.
07-12-2022 23:47:58.529[restartedMain][ INFO][product-service][session-id=][parentSpanId=][traceId=][spanId=][spanExport=][o.s.cloud.context.scope.GenericScope::283::setSerializationId] -- BeanFactory id=c3dd76c1-4dcf-37d9-bdcb-7ac941499177
07-12-2022 23:47:59.827[restartedMain][ INFO][product-service][session-id=][parentSpanId=][traceId=][spanId=][spanExport=][o.s.b.w.e.tomcat.TomcatWebServer::108::initialize] -- Tomcat initialized with port(s): 2223 (http)
07-12-2022 23:47:59.848[restartedMain][ INFO][product-service][session-id=][parentSpanId=][traceId=][spanId=][spanExport=][o.a.coyote.http11.Http11NioProtocol::173::log] -- Initializing ProtocolHandler ["http-nio-2223"]
07-12-2022 23:47:59.875[restartedMain][ INFO][product-service][session-id=][parentSpanId=][traceId=][spanId=][spanExport=][o.a.catalina.core.StandardService::173::log] -- Starting service [Tomcat]
07-12-2022 23:47:59.895[restartedMain][ INFO][product-service][session-id=][parentSpanId=][traceId=][spanId=][spanExport=][o.a.catalina.core.StandardEngine::173::log] -- Starting Servlet engine: [Apache Tomcat/9.0.46]
07-12-2022 23:48:00.399[restartedMain][ INFO][product-service][session-id=][parentSpanId=][traceId=][spanId=][spanExport=][o.a.c.c.C.[.[localhost].[/product]::173::log] -- Initializing Spring embedded WebApplicationContext
07-12-2022 23:48:00.400[restartedMain][ INFO][product-service][session-id=][parentSpanId=][traceId=][spanId=][spanExport=][o.s.b.w.s.c.ServletWebServerApplicationContext::290::prepareWebApplicationContext] -- Root WebApplicationContext: initialization completed in 4512 ms
07-12-2022 23:48:01.268[restartedMain][ INFO][product-service][session-id=][parentSpanId=][traceId=][spanId=][spanExport=][com.zaxxer.hikari.HikariDataSource::110::getConnection] -- HikariPool-1 - Starting...
07-12-2022 23:48:01.823[restartedMain][ INFO][product-service][session-id=][parentSpanId=][traceId=][spanId=][spanExport=][com.zaxxer.hikari.HikariDataSource::123::getConnection] -- HikariPool-1 - Start completed.
07-12-2022 23:48:02.230[restartedMain][ INFO][product-service][session-id=][parentSpanId=][traceId=][spanId=][spanExport=][o.h.jpa.internal.util.LogHelper::31::logPersistenceUnitInformation] -- HHH000204: Processing PersistenceUnitInfo [name: default]
07-12-2022 23:48:02.450[restartedMain][ INFO][product-service][session-id=][parentSpanId=][traceId=][spanId=][spanExport=][org.hibernate.Version::44::logVersion] -- HHH000412: Hibernate ORM core version 5.4.32.Final
07-12-2022 23:48:02.998[restartedMain][ INFO][product-service][session-id=][parentSpanId=][traceId=][spanId=][spanExport=][o.h.annotations.common.Version::56::<clinit>] -- HCANN000001: Hibernate Commons Annotations {5.1.2.Final}
07-12-2022 23:48:03.537[restartedMain][ INFO][product-service][session-id=][parentSpanId=][traceId=][spanId=][spanExport=][org.hibernate.dialect.Dialect::175::<init>] -- HHH000400: Using dialect: org.hibernate.dialect.MySQL5InnoDBDialect
07-12-2022 23:48:05.026[restartedMain][ INFO][product-service][session-id=][parentSpanId=][traceId=][spanId=][spanExport=][o.h.e.t.j.p.i.JtaPlatformInitiator::52::initiateService] -- HHH000490: Using JtaPlatform implementation: [org.hibernate.engine.transaction.jta.platform.internal.NoJtaPlatform]
07-12-2022 23:48:05.055[restartedMain][ INFO][product-service][session-id=][parentSpanId=][traceId=][spanId=][spanExport=][o.s.o.j.LocalContainerEntityManagerFactoryBean::437::buildNativeEntityManagerFactory] -- Initialized JPA EntityManagerFactory for persistence unit 'default'
07-12-2022 23:48:05.672[restartedMain][ WARN][product-service][session-id=][parentSpanId=][traceId=][spanId=][spanExport=][o.s.b.a.o.j.JpaBaseConfiguration$JpaWebConfiguration::219::openEntityManagerInViewInterceptor] -- spring.jpa.open-in-view is enabled by default. Therefore, database queries may be performed during view rendering. Explicitly configure spring.jpa.open-in-view to disable this warning
07-12-2022 23:48:10.216[restartedMain][ WARN][product-service][session-id=][parentSpanId=][traceId=][spanId=][spanExport=][o.s.b.d.a.OptionalLiveReloadServer::61::startServer] -- Unable to start LiveReload server
07-12-2022 23:48:10.260[restartedMain][ INFO][product-service][session-id=][parentSpanId=][traceId=][spanId=][spanExport=][o.s.c.n.e.c.DiscoveryClientOptionalArgsConfiguration::87::discoveryClientOptionalArgs] -- Eureka HTTP Client uses Jersey
07-12-2022 23:48:10.465[restartedMain][ WARN][product-service][session-id=][parentSpanId=][traceId=][spanId=][spanExport=][o.s.c.l.c.LoadBalancerCacheAutoConfiguration$LoadBalancerCaffeineWarnLogger::82::logWarning] -- Spring Cloud LoadBalancer is currently working with the default cache. You can switch to using Caffeine cache, by adding it and org.springframework.cache.caffeine.CaffeineCacheManager to the classpath.
07-12-2022 23:48:10.516[restartedMain][ INFO][product-service][session-id=][parentSpanId=][traceId=][spanId=][spanExport=][o.s.b.a.e.web.EndpointLinksResolver::58::<init>] -- Exposing 16 endpoint(s) beneath base path '/actuator'
07-12-2022 23:48:10.718[restartedMain][ INFO][product-service][session-id=][parentSpanId=][traceId=][spanId=][spanExport=][o.s.c.n.eureka.InstanceInfoFactory::67::create] -- Setting initial instance status as: STARTING
07-12-2022 23:48:11.085[restartedMain][ INFO][product-service][session-id=][parentSpanId=][traceId=][spanId=][spanExport=][c.netflix.discovery.DiscoveryClient::372::<init>] -- Initializing Eureka in region us-east-1
07-12-2022 23:48:11.562[restartedMain][ INFO][product-service][session-id=][parentSpanId=][traceId=][spanId=][spanExport=][c.n.d.p.DiscoveryJerseyProvider::70::<init>] -- Using JSON encoding codec LegacyJacksonJson
07-12-2022 23:48:11.563[restartedMain][ INFO][product-service][session-id=][parentSpanId=][traceId=][spanId=][spanExport=][c.n.d.p.DiscoveryJerseyProvider::71::<init>] -- Using JSON decoding codec LegacyJacksonJson
07-12-2022 23:48:11.965[restartedMain][ INFO][product-service][session-id=][parentSpanId=][traceId=][spanId=][spanExport=][c.n.d.p.DiscoveryJerseyProvider::80::<init>] -- Using XML encoding codec XStreamXml
07-12-2022 23:48:11.966[restartedMain][ INFO][product-service][session-id=][parentSpanId=][traceId=][spanId=][spanExport=][c.n.d.p.DiscoveryJerseyProvider::81::<init>] -- Using XML decoding codec XStreamXml
07-12-2022 23:48:12.475[restartedMain][ INFO][product-service][session-id=][parentSpanId=][traceId=][spanId=][spanExport=][c.n.d.s.r.aws.ConfigClusterResolver::43::getClusterEndpoints] -- Resolving eureka endpoints via configuration
07-12-2022 23:48:12.557[restartedMain][ INFO][product-service][session-id=][parentSpanId=][traceId=][spanId=][spanExport=][c.netflix.discovery.DiscoveryClient::1007::fetchRegistry] -- Disable delta property : false
07-12-2022 23:48:12.558[restartedMain][ INFO][product-service][session-id=][parentSpanId=][traceId=][spanId=][spanExport=][c.netflix.discovery.DiscoveryClient::1008::fetchRegistry] -- Single vip registry refresh property : null
07-12-2022 23:48:12.559[restartedMain][ INFO][product-service][session-id=][parentSpanId=][traceId=][spanId=][spanExport=][c.netflix.discovery.DiscoveryClient::1009::fetchRegistry] -- Force full registry fetch : false
07-12-2022 23:48:12.559[restartedMain][ INFO][product-service][session-id=][parentSpanId=][traceId=][spanId=][spanExport=][c.netflix.discovery.DiscoveryClient::1010::fetchRegistry] -- Application is null : false
07-12-2022 23:48:12.560[restartedMain][ INFO][product-service][session-id=][parentSpanId=][traceId=][spanId=][spanExport=][c.netflix.discovery.DiscoveryClient::1011::fetchRegistry] -- Registered Applications size is zero : true
07-12-2022 23:48:12.560[restartedMain][ INFO][product-service][session-id=][parentSpanId=][traceId=][spanId=][spanExport=][c.netflix.discovery.DiscoveryClient::1013::fetchRegistry] -- Application version is -1: true
07-12-2022 23:48:12.561[restartedMain][ INFO][product-service][session-id=][parentSpanId=][traceId=][spanId=][spanExport=][c.netflix.discovery.DiscoveryClient::1097::getAndStoreFullRegistry] -- Getting all instance registry info from the eureka server
07-12-2022 23:48:12.855[restartedMain][ INFO][product-service][session-id=][parentSpanId=][traceId=][spanId=][spanExport=][c.netflix.discovery.DiscoveryClient::1106::getAndStoreFullRegistry] -- The response status is 200
07-12-2022 23:48:12.863[restartedMain][ INFO][product-service][session-id=][parentSpanId=][traceId=][spanId=][spanExport=][c.netflix.discovery.DiscoveryClient::1321::initScheduledTasks] -- Starting heartbeat executor: renew interval is: 30
07-12-2022 23:48:12.870[restartedMain][ INFO][product-service][session-id=][parentSpanId=][traceId=][spanId=][spanExport=][c.n.discovery.InstanceInfoReplicator::60::<init>] -- InstanceInfoReplicator onDemand update allowed rate per min is 4
07-12-2022 23:48:12.879[restartedMain][ INFO][product-service][session-id=][parentSpanId=][traceId=][spanId=][spanExport=][c.netflix.discovery.DiscoveryClient::492::<init>] -- Discovery Client initialized at timestamp 1670485692877 with initial instances count: 4
07-12-2022 23:48:12.893[restartedMain][ INFO][product-service][session-id=][parentSpanId=][traceId=][spanId=][spanExport=][o.s.c.n.e.s.EurekaServiceRegistry::41::register] -- Registering application PRODUCT-SERVICE with eureka with status UP
07-12-2022 23:48:12.894[restartedMain][ INFO][product-service][session-id=][parentSpanId=][traceId=][spanId=][spanExport=][c.netflix.discovery.DiscoveryClient::1352::notify] -- Saw local status change event StatusChangeEvent [timestamp=1670485692894, current=UP, previous=STARTING]
07-12-2022 23:48:12.897[DiscoveryClient-InstanceInfoReplicator-0][ INFO][product-service][session-id=][parentSpanId=][traceId=][spanId=][spanExport=][c.netflix.discovery.DiscoveryClient::873::register] -- DiscoveryClient_PRODUCT-SERVICE/192.168.0.234:product-service:2223: registering service...
07-12-2022 23:48:12.901[restartedMain][ INFO][product-service][session-id=][parentSpanId=][traceId=][spanId=][spanExport=][o.a.coyote.http11.Http11NioProtocol::173::log] -- Starting ProtocolHandler ["http-nio-2223"]
07-12-2022 23:48:12.944[DiscoveryClient-InstanceInfoReplicator-0][ INFO][product-service][session-id=][parentSpanId=][traceId=][spanId=][spanExport=][c.netflix.discovery.DiscoveryClient::882::register] -- DiscoveryClient_PRODUCT-SERVICE/192.168.0.234:product-service:2223 - registration status: 204
07-12-2022 23:48:12.976[restartedMain][ INFO][product-service][session-id=][parentSpanId=][traceId=][spanId=][spanExport=][o.s.b.w.e.tomcat.TomcatWebServer::220::start] -- Tomcat started on port(s): 2223 (http) with context path '/product'
07-12-2022 23:48:12.978[restartedMain][ INFO][product-service][session-id=][parentSpanId=][traceId=][spanId=][spanExport=][o.s.c.n.e.s.EurekaAutoServiceRegistration::144::onApplicationEvent] -- Updating port to 2223
07-12-2022 23:48:32.088[http-nio-2223-exec-1][ INFO][product-service][session-id=][parentSpanId=][traceId=][spanId=][spanExport=][o.a.c.c.C.[.[localhost].[/product]::173::log] -- Initializing Spring DispatcherServlet 'dispatcherServlet'
07-12-2022 23:48:32.088[http-nio-2223-exec-1][ INFO][product-service][session-id=][parentSpanId=][traceId=][spanId=][spanExport=][o.s.web.servlet.DispatcherServlet::525::initServletBean] -- Initializing Servlet 'dispatcherServlet'
07-12-2022 23:48:32.090[http-nio-2223-exec-1][ INFO][product-service][session-id=][parentSpanId=][traceId=][spanId=][spanExport=][o.s.web.servlet.DispatcherServlet::547::initServletBean] -- Completed initialization in 1 ms
07-12-2022 23:50:37.657[http-nio-2223-exec-2][ WARN][product-service][session-id=][parentSpanId=][traceId=][spanId=][spanExport=][o.s.w.s.m.s.DefaultHandlerExceptionResolver::207::logException] -- Resolved [org.springframework.web.HttpRequestMethodNotSupportedException: Request method 'GET' not supported]
07-12-2022 23:53:12.572[AsyncResolver-bootstrap-executor-0][ INFO][product-service][session-id=][parentSpanId=][traceId=][spanId=][spanExport=][c.n.d.s.r.aws.ConfigClusterResolver::43::getClusterEndpoints] -- Resolving eureka endpoints via configuration
07-12-2022 23:58:12.573[AsyncResolver-bootstrap-executor-0][ INFO][product-service][session-id=][parentSpanId=][traceId=][spanId=][spanExport=][c.n.d.s.r.aws.ConfigClusterResolver::43::getClusterEndpoints] -- Resolving eureka endpoints via configuration
08-12-2022 00:03:12.570[AsyncResolver-bootstrap-executor-0][ INFO][product-service][session-id=][parentSpanId=][traceId=][spanId=][spanExport=][c.n.d.s.r.aws.ConfigClusterResolver::43::getClusterEndpoints] -- Resolving eureka endpoints via configuration
08-12-2022 00:08:12.569[AsyncResolver-bootstrap-executor-0][ INFO][product-service][session-id=][parentSpanId=][traceId=][spanId=][spanExport=][c.n.d.s.r.aws.ConfigClusterResolver::43::getClusterEndpoints] -- Resolving eureka endpoints via configuration
08-12-2022 00:13:12.569[AsyncResolver-bootstrap-executor-0][ INFO][product-service][session-id=][parentSpanId=][traceId=][spanId=][spanExport=][c.n.d.s.r.aws.ConfigClusterResolver::43::getClusterEndpoints] -- Resolving eureka endpoints via configuration
08-12-2022 00:18:12.571[AsyncResolver-bootstrap-executor-0][ INFO][product-service][session-id=][parentSpanId=][traceId=][spanId=][spanExport=][c.n.d.s.r.aws.ConfigClusterResolver::43::getClusterEndpoints] -- Resolving eureka endpoints via configuration
08-12-2022 00:38:12.414[HikariPool-1 housekeeper][ WARN][product-service][session-id=][parentSpanId=][traceId=][spanId=][spanExport=][com.zaxxer.hikari.pool.HikariPool::788::run] -- HikariPool-1 - Thread starvation or clock leap detected (housekeeper delta=19m40s265ms).
08-12-2022 00:42:22.828[AsyncResolver-bootstrap-executor-0][ INFO][product-service][session-id=][parentSpanId=][traceId=][spanId=][spanExport=][c.n.d.s.r.aws.ConfigClusterResolver::43::getClusterEndpoints] -- Resolving eureka endpoints via configuration
08-12-2022 00:47:22.834[AsyncResolver-bootstrap-executor-0][ INFO][product-service][session-id=][parentSpanId=][traceId=][spanId=][spanExport=][c.n.d.s.r.aws.ConfigClusterResolver::43::getClusterEndpoints] -- Resolving eureka endpoints via configuration
08-12-2022 00:52:22.839[AsyncResolver-bootstrap-executor-0][ INFO][product-service][session-id=][parentSpanId=][traceId=][spanId=][spanExport=][c.n.d.s.r.aws.ConfigClusterResolver::43::getClusterEndpoints] -- Resolving eureka endpoints via configuration
08-12-2022 00:57:22.853[AsyncResolver-bootstrap-executor-0][ INFO][product-service][session-id=][parentSpanId=][traceId=][spanId=][spanExport=][c.n.d.s.r.aws.ConfigClusterResolver::43::getClusterEndpoints] -- Resolving eureka endpoints via configuration
08-12-2022 01:02:22.864[AsyncResolver-bootstrap-executor-0][ INFO][product-service][session-id=][parentSpanId=][traceId=][spanId=][spanExport=][c.n.d.s.r.aws.ConfigClusterResolver::43::getClusterEndpoints] -- Resolving eureka endpoints via configuration
08-12-2022 01:07:22.873[AsyncResolver-bootstrap-executor-0][ INFO][product-service][session-id=][parentSpanId=][traceId=][spanId=][spanExport=][c.n.d.s.r.aws.ConfigClusterResolver::43::getClusterEndpoints] -- Resolving eureka endpoints via configuration
08-12-2022 01:12:22.889[AsyncResolver-bootstrap-executor-0][ INFO][product-service][session-id=][parentSpanId=][traceId=][spanId=][spanExport=][c.n.d.s.r.aws.ConfigClusterResolver::43::getClusterEndpoints] -- Resolving eureka endpoints via configuration
